2021-05-08T07:40:07+00:00 CRITICAL Uncaught WC_Data_Exception: Invalid billing email address in /home/zopnow/public_html/wp-content/plugins/woocommerce/includes/abstracts/abstract-wc-data.php:810
Stack trace:
#0 /home/zopnow/public_html/wp-content/plugins/woocommerce/includes/class-wc-order.php(1121): WC_Data->error('order_invalid_b...', 'Invalid billing...')
#1 /home/zopnow/public_html/wp-content/plugins/woocommerce/includes/legacy/abstract-wc-legacy-order.php(337): WC_Order->set_billing_email('lalithanagaraj@...')
#2 /home/zopnow/public_html/wp-content/themes/zopnow/functions.php(2637): WC_Abstract_Legacy_Order->set_address(Array, 'billing')
#3 /home/zopnow/public_html/wp-includes/class-wp-hook.php(287): submited_ajax_order_data('')
#4 /home/zopnow/public_html/wp-includes/class-wp-hook.php(311): WP_Hook->apply_filters('', Array)
#5 /home/zopnow/public_html/wp-includes/plugin.php(478): WP_Hook->do_action(Array)
#6 /home/zopnow/public_html/wp-admin/admin-ajax.php(190): do_action('wp_ajax_nopriv_...')
#7 {main}
  thrown in /home/zopnow/public_html/wp-content/plugins/woocommerce/includes/abstracts/abstract-wc-data.php on line 810

2021-05-08T08:09:52+00:00 CRITICAL Uncaught WC_Data_Exception: Invalid billing email address in /home/zopnow/public_html/wp-content/plugins/woocommerce/includes/abstracts/abstract-wc-data.php:810
Stack trace:
#0 /home/zopnow/public_html/wp-content/plugins/woocommerce/includes/class-wc-order.php(1121): WC_Data->error('order_invalid_b...', 'Invalid billing...')
#1 /home/zopnow/public_html/wp-content/plugins/woocommerce/includes/legacy/abstract-wc-legacy-order.php(337): WC_Order->set_billing_email('insurance corne...')
#2 /home/zopnow/public_html/wp-content/themes/zopnow/functions.php(2637): WC_Abstract_Legacy_Order->set_address(Array, 'billing')
#3 /home/zopnow/public_html/wp-includes/class-wp-hook.php(287): submited_ajax_order_data('')
#4 /home/zopnow/public_html/wp-includes/class-wp-hook.php(311): WP_Hook->apply_filters('', Array)
#5 /home/zopnow/public_html/wp-includes/plugin.php(478): WP_Hook->do_action(Array)
#6 /home/zopnow/public_html/wp-admin/admin-ajax.php(190): do_action('wp_ajax_nopriv_...')
#7 {main}
  thrown in /home/zopnow/public_html/wp-content/plugins/woocommerce/includes/abstracts/abstract-wc-data.php on line 810

2021-05-08T08:10:52+00:00 CRITICAL Uncaught WC_Data_Exception: Invalid billing email address in /home/zopnow/public_html/wp-content/plugins/woocommerce/includes/abstracts/abstract-wc-data.php:810
Stack trace:
#0 /home/zopnow/public_html/wp-content/plugins/woocommerce/includes/class-wc-order.php(1121): WC_Data->error('order_invalid_b...', 'Invalid billing...')
#1 /home/zopnow/public_html/wp-content/plugins/woocommerce/includes/legacy/abstract-wc-legacy-order.php(337): WC_Order->set_billing_email('insurance corne...')
#2 /home/zopnow/public_html/wp-content/themes/zopnow/functions.php(2637): WC_Abstract_Legacy_Order->set_address(Array, 'billing')
#3 /home/zopnow/public_html/wp-includes/class-wp-hook.php(287): submited_ajax_order_data('')
#4 /home/zopnow/public_html/wp-includes/class-wp-hook.php(311): WP_Hook->apply_filters('', Array)
#5 /home/zopnow/public_html/wp-includes/plugin.php(478): WP_Hook->do_action(Array)
#6 /home/zopnow/public_html/wp-admin/admin-ajax.php(190): do_action('wp_ajax_nopriv_...')
#7 {main}
  thrown in /home/zopnow/public_html/wp-content/plugins/woocommerce/includes/abstracts/abstract-wc-data.php on line 810

2021-05-08T08:14:26+00:00 CRITICAL Uncaught WC_Data_Exception: Invalid billing email address in /home/zopnow/public_html/wp-content/plugins/woocommerce/includes/abstracts/abstract-wc-data.php:810
Stack trace:
#0 /home/zopnow/public_html/wp-content/plugins/woocommerce/includes/class-wc-order.php(1121): WC_Data->error('order_invalid_b...', 'Invalid billing...')
#1 /home/zopnow/public_html/wp-content/plugins/woocommerce/includes/legacy/abstract-wc-legacy-order.php(337): WC_Order->set_billing_email('insurance corne...')
#2 /home/zopnow/public_html/wp-content/themes/zopnow/functions.php(2637): WC_Abstract_Legacy_Order->set_address(Array, 'billing')
#3 /home/zopnow/public_html/wp-includes/class-wp-hook.php(287): submited_ajax_order_data('')
#4 /home/zopnow/public_html/wp-includes/class-wp-hook.php(311): WP_Hook->apply_filters('', Array)
#5 /home/zopnow/public_html/wp-includes/plugin.php(478): WP_Hook->do_action(Array)
#6 /home/zopnow/public_html/wp-admin/admin-ajax.php(190): do_action('wp_ajax_nopriv_...')
#7 {main}
  thrown in /home/zopnow/public_html/wp-content/plugins/woocommerce/includes/abstracts/abstract-wc-data.php on line 810

2021-05-08T08:14:27+00:00 CRITICAL Uncaught WC_Data_Exception: Invalid billing email address in /home/zopnow/public_html/wp-content/plugins/woocommerce/includes/abstracts/abstract-wc-data.php:810
Stack trace:
#0 /home/zopnow/public_html/wp-content/plugins/woocommerce/includes/class-wc-order.php(1121): WC_Data->error('order_invalid_b...', 'Invalid billing...')
#1 /home/zopnow/public_html/wp-content/plugins/woocommerce/includes/legacy/abstract-wc-legacy-order.php(337): WC_Order->set_billing_email('insurance corne...')
#2 /home/zopnow/public_html/wp-content/themes/zopnow/functions.php(2637): WC_Abstract_Legacy_Order->set_address(Array, 'billing')
#3 /home/zopnow/public_html/wp-includes/class-wp-hook.php(287): submited_ajax_order_data('')
#4 /home/zopnow/public_html/wp-includes/class-wp-hook.php(311): WP_Hook->apply_filters('', Array)
#5 /home/zopnow/public_html/wp-includes/plugin.php(478): WP_Hook->do_action(Array)
#6 /home/zopnow/public_html/wp-admin/admin-ajax.php(190): do_action('wp_ajax_nopriv_...')
#7 {main}
  thrown in /home/zopnow/public_html/wp-content/plugins/woocommerce/includes/abstracts/abstract-wc-data.php on line 810

2021-05-08T08:14:30+00:00 CRITICAL Uncaught WC_Data_Exception: Invalid billing email address in /home/zopnow/public_html/wp-content/plugins/woocommerce/includes/abstracts/abstract-wc-data.php:810
Stack trace:
#0 /home/zopnow/public_html/wp-content/plugins/woocommerce/includes/class-wc-order.php(1121): WC_Data->error('order_invalid_b...', 'Invalid billing...')
#1 /home/zopnow/public_html/wp-content/plugins/woocommerce/includes/legacy/abstract-wc-legacy-order.php(337): WC_Order->set_billing_email('insurance corne...')
#2 /home/zopnow/public_html/wp-content/themes/zopnow/functions.php(2637): WC_Abstract_Legacy_Order->set_address(Array, 'billing')
#3 /home/zopnow/public_html/wp-includes/class-wp-hook.php(287): submited_ajax_order_data('')
#4 /home/zopnow/public_html/wp-includes/class-wp-hook.php(311): WP_Hook->apply_filters('', Array)
#5 /home/zopnow/public_html/wp-includes/plugin.php(478): WP_Hook->do_action(Array)
#6 /home/zopnow/public_html/wp-admin/admin-ajax.php(190): do_action('wp_ajax_nopriv_...')
#7 {main}
  thrown in /home/zopnow/public_html/wp-content/plugins/woocommerce/includes/abstracts/abstract-wc-data.php on line 810

2021-05-08T08:14:37+00:00 CRITICAL Uncaught WC_Data_Exception: Invalid billing email address in /home/zopnow/public_html/wp-content/plugins/woocommerce/includes/abstracts/abstract-wc-data.php:810
Stack trace:
#0 /home/zopnow/public_html/wp-content/plugins/woocommerce/includes/class-wc-order.php(1121): WC_Data->error('order_invalid_b...', 'Invalid billing...')
#1 /home/zopnow/public_html/wp-content/plugins/woocommerce/includes/legacy/abstract-wc-legacy-order.php(337): WC_Order->set_billing_email('insurance corne...')
#2 /home/zopnow/public_html/wp-content/themes/zopnow/functions.php(2637): WC_Abstract_Legacy_Order->set_address(Array, 'billing')
#3 /home/zopnow/public_html/wp-includes/class-wp-hook.php(287): submited_ajax_order_data('')
#4 /home/zopnow/public_html/wp-includes/class-wp-hook.php(311): WP_Hook->apply_filters('', Array)
#5 /home/zopnow/public_html/wp-includes/plugin.php(478): WP_Hook->do_action(Array)
#6 /home/zopnow/public_html/wp-admin/admin-ajax.php(190): do_action('wp_ajax_nopriv_...')
#7 {main}
  thrown in /home/zopnow/public_html/wp-content/plugins/woocommerce/includes/abstracts/abstract-wc-data.php on line 810

2021-05-08T08:14:38+00:00 CRITICAL Uncaught WC_Data_Exception: Invalid billing email address in /home/zopnow/public_html/wp-content/plugins/woocommerce/includes/abstracts/abstract-wc-data.php:810
Stack trace:
#0 /home/zopnow/public_html/wp-content/plugins/woocommerce/includes/class-wc-order.php(1121): WC_Data->error('order_invalid_b...', 'Invalid billing...')
#1 /home/zopnow/public_html/wp-content/plugins/woocommerce/includes/legacy/abstract-wc-legacy-order.php(337): WC_Order->set_billing_email('insurance corne...')
#2 /home/zopnow/public_html/wp-content/themes/zopnow/functions.php(2637): WC_Abstract_Legacy_Order->set_address(Array, 'billing')
#3 /home/zopnow/public_html/wp-includes/class-wp-hook.php(287): submited_ajax_order_data('')
#4 /home/zopnow/public_html/wp-includes/class-wp-hook.php(311): WP_Hook->apply_filters('', Array)
#5 /home/zopnow/public_html/wp-includes/plugin.php(478): WP_Hook->do_action(Array)
#6 /home/zopnow/public_html/wp-admin/admin-ajax.php(190): do_action('wp_ajax_nopriv_...')
#7 {main}
  thrown in /home/zopnow/public_html/wp-content/plugins/woocommerce/includes/abstracts/abstract-wc-data.php on line 810

2021-05-08T08:14:47+00:00 CRITICAL Uncaught WC_Data_Exception: Invalid billing email address in /home/zopnow/public_html/wp-content/plugins/woocommerce/includes/abstracts/abstract-wc-data.php:810
Stack trace:
#0 /home/zopnow/public_html/wp-content/plugins/woocommerce/includes/class-wc-order.php(1121): WC_Data->error('order_invalid_b...', 'Invalid billing...')
#1 /home/zopnow/public_html/wp-content/plugins/woocommerce/includes/legacy/abstract-wc-legacy-order.php(337): WC_Order->set_billing_email('insurance corne...')
#2 /home/zopnow/public_html/wp-content/themes/zopnow/functions.php(2637): WC_Abstract_Legacy_Order->set_address(Array, 'billing')
#3 /home/zopnow/public_html/wp-includes/class-wp-hook.php(287): submited_ajax_order_data('')
#4 /home/zopnow/public_html/wp-includes/class-wp-hook.php(311): WP_Hook->apply_filters('', Array)
#5 /home/zopnow/public_html/wp-includes/plugin.php(478): WP_Hook->do_action(Array)
#6 /home/zopnow/public_html/wp-admin/admin-ajax.php(190): do_action('wp_ajax_nopriv_...')
#7 {main}
  thrown in /home/zopnow/public_html/wp-content/plugins/woocommerce/includes/abstracts/abstract-wc-data.php on line 810

2021-05-08T08:14:47+00:00 CRITICAL Uncaught WC_Data_Exception: Invalid billing email address in /home/zopnow/public_html/wp-content/plugins/woocommerce/includes/abstracts/abstract-wc-data.php:810
Stack trace:
#0 /home/zopnow/public_html/wp-content/plugins/woocommerce/includes/class-wc-order.php(1121): WC_Data->error('order_invalid_b...', 'Invalid billing...')
#1 /home/zopnow/public_html/wp-content/plugins/woocommerce/includes/legacy/abstract-wc-legacy-order.php(337): WC_Order->set_billing_email('insurance corne...')
#2 /home/zopnow/public_html/wp-content/themes/zopnow/functions.php(2637): WC_Abstract_Legacy_Order->set_address(Array, 'billing')
#3 /home/zopnow/public_html/wp-includes/class-wp-hook.php(287): submited_ajax_order_data('')
#4 /home/zopnow/public_html/wp-includes/class-wp-hook.php(311): WP_Hook->apply_filters('', Array)
#5 /home/zopnow/public_html/wp-includes/plugin.php(478): WP_Hook->do_action(Array)
#6 /home/zopnow/public_html/wp-admin/admin-ajax.php(190): do_action('wp_ajax_nopriv_...')
#7 {main}
  thrown in /home/zopnow/public_html/wp-content/plugins/woocommerce/includes/abstracts/abstract-wc-data.php on line 810

2021-05-08T08:15:01+00:00 CRITICAL Uncaught WC_Data_Exception: Invalid billing email address in /home/zopnow/public_html/wp-content/plugins/woocommerce/includes/abstracts/abstract-wc-data.php:810
Stack trace:
#0 /home/zopnow/public_html/wp-content/plugins/woocommerce/includes/class-wc-order.php(1121): WC_Data->error('order_invalid_b...', 'Invalid billing...')
#1 /home/zopnow/public_html/wp-content/plugins/woocommerce/includes/legacy/abstract-wc-legacy-order.php(337): WC_Order->set_billing_email('insurance corne...')
#2 /home/zopnow/public_html/wp-content/themes/zopnow/functions.php(2637): WC_Abstract_Legacy_Order->set_address(Array, 'billing')
#3 /home/zopnow/public_html/wp-includes/class-wp-hook.php(287): submited_ajax_order_data('')
#4 /home/zopnow/public_html/wp-includes/class-wp-hook.php(311): WP_Hook->apply_filters('', Array)
#5 /home/zopnow/public_html/wp-includes/plugin.php(478): WP_Hook->do_action(Array)
#6 /home/zopnow/public_html/wp-admin/admin-ajax.php(190): do_action('wp_ajax_nopriv_...')
#7 {main}
  thrown in /home/zopnow/public_html/wp-content/plugins/woocommerce/includes/abstracts/abstract-wc-data.php on line 810

2021-05-08T08:15:02+00:00 CRITICAL Uncaught WC_Data_Exception: Invalid billing email address in /home/zopnow/public_html/wp-content/plugins/woocommerce/includes/abstracts/abstract-wc-data.php:810
Stack trace:
#0 /home/zopnow/public_html/wp-content/plugins/woocommerce/includes/class-wc-order.php(1121): WC_Data->error('order_invalid_b...', 'Invalid billing...')
#1 /home/zopnow/public_html/wp-content/plugins/woocommerce/includes/legacy/abstract-wc-legacy-order.php(337): WC_Order->set_billing_email('insurance corne...')
#2 /home/zopnow/public_html/wp-content/themes/zopnow/functions.php(2637): WC_Abstract_Legacy_Order->set_address(Array, 'billing')
#3 /home/zopnow/public_html/wp-includes/class-wp-hook.php(287): submited_ajax_order_data('')
#4 /home/zopnow/public_html/wp-includes/class-wp-hook.php(311): WP_Hook->apply_filters('', Array)
#5 /home/zopnow/public_html/wp-includes/plugin.php(478): WP_Hook->do_action(Array)
#6 /home/zopnow/public_html/wp-admin/admin-ajax.php(190): do_action('wp_ajax_nopriv_...')
#7 {main}
  thrown in /home/zopnow/public_html/wp-content/plugins/woocommerce/includes/abstracts/abstract-wc-data.php on line 810

2021-05-08T08:15:03+00:00 CRITICAL Uncaught WC_Data_Exception: Invalid billing email address in /home/zopnow/public_html/wp-content/plugins/woocommerce/includes/abstracts/abstract-wc-data.php:810
Stack trace:
#0 /home/zopnow/public_html/wp-content/plugins/woocommerce/includes/class-wc-order.php(1121): WC_Data->error('order_invalid_b...', 'Invalid billing...')
#1 /home/zopnow/public_html/wp-content/plugins/woocommerce/includes/legacy/abstract-wc-legacy-order.php(337): WC_Order->set_billing_email('insurance corne...')
#2 /home/zopnow/public_html/wp-content/themes/zopnow/functions.php(2637): WC_Abstract_Legacy_Order->set_address(Array, 'billing')
#3 /home/zopnow/public_html/wp-includes/class-wp-hook.php(287): submited_ajax_order_data('')
#4 /home/zopnow/public_html/wp-includes/class-wp-hook.php(311): WP_Hook->apply_filters('', Array)
#5 /home/zopnow/public_html/wp-includes/plugin.php(478): WP_Hook->do_action(Array)
#6 /home/zopnow/public_html/wp-admin/admin-ajax.php(190): do_action('wp_ajax_nopriv_...')
#7 {main}
  thrown in /home/zopnow/public_html/wp-content/plugins/woocommerce/includes/abstracts/abstract-wc-data.php on line 810

2021-05-08T08:15:15+00:00 CRITICAL Uncaught WC_Data_Exception: Invalid billing email address in /home/zopnow/public_html/wp-content/plugins/woocommerce/includes/abstracts/abstract-wc-data.php:810
Stack trace:
#0 /home/zopnow/public_html/wp-content/plugins/woocommerce/includes/class-wc-order.php(1121): WC_Data->error('order_invalid_b...', 'Invalid billing...')
#1 /home/zopnow/public_html/wp-content/plugins/woocommerce/includes/legacy/abstract-wc-legacy-order.php(337): WC_Order->set_billing_email('insurance corne...')
#2 /home/zopnow/public_html/wp-content/themes/zopnow/functions.php(2637): WC_Abstract_Legacy_Order->set_address(Array, 'billing')
#3 /home/zopnow/public_html/wp-includes/class-wp-hook.php(287): submited_ajax_order_data('')
#4 /home/zopnow/public_html/wp-includes/class-wp-hook.php(311): WP_Hook->apply_filters('', Array)
#5 /home/zopnow/public_html/wp-includes/plugin.php(478): WP_Hook->do_action(Array)
#6 /home/zopnow/public_html/wp-admin/admin-ajax.php(190): do_action('wp_ajax_nopriv_...')
#7 {main}
  thrown in /home/zopnow/public_html/wp-content/plugins/woocommerce/includes/abstracts/abstract-wc-data.php on line 810

2021-05-08T08:22:52+00:00 CRITICAL Uncaught WC_Data_Exception: Invalid billing email address in /home/zopnow/public_html/wp-content/plugins/woocommerce/includes/abstracts/abstract-wc-data.php:810
Stack trace:
#0 /home/zopnow/public_html/wp-content/plugins/woocommerce/includes/class-wc-order.php(1121): WC_Data->error('order_invalid_b...', 'Invalid billing...')
#1 /home/zopnow/public_html/wp-content/plugins/woocommerce/includes/legacy/abstract-wc-legacy-order.php(337): WC_Order->set_billing_email('raginivaram70.@...')
#2 /home/zopnow/public_html/wp-content/themes/zopnow/functions.php(2637): WC_Abstract_Legacy_Order->set_address(Array, 'billing')
#3 /home/zopnow/public_html/wp-includes/class-wp-hook.php(287): submited_ajax_order_data('')
#4 /home/zopnow/public_html/wp-includes/class-wp-hook.php(311): WP_Hook->apply_filters('', Array)
#5 /home/zopnow/public_html/wp-includes/plugin.php(478): WP_Hook->do_action(Array)
#6 /home/zopnow/public_html/wp-admin/admin-ajax.php(190): do_action('wp_ajax_nopriv_...')
#7 {main}
  thrown in /home/zopnow/public_html/wp-content/plugins/woocommerce/includes/abstracts/abstract-wc-data.php on line 810

2021-05-08T08:25:03+00:00 CRITICAL Uncaught WC_Data_Exception: Invalid billing email address in /home/zopnow/public_html/wp-content/plugins/woocommerce/includes/abstracts/abstract-wc-data.php:810
Stack trace:
#0 /home/zopnow/public_html/wp-content/plugins/woocommerce/includes/class-wc-order.php(1121): WC_Data->error('order_invalid_b...', 'Invalid billing...')
#1 /home/zopnow/public_html/wp-content/plugins/woocommerce/includes/legacy/abstract-wc-legacy-order.php(337): WC_Order->set_billing_email('raginivaram70.@...')
#2 /home/zopnow/public_html/wp-content/themes/zopnow/functions.php(2637): WC_Abstract_Legacy_Order->set_address(Array, 'billing')
#3 /home/zopnow/public_html/wp-includes/class-wp-hook.php(287): submited_ajax_order_data('')
#4 /home/zopnow/public_html/wp-includes/class-wp-hook.php(311): WP_Hook->apply_filters('', Array)
#5 /home/zopnow/public_html/wp-includes/plugin.php(478): WP_Hook->do_action(Array)
#6 /home/zopnow/public_html/wp-admin/admin-ajax.php(190): do_action('wp_ajax_nopriv_...')
#7 {main}
  thrown in /home/zopnow/public_html/wp-content/plugins/woocommerce/includes/abstracts/abstract-wc-data.php on line 810

2021-05-08T08:25:04+00:00 CRITICAL Uncaught WC_Data_Exception: Invalid billing email address in /home/zopnow/public_html/wp-content/plugins/woocommerce/includes/abstracts/abstract-wc-data.php:810
Stack trace:
#0 /home/zopnow/public_html/wp-content/plugins/woocommerce/includes/class-wc-order.php(1121): WC_Data->error('order_invalid_b...', 'Invalid billing...')
#1 /home/zopnow/public_html/wp-content/plugins/woocommerce/includes/legacy/abstract-wc-legacy-order.php(337): WC_Order->set_billing_email('raginivaram70.@...')
#2 /home/zopnow/public_html/wp-content/themes/zopnow/functions.php(2637): WC_Abstract_Legacy_Order->set_address(Array, 'billing')
#3 /home/zopnow/public_html/wp-includes/class-wp-hook.php(287): submited_ajax_order_data('')
#4 /home/zopnow/public_html/wp-includes/class-wp-hook.php(311): WP_Hook->apply_filters('', Array)
#5 /home/zopnow/public_html/wp-includes/plugin.php(478): WP_Hook->do_action(Array)
#6 /home/zopnow/public_html/wp-admin/admin-ajax.php(190): do_action('wp_ajax_nopriv_...')
#7 {main}
  thrown in /home/zopnow/public_html/wp-content/plugins/woocommerce/includes/abstracts/abstract-wc-data.php on line 810

2021-05-08T08:25:05+00:00 CRITICAL Uncaught WC_Data_Exception: Invalid billing email address in /home/zopnow/public_html/wp-content/plugins/woocommerce/includes/abstracts/abstract-wc-data.php:810
Stack trace:
#0 /home/zopnow/public_html/wp-content/plugins/woocommerce/includes/class-wc-order.php(1121): WC_Data->error('order_invalid_b...', 'Invalid billing...')
#1 /home/zopnow/public_html/wp-content/plugins/woocommerce/includes/legacy/abstract-wc-legacy-order.php(337): WC_Order->set_billing_email('raginivaram70.@...')
#2 /home/zopnow/public_html/wp-content/themes/zopnow/functions.php(2637): WC_Abstract_Legacy_Order->set_address(Array, 'billing')
#3 /home/zopnow/public_html/wp-includes/class-wp-hook.php(287): submited_ajax_order_data('')
#4 /home/zopnow/public_html/wp-includes/class-wp-hook.php(311): WP_Hook->apply_filters('', Array)
#5 /home/zopnow/public_html/wp-includes/plugin.php(478): WP_Hook->do_action(Array)
#6 /home/zopnow/public_html/wp-admin/admin-ajax.php(190): do_action('wp_ajax_nopriv_...')
#7 {main}
  thrown in /home/zopnow/public_html/wp-content/plugins/woocommerce/includes/abstracts/abstract-wc-data.php on line 810

2021-05-08T08:25:06+00:00 CRITICAL Uncaught WC_Data_Exception: Invalid billing email address in /home/zopnow/public_html/wp-content/plugins/woocommerce/includes/abstracts/abstract-wc-data.php:810
Stack trace:
#0 /home/zopnow/public_html/wp-content/plugins/woocommerce/includes/class-wc-order.php(1121): WC_Data->error('order_invalid_b...', 'Invalid billing...')
#1 /home/zopnow/public_html/wp-content/plugins/woocommerce/includes/legacy/abstract-wc-legacy-order.php(337): WC_Order->set_billing_email('raginivaram70.@...')
#2 /home/zopnow/public_html/wp-content/themes/zopnow/functions.php(2637): WC_Abstract_Legacy_Order->set_address(Array, 'billing')
#3 /home/zopnow/public_html/wp-includes/class-wp-hook.php(287): submited_ajax_order_data('')
#4 /home/zopnow/public_html/wp-includes/class-wp-hook.php(311): WP_Hook->apply_filters('', Array)
#5 /home/zopnow/public_html/wp-includes/plugin.php(478): WP_Hook->do_action(Array)
#6 /home/zopnow/public_html/wp-admin/admin-ajax.php(190): do_action('wp_ajax_nopriv_...')
#7 {main}
  thrown in /home/zopnow/public_html/wp-content/plugins/woocommerce/includes/abstracts/abstract-wc-data.php on line 810

2021-05-08T08:25:53+00:00 CRITICAL Uncaught WC_Data_Exception: Invalid billing email address in /home/zopnow/public_html/wp-content/plugins/woocommerce/includes/abstracts/abstract-wc-data.php:810
Stack trace:
#0 /home/zopnow/public_html/wp-content/plugins/woocommerce/includes/class-wc-order.php(1121): WC_Data->error('order_invalid_b...', 'Invalid billing...')
#1 /home/zopnow/public_html/wp-content/plugins/woocommerce/includes/legacy/abstract-wc-legacy-order.php(337): WC_Order->set_billing_email('insurance corne...')
#2 /home/zopnow/public_html/wp-content/themes/zopnow/functions.php(2637): WC_Abstract_Legacy_Order->set_address(Array, 'billing')
#3 /home/zopnow/public_html/wp-includes/class-wp-hook.php(287): submited_ajax_order_data('')
#4 /home/zopnow/public_html/wp-includes/class-wp-hook.php(311): WP_Hook->apply_filters('', Array)
#5 /home/zopnow/public_html/wp-includes/plugin.php(478): WP_Hook->do_action(Array)
#6 /home/zopnow/public_html/wp-admin/admin-ajax.php(190): do_action('wp_ajax_nopriv_...')
#7 {main}
  thrown in /home/zopnow/public_html/wp-content/plugins/woocommerce/includes/abstracts/abstract-wc-data.php on line 810

2021-05-08T08:26:58+00:00 CRITICAL Uncaught WC_Data_Exception: Invalid billing email address in /home/zopnow/public_html/wp-content/plugins/woocommerce/includes/abstracts/abstract-wc-data.php:810
Stack trace:
#0 /home/zopnow/public_html/wp-content/plugins/woocommerce/includes/class-wc-order.php(1121): WC_Data->error('order_invalid_b...', 'Invalid billing...')
#1 /home/zopnow/public_html/wp-content/plugins/woocommerce/includes/legacy/abstract-wc-legacy-order.php(337): WC_Order->set_billing_email('raginivaram70.@...')
#2 /home/zopnow/public_html/wp-content/themes/zopnow/functions.php(2637): WC_Abstract_Legacy_Order->set_address(Array, 'billing')
#3 /home/zopnow/public_html/wp-includes/class-wp-hook.php(287): submited_ajax_order_data('')
#4 /home/zopnow/public_html/wp-includes/class-wp-hook.php(311): WP_Hook->apply_filters('', Array)
#5 /home/zopnow/public_html/wp-includes/plugin.php(478): WP_Hook->do_action(Array)
#6 /home/zopnow/public_html/wp-admin/admin-ajax.php(190): do_action('wp_ajax_nopriv_...')
#7 {main}
  thrown in /home/zopnow/public_html/wp-content/plugins/woocommerce/includes/abstracts/abstract-wc-data.php on line 810

2021-05-08T08:35:21+00:00 CRITICAL Uncaught WC_Data_Exception: Invalid billing email address in /home/zopnow/public_html/wp-content/plugins/woocommerce/includes/abstracts/abstract-wc-data.php:810
Stack trace:
#0 /home/zopnow/public_html/wp-content/plugins/woocommerce/includes/class-wc-order.php(1121): WC_Data->error('order_invalid_b...', 'Invalid billing...')
#1 /home/zopnow/public_html/wp-content/plugins/woocommerce/includes/legacy/abstract-wc-legacy-order.php(337): WC_Order->set_billing_email('insurance corne...')
#2 /home/zopnow/public_html/wp-content/themes/zopnow/functions.php(2637): WC_Abstract_Legacy_Order->set_address(Array, 'billing')
#3 /home/zopnow/public_html/wp-includes/class-wp-hook.php(287): submited_ajax_order_data('')
#4 /home/zopnow/public_html/wp-includes/class-wp-hook.php(311): WP_Hook->apply_filters('', Array)
#5 /home/zopnow/public_html/wp-includes/plugin.php(478): WP_Hook->do_action(Array)
#6 /home/zopnow/public_html/wp-admin/admin-ajax.php(190): do_action('wp_ajax_nopriv_...')
#7 {main}
  thrown in /home/zopnow/public_html/wp-content/plugins/woocommerce/includes/abstracts/abstract-wc-data.php on line 810

2021-05-08T08:36:03+00:00 CRITICAL Uncaught WC_Data_Exception: Invalid billing email address in /home/zopnow/public_html/wp-content/plugins/woocommerce/includes/abstracts/abstract-wc-data.php:810
Stack trace:
#0 /home/zopnow/public_html/wp-content/plugins/woocommerce/includes/class-wc-order.php(1121): WC_Data->error('order_invalid_b...', 'Invalid billing...')
#1 /home/zopnow/public_html/wp-content/plugins/woocommerce/includes/legacy/abstract-wc-legacy-order.php(337): WC_Order->set_billing_email('insurance corne...')
#2 /home/zopnow/public_html/wp-content/themes/zopnow/functions.php(2637): WC_Abstract_Legacy_Order->set_address(Array, 'billing')
#3 /home/zopnow/public_html/wp-includes/class-wp-hook.php(287): submited_ajax_order_data('')
#4 /home/zopnow/public_html/wp-includes/class-wp-hook.php(311): WP_Hook->apply_filters('', Array)
#5 /home/zopnow/public_html/wp-includes/plugin.php(478): WP_Hook->do_action(Array)
#6 /home/zopnow/public_html/wp-admin/admin-ajax.php(190): do_action('wp_ajax_nopriv_...')
#7 {main}
  thrown in /home/zopnow/public_html/wp-content/plugins/woocommerce/includes/abstracts/abstract-wc-data.php on line 810

2021-05-08T08:37:32+00:00 CRITICAL Uncaught WC_Data_Exception: Invalid billing email address in /home/zopnow/public_html/wp-content/plugins/woocommerce/includes/abstracts/abstract-wc-data.php:810
Stack trace:
#0 /home/zopnow/public_html/wp-content/plugins/woocommerce/includes/class-wc-order.php(1121): WC_Data->error('order_invalid_b...', 'Invalid billing...')
#1 /home/zopnow/public_html/wp-content/plugins/woocommerce/includes/legacy/abstract-wc-legacy-order.php(337): WC_Order->set_billing_email('insurance corne...')
#2 /home/zopnow/public_html/wp-content/themes/zopnow/functions.php(2637): WC_Abstract_Legacy_Order->set_address(Array, 'billing')
#3 /home/zopnow/public_html/wp-includes/class-wp-hook.php(287): submited_ajax_order_data('')
#4 /home/zopnow/public_html/wp-includes/class-wp-hook.php(311): WP_Hook->apply_filters('', Array)
#5 /home/zopnow/public_html/wp-includes/plugin.php(478): WP_Hook->do_action(Array)
#6 /home/zopnow/public_html/wp-admin/admin-ajax.php(190): do_action('wp_ajax_nopriv_...')
#7 {main}
  thrown in /home/zopnow/public_html/wp-content/plugins/woocommerce/includes/abstracts/abstract-wc-data.php on line 810

2021-05-08T08:44:50+00:00 CRITICAL Uncaught WC_Data_Exception: Invalid billing email address in /home/zopnow/public_html/wp-content/plugins/woocommerce/includes/abstracts/abstract-wc-data.php:810
Stack trace:
#0 /home/zopnow/public_html/wp-content/plugins/woocommerce/includes/class-wc-order.php(1121): WC_Data->error('order_invalid_b...', 'Invalid billing...')
#1 /home/zopnow/public_html/wp-content/plugins/woocommerce/includes/legacy/abstract-wc-legacy-order.php(337): WC_Order->set_billing_email('insurance corne...')
#2 /home/zopnow/public_html/wp-content/themes/zopnow/functions.php(2637): WC_Abstract_Legacy_Order->set_address(Array, 'billing')
#3 /home/zopnow/public_html/wp-includes/class-wp-hook.php(287): submited_ajax_order_data('')
#4 /home/zopnow/public_html/wp-includes/class-wp-hook.php(311): WP_Hook->apply_filters('', Array)
#5 /home/zopnow/public_html/wp-includes/plugin.php(478): WP_Hook->do_action(Array)
#6 /home/zopnow/public_html/wp-admin/admin-ajax.php(190): do_action('wp_ajax_nopriv_...')
#7 {main}
  thrown in /home/zopnow/public_html/wp-content/plugins/woocommerce/includes/abstracts/abstract-wc-data.php on line 810

2021-05-08T08:48:47+00:00 CRITICAL Uncaught Error: Call to a member function is_type() on bool in /home/zopnow/public_html/wp-content/themes/zopnow/functions.php:1359
Stack trace:
#0 /home/zopnow/public_html/wp-includes/class-wp-hook.php(287): action_on_change_variant_dropdown('')
#1 /home/zopnow/public_html/wp-includes/class-wp-hook.php(311): WP_Hook->apply_filters('', Array)
#2 /home/zopnow/public_html/wp-includes/plugin.php(478): WP_Hook->do_action(Array)
#3 /home/zopnow/public_html/wp-admin/admin-ajax.php(190): do_action('wp_ajax_nopriv_...')
#4 {main}
  thrown in /home/zopnow/public_html/wp-content/themes/zopnow/functions.php on line 1359

2021-05-08T08:49:18+00:00 CRITICAL Uncaught Error: Call to a member function is_type() on bool in /home/zopnow/public_html/wp-content/themes/zopnow/functions.php:1359
Stack trace:
#0 /home/zopnow/public_html/wp-includes/class-wp-hook.php(287): action_on_change_variant_dropdown('')
#1 /home/zopnow/public_html/wp-includes/class-wp-hook.php(311): WP_Hook->apply_filters('', Array)
#2 /home/zopnow/public_html/wp-includes/plugin.php(478): WP_Hook->do_action(Array)
#3 /home/zopnow/public_html/wp-admin/admin-ajax.php(190): do_action('wp_ajax_nopriv_...')
#4 {main}
  thrown in /home/zopnow/public_html/wp-content/themes/zopnow/functions.php on line 1359

2021-05-08T08:49:23+00:00 CRITICAL Uncaught Error: Call to a member function is_type() on bool in /home/zopnow/public_html/wp-content/themes/zopnow/functions.php:1359
Stack trace:
#0 /home/zopnow/public_html/wp-includes/class-wp-hook.php(287): action_on_change_variant_dropdown('')
#1 /home/zopnow/public_html/wp-includes/class-wp-hook.php(311): WP_Hook->apply_filters('', Array)
#2 /home/zopnow/public_html/wp-includes/plugin.php(478): WP_Hook->do_action(Array)
#3 /home/zopnow/public_html/wp-admin/admin-ajax.php(190): do_action('wp_ajax_nopriv_...')
#4 {main}
  thrown in /home/zopnow/public_html/wp-content/themes/zopnow/functions.php on line 1359

2021-05-08T08:49:25+00:00 CRITICAL Uncaught Error: Call to a member function is_type() on bool in /home/zopnow/public_html/wp-content/themes/zopnow/functions.php:1359
Stack trace:
#0 /home/zopnow/public_html/wp-includes/class-wp-hook.php(287): action_on_change_variant_dropdown('')
#1 /home/zopnow/public_html/wp-includes/class-wp-hook.php(311): WP_Hook->apply_filters('', Array)
#2 /home/zopnow/public_html/wp-includes/plugin.php(478): WP_Hook->do_action(Array)
#3 /home/zopnow/public_html/wp-admin/admin-ajax.php(190): do_action('wp_ajax_nopriv_...')
#4 {main}
  thrown in /home/zopnow/public_html/wp-content/themes/zopnow/functions.php on line 1359

2021-05-08T08:49:48+00:00 CRITICAL Uncaught Error: Call to a member function is_type() on bool in /home/zopnow/public_html/wp-content/themes/zopnow/functions.php:1359
Stack trace:
#0 /home/zopnow/public_html/wp-includes/class-wp-hook.php(287): action_on_change_variant_dropdown('')
#1 /home/zopnow/public_html/wp-includes/class-wp-hook.php(311): WP_Hook->apply_filters('', Array)
#2 /home/zopnow/public_html/wp-includes/plugin.php(478): WP_Hook->do_action(Array)
#3 /home/zopnow/public_html/wp-admin/admin-ajax.php(190): do_action('wp_ajax_nopriv_...')
#4 {main}
  thrown in /home/zopnow/public_html/wp-content/themes/zopnow/functions.php on line 1359

2021-05-08T08:51:25+00:00 CRITICAL Uncaught Error: Call to a member function is_type() on bool in /home/zopnow/public_html/wp-content/themes/zopnow/functions.php:1359
Stack trace:
#0 /home/zopnow/public_html/wp-includes/class-wp-hook.php(287): action_on_change_variant_dropdown('')
#1 /home/zopnow/public_html/wp-includes/class-wp-hook.php(311): WP_Hook->apply_filters('', Array)
#2 /home/zopnow/public_html/wp-includes/plugin.php(478): WP_Hook->do_action(Array)
#3 /home/zopnow/public_html/wp-admin/admin-ajax.php(190): do_action('wp_ajax_nopriv_...')
#4 {main}
  thrown in /home/zopnow/public_html/wp-content/themes/zopnow/functions.php on line 1359

2021-05-08T08:51:53+00:00 CRITICAL Uncaught Error: Call to a member function is_type() on bool in /home/zopnow/public_html/wp-content/themes/zopnow/functions.php:1359
Stack trace:
#0 /home/zopnow/public_html/wp-includes/class-wp-hook.php(287): action_on_change_variant_dropdown('')
#1 /home/zopnow/public_html/wp-includes/class-wp-hook.php(311): WP_Hook->apply_filters('', Array)
#2 /home/zopnow/public_html/wp-includes/plugin.php(478): WP_Hook->do_action(Array)
#3 /home/zopnow/public_html/wp-admin/admin-ajax.php(190): do_action('wp_ajax_nopriv_...')
#4 {main}
  thrown in /home/zopnow/public_html/wp-content/themes/zopnow/functions.php on line 1359

2021-05-08T08:51:59+00:00 CRITICAL Uncaught Error: Call to a member function is_type() on bool in /home/zopnow/public_html/wp-content/themes/zopnow/functions.php:1359
Stack trace:
#0 /home/zopnow/public_html/wp-includes/class-wp-hook.php(287): action_on_change_variant_dropdown('')
#1 /home/zopnow/public_html/wp-includes/class-wp-hook.php(311): WP_Hook->apply_filters('', Array)
#2 /home/zopnow/public_html/wp-includes/plugin.php(478): WP_Hook->do_action(Array)
#3 /home/zopnow/public_html/wp-admin/admin-ajax.php(190): do_action('wp_ajax_nopriv_...')
#4 {main}
  thrown in /home/zopnow/public_html/wp-content/themes/zopnow/functions.php on line 1359

2021-05-08T08:52:01+00:00 CRITICAL Uncaught Error: Call to a member function is_type() on bool in /home/zopnow/public_html/wp-content/themes/zopnow/functions.php:1359
Stack trace:
#0 /home/zopnow/public_html/wp-includes/class-wp-hook.php(287): action_on_change_variant_dropdown('')
#1 /home/zopnow/public_html/wp-includes/class-wp-hook.php(311): WP_Hook->apply_filters('', Array)
#2 /home/zopnow/public_html/wp-includes/plugin.php(478): WP_Hook->do_action(Array)
#3 /home/zopnow/public_html/wp-admin/admin-ajax.php(190): do_action('wp_ajax_nopriv_...')
#4 {main}
  thrown in /home/zopnow/public_html/wp-content/themes/zopnow/functions.php on line 1359

2021-05-08T09:06:11+00:00 CRITICAL Uncaught Error: Call to a member function is_type() on bool in /home/zopnow/public_html/wp-content/themes/zopnow/functions.php:1359
Stack trace:
#0 /home/zopnow/public_html/wp-includes/class-wp-hook.php(287): action_on_change_variant_dropdown('')
#1 /home/zopnow/public_html/wp-includes/class-wp-hook.php(311): WP_Hook->apply_filters('', Array)
#2 /home/zopnow/public_html/wp-includes/plugin.php(478): WP_Hook->do_action(Array)
#3 /home/zopnow/public_html/wp-admin/admin-ajax.php(190): do_action('wp_ajax_nopriv_...')
#4 {main}
  thrown in /home/zopnow/public_html/wp-content/themes/zopnow/functions.php on line 1359

2021-05-08T10:18:46+00:00 CRITICAL Uncaught WC_Data_Exception: Invalid billing email address in /home/zopnow/public_html/wp-content/plugins/woocommerce/includes/abstracts/abstract-wc-data.php:810
Stack trace:
#0 /home/zopnow/public_html/wp-content/plugins/woocommerce/includes/class-wc-order.php(1121): WC_Data->error('order_invalid_b...', 'Invalid billing...')
#1 /home/zopnow/public_html/wp-content/plugins/woocommerce/includes/legacy/abstract-wc-legacy-order.php(337): WC_Order->set_billing_email('insurance.corne...')
#2 /home/zopnow/public_html/wp-content/themes/zopnow/functions.php(2637): WC_Abstract_Legacy_Order->set_address(Array, 'billing')
#3 /home/zopnow/public_html/wp-includes/class-wp-hook.php(287): submited_ajax_order_data('')
#4 /home/zopnow/public_html/wp-includes/class-wp-hook.php(311): WP_Hook->apply_filters('', Array)
#5 /home/zopnow/public_html/wp-includes/plugin.php(478): WP_Hook->do_action(Array)
#6 /home/zopnow/public_html/wp-admin/admin-ajax.php(190): do_action('wp_ajax_nopriv_...')
#7 {main}
  thrown in /home/zopnow/public_html/wp-content/plugins/woocommerce/includes/abstracts/abstract-wc-data.php on line 810

2021-05-08T10:20:45+00:00 CRITICAL Uncaught WC_Data_Exception: Invalid billing email address in /home/zopnow/public_html/wp-content/plugins/woocommerce/includes/abstracts/abstract-wc-data.php:810
Stack trace:
#0 /home/zopnow/public_html/wp-content/plugins/woocommerce/includes/class-wc-order.php(1121): WC_Data->error('order_invalid_b...', 'Invalid billing...')
#1 /home/zopnow/public_html/wp-content/plugins/woocommerce/includes/legacy/abstract-wc-legacy-order.php(337): WC_Order->set_billing_email('insurance.corne...')
#2 /home/zopnow/public_html/wp-content/themes/zopnow/functions.php(2637): WC_Abstract_Legacy_Order->set_address(Array, 'billing')
#3 /home/zopnow/public_html/wp-includes/class-wp-hook.php(287): submited_ajax_order_data('')
#4 /home/zopnow/public_html/wp-includes/class-wp-hook.php(311): WP_Hook->apply_filters('', Array)
#5 /home/zopnow/public_html/wp-includes/plugin.php(478): WP_Hook->do_action(Array)
#6 /home/zopnow/public_html/wp-admin/admin-ajax.php(190): do_action('wp_ajax_nopriv_...')
#7 {main}
  thrown in /home/zopnow/public_html/wp-content/plugins/woocommerce/includes/abstracts/abstract-wc-data.php on line 810

2021-05-08T10:22:25+00:00 CRITICAL Uncaught WC_Data_Exception: Invalid billing email address in /home/zopnow/public_html/wp-content/plugins/woocommerce/includes/abstracts/abstract-wc-data.php:810
Stack trace:
#0 /home/zopnow/public_html/wp-content/plugins/woocommerce/includes/class-wc-order.php(1121): WC_Data->error('order_invalid_b...', 'Invalid billing...')
#1 /home/zopnow/public_html/wp-content/plugins/woocommerce/includes/legacy/abstract-wc-legacy-order.php(337): WC_Order->set_billing_email('insurance.corne...')
#2 /home/zopnow/public_html/wp-content/themes/zopnow/functions.php(2637): WC_Abstract_Legacy_Order->set_address(Array, 'billing')
#3 /home/zopnow/public_html/wp-includes/class-wp-hook.php(287): submited_ajax_order_data('')
#4 /home/zopnow/public_html/wp-includes/class-wp-hook.php(311): WP_Hook->apply_filters('', Array)
#5 /home/zopnow/public_html/wp-includes/plugin.php(478): WP_Hook->do_action(Array)
#6 /home/zopnow/public_html/wp-admin/admin-ajax.php(190): do_action('wp_ajax_nopriv_...')
#7 {main}
  thrown in /home/zopnow/public_html/wp-content/plugins/woocommerce/includes/abstracts/abstract-wc-data.php on line 810

2021-05-08T10:22:27+00:00 CRITICAL Uncaught WC_Data_Exception: Invalid billing email address in /home/zopnow/public_html/wp-content/plugins/woocommerce/includes/abstracts/abstract-wc-data.php:810
Stack trace:
#0 /home/zopnow/public_html/wp-content/plugins/woocommerce/includes/class-wc-order.php(1121): WC_Data->error('order_invalid_b...', 'Invalid billing...')
#1 /home/zopnow/public_html/wp-content/plugins/woocommerce/includes/legacy/abstract-wc-legacy-order.php(337): WC_Order->set_billing_email('insurance.corne...')
#2 /home/zopnow/public_html/wp-content/themes/zopnow/functions.php(2637): WC_Abstract_Legacy_Order->set_address(Array, 'billing')
#3 /home/zopnow/public_html/wp-includes/class-wp-hook.php(287): submited_ajax_order_data('')
#4 /home/zopnow/public_html/wp-includes/class-wp-hook.php(311): WP_Hook->apply_filters('', Array)
#5 /home/zopnow/public_html/wp-includes/plugin.php(478): WP_Hook->do_action(Array)
#6 /home/zopnow/public_html/wp-admin/admin-ajax.php(190): do_action('wp_ajax_nopriv_...')
#7 {main}
  thrown in /home/zopnow/public_html/wp-content/plugins/woocommerce/includes/abstracts/abstract-wc-data.php on line 810

2021-05-08T14:08:16+00:00 CRITICAL Uncaught WC_Data_Exception: Invalid billing email address in /home/zopnow/public_html/wp-content/plugins/woocommerce/includes/abstracts/abstract-wc-data.php:810
Stack trace:
#0 /home/zopnow/public_html/wp-content/plugins/woocommerce/includes/class-wc-order.php(1121): WC_Data->error('order_invalid_b...', 'Invalid billing...')
#1 /home/zopnow/public_html/wp-content/plugins/woocommerce/includes/legacy/abstract-wc-legacy-order.php(337): WC_Order->set_billing_email('rashmitripathi ...')
#2 /home/zopnow/public_html/wp-content/themes/zopnow/functions.php(2637): WC_Abstract_Legacy_Order->set_address(Array, 'billing')
#3 /home/zopnow/public_html/wp-includes/class-wp-hook.php(287): submited_ajax_order_data('')
#4 /home/zopnow/public_html/wp-includes/class-wp-hook.php(311): WP_Hook->apply_filters('', Array)
#5 /home/zopnow/public_html/wp-includes/plugin.php(478): WP_Hook->do_action(Array)
#6 /home/zopnow/public_html/wp-admin/admin-ajax.php(190): do_action('wp_ajax_nopriv_...')
#7 {main}
  thrown in /home/zopnow/public_html/wp-content/plugins/woocommerce/includes/abstracts/abstract-wc-data.php on line 810

2021-05-08T14:09:46+00:00 CRITICAL Uncaught WC_Data_Exception: Invalid billing email address in /home/zopnow/public_html/wp-content/plugins/woocommerce/includes/abstracts/abstract-wc-data.php:810
Stack trace:
#0 /home/zopnow/public_html/wp-content/plugins/woocommerce/includes/class-wc-order.php(1121): WC_Data->error('order_invalid_b...', 'Invalid billing...')
#1 /home/zopnow/public_html/wp-content/plugins/woocommerce/includes/legacy/abstract-wc-legacy-order.php(337): WC_Order->set_billing_email('hbajiriya@gmail')
#2 /home/zopnow/public_html/wp-content/themes/zopnow/functions.php(2637): WC_Abstract_Legacy_Order->set_address(Array, 'billing')
#3 /home/zopnow/public_html/wp-includes/class-wp-hook.php(287): submited_ajax_order_data('')
#4 /home/zopnow/public_html/wp-includes/class-wp-hook.php(311): WP_Hook->apply_filters('', Array)
#5 /home/zopnow/public_html/wp-includes/plugin.php(478): WP_Hook->do_action(Array)
#6 /home/zopnow/public_html/wp-admin/admin-ajax.php(190): do_action('wp_ajax_nopriv_...')
#7 {main}
  thrown in /home/zopnow/public_html/wp-content/plugins/woocommerce/includes/abstracts/abstract-wc-data.php on line 810

2021-05-08T14:10:36+00:00 CRITICAL Uncaught WC_Data_Exception: Invalid billing email address in /home/zopnow/public_html/wp-content/plugins/woocommerce/includes/abstracts/abstract-wc-data.php:810
Stack trace:
#0 /home/zopnow/public_html/wp-content/plugins/woocommerce/includes/class-wc-order.php(1121): WC_Data->error('order_invalid_b...', 'Invalid billing...')
#1 /home/zopnow/public_html/wp-content/plugins/woocommerce/includes/legacy/abstract-wc-legacy-order.php(337): WC_Order->set_billing_email('hbajiriya@gmail')
#2 /home/zopnow/public_html/wp-content/themes/zopnow/functions.php(2637): WC_Abstract_Legacy_Order->set_address(Array, 'billing')
#3 /home/zopnow/public_html/wp-includes/class-wp-hook.php(287): submited_ajax_order_data('')
#4 /home/zopnow/public_html/wp-includes/class-wp-hook.php(311): WP_Hook->apply_filters('', Array)
#5 /home/zopnow/public_html/wp-includes/plugin.php(478): WP_Hook->do_action(Array)
#6 /home/zopnow/public_html/wp-admin/admin-ajax.php(190): do_action('wp_ajax_nopriv_...')
#7 {main}
  thrown in /home/zopnow/public_html/wp-content/plugins/woocommerce/includes/abstracts/abstract-wc-data.php on line 810

2021-05-08T14:11:54+00:00 CRITICAL Uncaught WC_Data_Exception: Invalid billing email address in /home/zopnow/public_html/wp-content/plugins/woocommerce/includes/abstracts/abstract-wc-data.php:810
Stack trace:
#0 /home/zopnow/public_html/wp-content/plugins/woocommerce/includes/class-wc-order.php(1121): WC_Data->error('order_invalid_b...', 'Invalid billing...')
#1 /home/zopnow/public_html/wp-content/plugins/woocommerce/includes/legacy/abstract-wc-legacy-order.php(337): WC_Order->set_billing_email('hbajiriya@gmail')
#2 /home/zopnow/public_html/wp-content/themes/zopnow/functions.php(2637): WC_Abstract_Legacy_Order->set_address(Array, 'billing')
#3 /home/zopnow/public_html/wp-includes/class-wp-hook.php(287): submited_ajax_order_data('')
#4 /home/zopnow/public_html/wp-includes/class-wp-hook.php(311): WP_Hook->apply_filters('', Array)
#5 /home/zopnow/public_html/wp-includes/plugin.php(478): WP_Hook->do_action(Array)
#6 /home/zopnow/public_html/wp-admin/admin-ajax.php(190): do_action('wp_ajax_nopriv_...')
#7 {main}
  thrown in /home/zopnow/public_html/wp-content/plugins/woocommerce/includes/abstracts/abstract-wc-data.php on line 810

2021-05-08T14:13:33+00:00 CRITICAL Uncaught WC_Data_Exception: Invalid billing email address in /home/zopnow/public_html/wp-content/plugins/woocommerce/includes/abstracts/abstract-wc-data.php:810
Stack trace:
#0 /home/zopnow/public_html/wp-content/plugins/woocommerce/includes/class-wc-order.php(1121): WC_Data->error('order_invalid_b...', 'Invalid billing...')
#1 /home/zopnow/public_html/wp-content/plugins/woocommerce/includes/legacy/abstract-wc-legacy-order.php(337): WC_Order->set_billing_email('hbajiriya@gmail')
#2 /home/zopnow/public_html/wp-content/themes/zopnow/functions.php(2637): WC_Abstract_Legacy_Order->set_address(Array, 'billing')
#3 /home/zopnow/public_html/wp-includes/class-wp-hook.php(287): submited_ajax_order_data('')
#4 /home/zopnow/public_html/wp-includes/class-wp-hook.php(311): WP_Hook->apply_filters('', Array)
#5 /home/zopnow/public_html/wp-includes/plugin.php(478): WP_Hook->do_action(Array)
#6 /home/zopnow/public_html/wp-admin/admin-ajax.php(190): do_action('wp_ajax_nopriv_...')
#7 {main}
  thrown in /home/zopnow/public_html/wp-content/plugins/woocommerce/includes/abstracts/abstract-wc-data.php on line 810

2021-05-08T14:13:37+00:00 CRITICAL Uncaught WC_Data_Exception: Invalid billing email address in /home/zopnow/public_html/wp-content/plugins/woocommerce/includes/abstracts/abstract-wc-data.php:810
Stack trace:
#0 /home/zopnow/public_html/wp-content/plugins/woocommerce/includes/class-wc-order.php(1121): WC_Data->error('order_invalid_b...', 'Invalid billing...')
#1 /home/zopnow/public_html/wp-content/plugins/woocommerce/includes/legacy/abstract-wc-legacy-order.php(337): WC_Order->set_billing_email('hbajiriya@gmail')
#2 /home/zopnow/public_html/wp-content/themes/zopnow/functions.php(2637): WC_Abstract_Legacy_Order->set_address(Array, 'billing')
#3 /home/zopnow/public_html/wp-includes/class-wp-hook.php(287): submited_ajax_order_data('')
#4 /home/zopnow/public_html/wp-includes/class-wp-hook.php(311): WP_Hook->apply_filters('', Array)
#5 /home/zopnow/public_html/wp-includes/plugin.php(478): WP_Hook->do_action(Array)
#6 /home/zopnow/public_html/wp-admin/admin-ajax.php(190): do_action('wp_ajax_nopriv_...')
#7 {main}
  thrown in /home/zopnow/public_html/wp-content/plugins/woocommerce/includes/abstracts/abstract-wc-data.php on line 810

2021-05-08T14:13:38+00:00 CRITICAL Uncaught WC_Data_Exception: Invalid billing email address in /home/zopnow/public_html/wp-content/plugins/woocommerce/includes/abstracts/abstract-wc-data.php:810
Stack trace:
#0 /home/zopnow/public_html/wp-content/plugins/woocommerce/includes/class-wc-order.php(1121): WC_Data->error('order_invalid_b...', 'Invalid billing...')
#1 /home/zopnow/public_html/wp-content/plugins/woocommerce/includes/legacy/abstract-wc-legacy-order.php(337): WC_Order->set_billing_email('hbajiriya@gmail')
#2 /home/zopnow/public_html/wp-content/themes/zopnow/functions.php(2637): WC_Abstract_Legacy_Order->set_address(Array, 'billing')
#3 /home/zopnow/public_html/wp-includes/class-wp-hook.php(287): submited_ajax_order_data('')
#4 /home/zopnow/public_html/wp-includes/class-wp-hook.php(311): WP_Hook->apply_filters('', Array)
#5 /home/zopnow/public_html/wp-includes/plugin.php(478): WP_Hook->do_action(Array)
#6 /home/zopnow/public_html/wp-admin/admin-ajax.php(190): do_action('wp_ajax_nopriv_...')
#7 {main}
  thrown in /home/zopnow/public_html/wp-content/plugins/woocommerce/includes/abstracts/abstract-wc-data.php on line 810

2021-05-08T14:13:47+00:00 CRITICAL Uncaught WC_Data_Exception: Invalid billing email address in /home/zopnow/public_html/wp-content/plugins/woocommerce/includes/abstracts/abstract-wc-data.php:810
Stack trace:
#0 /home/zopnow/public_html/wp-content/plugins/woocommerce/includes/class-wc-order.php(1121): WC_Data->error('order_invalid_b...', 'Invalid billing...')
#1 /home/zopnow/public_html/wp-content/plugins/woocommerce/includes/legacy/abstract-wc-legacy-order.php(337): WC_Order->set_billing_email('hbajiriya@gmail')
#2 /home/zopnow/public_html/wp-content/themes/zopnow/functions.php(2637): WC_Abstract_Legacy_Order->set_address(Array, 'billing')
#3 /home/zopnow/public_html/wp-includes/class-wp-hook.php(287): submited_ajax_order_data('')
#4 /home/zopnow/public_html/wp-includes/class-wp-hook.php(311): WP_Hook->apply_filters('', Array)
#5 /home/zopnow/public_html/wp-includes/plugin.php(478): WP_Hook->do_action(Array)
#6 /home/zopnow/public_html/wp-admin/admin-ajax.php(190): do_action('wp_ajax_nopriv_...')
#7 {main}
  thrown in /home/zopnow/public_html/wp-content/plugins/woocommerce/includes/abstracts/abstract-wc-data.php on line 810

2021-05-08T15:18:00+00:00 CRITICAL Uncaught Error: Call to a member function is_type() on bool in /home/zopnow/public_html/wp-content/themes/zopnow/functions.php:1359
Stack trace:
#0 /home/zopnow/public_html/wp-includes/class-wp-hook.php(287): action_on_change_variant_dropdown('')
#1 /home/zopnow/public_html/wp-includes/class-wp-hook.php(311): WP_Hook->apply_filters('', Array)
#2 /home/zopnow/public_html/wp-includes/plugin.php(478): WP_Hook->do_action(Array)
#3 /home/zopnow/public_html/wp-admin/admin-ajax.php(190): do_action('wp_ajax_nopriv_...')
#4 {main}
  thrown in /home/zopnow/public_html/wp-content/themes/zopnow/functions.php on line 1359

2021-05-08T17:58:45+00:00 CRITICAL Uncaught WC_Data_Exception: Invalid billing email address in /home/zopnow/public_html/wp-content/plugins/woocommerce/includes/abstracts/abstract-wc-data.php:810
Stack trace:
#0 /home/zopnow/public_html/wp-content/plugins/woocommerce/includes/class-wc-order.php(1121): WC_Data->error('order_invalid_b...', 'Invalid billing...')
#1 /home/zopnow/public_html/wp-content/plugins/woocommerce/includes/legacy/abstract-wc-legacy-order.php(337): WC_Order->set_billing_email('cbnn z@bmk.vn')
#2 /home/zopnow/public_html/wp-content/themes/zopnow/functions.php(2637): WC_Abstract_Legacy_Order->set_address(Array, 'billing')
#3 /home/zopnow/public_html/wp-includes/class-wp-hook.php(287): submited_ajax_order_data('')
#4 /home/zopnow/public_html/wp-includes/class-wp-hook.php(311): WP_Hook->apply_filters('', Array)
#5 /home/zopnow/public_html/wp-includes/plugin.php(478): WP_Hook->do_action(Array)
#6 /home/zopnow/public_html/wp-admin/admin-ajax.php(190): do_action('wp_ajax_nopriv_...')
#7 {main}
  thrown in /home/zopnow/public_html/wp-content/plugins/woocommerce/includes/abstracts/abstract-wc-data.php on line 810

2021-05-08T17:58:46+00:00 CRITICAL Uncaught WC_Data_Exception: Invalid billing email address in /home/zopnow/public_html/wp-content/plugins/woocommerce/includes/abstracts/abstract-wc-data.php:810
Stack trace:
#0 /home/zopnow/public_html/wp-content/plugins/woocommerce/includes/class-wc-order.php(1121): WC_Data->error('order_invalid_b...', 'Invalid billing...')
#1 /home/zopnow/public_html/wp-content/plugins/woocommerce/includes/legacy/abstract-wc-legacy-order.php(337): WC_Order->set_billing_email('cbnn z@bmk.vn')
#2 /home/zopnow/public_html/wp-content/themes/zopnow/functions.php(2637): WC_Abstract_Legacy_Order->set_address(Array, 'billing')
#3 /home/zopnow/public_html/wp-includes/class-wp-hook.php(287): submited_ajax_order_data('')
#4 /home/zopnow/public_html/wp-includes/class-wp-hook.php(311): WP_Hook->apply_filters('', Array)
#5 /home/zopnow/public_html/wp-includes/plugin.php(478): WP_Hook->do_action(Array)
#6 /home/zopnow/public_html/wp-admin/admin-ajax.php(190): do_action('wp_ajax_nopriv_...')
#7 {main}
  thrown in /home/zopnow/public_html/wp-content/plugins/woocommerce/includes/abstracts/abstract-wc-data.php on line 810

2021-05-08T17:58:46+00:00 CRITICAL Uncaught WC_Data_Exception: Invalid billing email address in /home/zopnow/public_html/wp-content/plugins/woocommerce/includes/abstracts/abstract-wc-data.php:810
Stack trace:
#0 /home/zopnow/public_html/wp-content/plugins/woocommerce/includes/class-wc-order.php(1121): WC_Data->error('order_invalid_b...', 'Invalid billing...')
#1 /home/zopnow/public_html/wp-content/plugins/woocommerce/includes/legacy/abstract-wc-legacy-order.php(337): WC_Order->set_billing_email('cbnn z@bmk.vn')
#2 /home/zopnow/public_html/wp-content/themes/zopnow/functions.php(2637): WC_Abstract_Legacy_Order->set_address(Array, 'billing')
#3 /home/zopnow/public_html/wp-includes/class-wp-hook.php(287): submited_ajax_order_data('')
#4 /home/zopnow/public_html/wp-includes/class-wp-hook.php(311): WP_Hook->apply_filters('', Array)
#5 /home/zopnow/public_html/wp-includes/plugin.php(478): WP_Hook->do_action(Array)
#6 /home/zopnow/public_html/wp-admin/admin-ajax.php(190): do_action('wp_ajax_nopriv_...')
#7 {main}
  thrown in /home/zopnow/public_html/wp-content/plugins/woocommerce/includes/abstracts/abstract-wc-data.php on line 810

2021-05-08T17:58:57+00:00 CRITICAL Uncaught WC_Data_Exception: Invalid billing email address in /home/zopnow/public_html/wp-content/plugins/woocommerce/includes/abstracts/abstract-wc-data.php:810
Stack trace:
#0 /home/zopnow/public_html/wp-content/plugins/woocommerce/includes/class-wc-order.php(1121): WC_Data->error('order_invalid_b...', 'Invalid billing...')
#1 /home/zopnow/public_html/wp-content/plugins/woocommerce/includes/legacy/abstract-wc-legacy-order.php(337): WC_Order->set_billing_email('cbnn z@bmk.vn')
#2 /home/zopnow/public_html/wp-content/themes/zopnow/functions.php(2637): WC_Abstract_Legacy_Order->set_address(Array, 'billing')
#3 /home/zopnow/public_html/wp-includes/class-wp-hook.php(287): submited_ajax_order_data('')
#4 /home/zopnow/public_html/wp-includes/class-wp-hook.php(311): WP_Hook->apply_filters('', Array)
#5 /home/zopnow/public_html/wp-includes/plugin.php(478): WP_Hook->do_action(Array)
#6 /home/zopnow/public_html/wp-admin/admin-ajax.php(190): do_action('wp_ajax_nopriv_...')
#7 {main}
  thrown in /home/zopnow/public_html/wp-content/plugins/woocommerce/includes/abstracts/abstract-wc-data.php on line 810

2021-05-08T17:59:08+00:00 CRITICAL Uncaught WC_Data_Exception: Invalid billing email address in /home/zopnow/public_html/wp-content/plugins/woocommerce/includes/abstracts/abstract-wc-data.php:810
Stack trace:
#0 /home/zopnow/public_html/wp-content/plugins/woocommerce/includes/class-wc-order.php(1121): WC_Data->error('order_invalid_b...', 'Invalid billing...')
#1 /home/zopnow/public_html/wp-content/plugins/woocommerce/includes/legacy/abstract-wc-legacy-order.php(337): WC_Order->set_billing_email('cbnn z@bmk.vn')
#2 /home/zopnow/public_html/wp-content/themes/zopnow/functions.php(2637): WC_Abstract_Legacy_Order->set_address(Array, 'billing')
#3 /home/zopnow/public_html/wp-includes/class-wp-hook.php(287): submited_ajax_order_data('')
#4 /home/zopnow/public_html/wp-includes/class-wp-hook.php(311): WP_Hook->apply_filters('', Array)
#5 /home/zopnow/public_html/wp-includes/plugin.php(478): WP_Hook->do_action(Array)
#6 /home/zopnow/public_html/wp-admin/admin-ajax.php(190): do_action('wp_ajax_nopriv_...')
#7 {main}
  thrown in /home/zopnow/public_html/wp-content/plugins/woocommerce/includes/abstracts/abstract-wc-data.php on line 810

2021-05-08T17:59:12+00:00 CRITICAL Uncaught WC_Data_Exception: Invalid billing email address in /home/zopnow/public_html/wp-content/plugins/woocommerce/includes/abstracts/abstract-wc-data.php:810
Stack trace:
#0 /home/zopnow/public_html/wp-content/plugins/woocommerce/includes/class-wc-order.php(1121): WC_Data->error('order_invalid_b...', 'Invalid billing...')
#1 /home/zopnow/public_html/wp-content/plugins/woocommerce/includes/legacy/abstract-wc-legacy-order.php(337): WC_Order->set_billing_email('cbnn z@bmk.vn')
#2 /home/zopnow/public_html/wp-content/themes/zopnow/functions.php(2637): WC_Abstract_Legacy_Order->set_address(Array, 'billing')
#3 /home/zopnow/public_html/wp-includes/class-wp-hook.php(287): submited_ajax_order_data('')
#4 /home/zopnow/public_html/wp-includes/class-wp-hook.php(311): WP_Hook->apply_filters('', Array)
#5 /home/zopnow/public_html/wp-includes/plugin.php(478): WP_Hook->do_action(Array)
#6 /home/zopnow/public_html/wp-admin/admin-ajax.php(190): do_action('wp_ajax_nopriv_...')
#7 {main}
  thrown in /home/zopnow/public_html/wp-content/plugins/woocommerce/includes/abstracts/abstract-wc-data.php on line 810

2021-05-08T20:40:06+00:00 CRITICAL Uncaught Error: Call to a member function is_type() on bool in /home/zopnow/public_html/wp-content/themes/zopnow/functions.php:1359
Stack trace:
#0 /home/zopnow/public_html/wp-includes/class-wp-hook.php(287): action_on_change_variant_dropdown('')
#1 /home/zopnow/public_html/wp-includes/class-wp-hook.php(311): WP_Hook->apply_filters('', Array)
#2 /home/zopnow/public_html/wp-includes/plugin.php(478): WP_Hook->do_action(Array)
#3 /home/zopnow/public_html/wp-admin/admin-ajax.php(190): do_action('wp_ajax_nopriv_...')
#4 {main}
  thrown in /home/zopnow/public_html/wp-content/themes/zopnow/functions.php on line 1359

2021-05-08T20:41:16+00:00 CRITICAL Uncaught Error: Call to a member function is_type() on bool in /home/zopnow/public_html/wp-content/themes/zopnow/functions.php:1359
Stack trace:
#0 /home/zopnow/public_html/wp-includes/class-wp-hook.php(287): action_on_change_variant_dropdown('')
#1 /home/zopnow/public_html/wp-includes/class-wp-hook.php(311): WP_Hook->apply_filters('', Array)
#2 /home/zopnow/public_html/wp-includes/plugin.php(478): WP_Hook->do_action(Array)
#3 /home/zopnow/public_html/wp-admin/admin-ajax.php(190): do_action('wp_ajax_nopriv_...')
#4 {main}
  thrown in /home/zopnow/public_html/wp-content/themes/zopnow/functions.php on line 1359

