2021-04-16T02:41:07+00:00 CRITICAL Uncaught Error: Call to a member function is_type() on bool in /home/zopnow/public_html/wp-content/themes/zopnow/functions.php:1359
Stack trace:
#0 /home/zopnow/public_html/wp-includes/class-wp-hook.php(287): action_on_change_variant_dropdown('')
#1 /home/zopnow/public_html/wp-includes/class-wp-hook.php(311): WP_Hook->apply_filters('', Array)
#2 /home/zopnow/public_html/wp-includes/plugin.php(478): WP_Hook->do_action(Array)
#3 /home/zopnow/public_html/wp-admin/admin-ajax.php(190): do_action('wp_ajax_nopriv_...')
#4 {main}
  thrown in /home/zopnow/public_html/wp-content/themes/zopnow/functions.php on line 1359

2021-04-16T03:15:01+00:00 CRITICAL Uncaught WC_Data_Exception: Invalid billing email address in /home/zopnow/public_html/wp-content/plugins/woocommerce/includes/abstracts/abstract-wc-data.php:810
Stack trace:
#0 /home/zopnow/public_html/wp-content/plugins/woocommerce/includes/class-wc-order.php(1121): WC_Data->error('order_invalid_b...', 'Invalid billing...')
#1 /home/zopnow/public_html/wp-content/plugins/woocommerce/includes/legacy/abstract-wc-legacy-order.php(337): WC_Order->set_billing_email('husainchhipa.gm...')
#2 /home/zopnow/public_html/wp-content/themes/zopnow/functions.php(2629): WC_Abstract_Legacy_Order->set_address(Array, 'billing')
#3 /home/zopnow/public_html/wp-includes/class-wp-hook.php(287): submited_ajax_order_data('')
#4 /home/zopnow/public_html/wp-includes/class-wp-hook.php(311): WP_Hook->apply_filters('', Array)
#5 /home/zopnow/public_html/wp-includes/plugin.php(478): WP_Hook->do_action(Array)
#6 /home/zopnow/public_html/wp-admin/admin-ajax.php(190): do_action('wp_ajax_nopriv_...')
#7 {main}
  thrown in /home/zopnow/public_html/wp-content/plugins/woocommerce/includes/abstracts/abstract-wc-data.php on line 810

2021-04-16T03:16:01+00:00 CRITICAL Uncaught WC_Data_Exception: Invalid billing email address in /home/zopnow/public_html/wp-content/plugins/woocommerce/includes/abstracts/abstract-wc-data.php:810
Stack trace:
#0 /home/zopnow/public_html/wp-content/plugins/woocommerce/includes/class-wc-order.php(1121): WC_Data->error('order_invalid_b...', 'Invalid billing...')
#1 /home/zopnow/public_html/wp-content/plugins/woocommerce/includes/legacy/abstract-wc-legacy-order.php(337): WC_Order->set_billing_email('husainchhipa.gm...')
#2 /home/zopnow/public_html/wp-content/themes/zopnow/functions.php(2629): WC_Abstract_Legacy_Order->set_address(Array, 'billing')
#3 /home/zopnow/public_html/wp-includes/class-wp-hook.php(287): submited_ajax_order_data('')
#4 /home/zopnow/public_html/wp-includes/class-wp-hook.php(311): WP_Hook->apply_filters('', Array)
#5 /home/zopnow/public_html/wp-includes/plugin.php(478): WP_Hook->do_action(Array)
#6 /home/zopnow/public_html/wp-admin/admin-ajax.php(190): do_action('wp_ajax_nopriv_...')
#7 {main}
  thrown in /home/zopnow/public_html/wp-content/plugins/woocommerce/includes/abstracts/abstract-wc-data.php on line 810

2021-04-16T03:16:02+00:00 CRITICAL Uncaught WC_Data_Exception: Invalid billing email address in /home/zopnow/public_html/wp-content/plugins/woocommerce/includes/abstracts/abstract-wc-data.php:810
Stack trace:
#0 /home/zopnow/public_html/wp-content/plugins/woocommerce/includes/class-wc-order.php(1121): WC_Data->error('order_invalid_b...', 'Invalid billing...')
#1 /home/zopnow/public_html/wp-content/plugins/woocommerce/includes/legacy/abstract-wc-legacy-order.php(337): WC_Order->set_billing_email('husainchhipa.gm...')
#2 /home/zopnow/public_html/wp-content/themes/zopnow/functions.php(2629): WC_Abstract_Legacy_Order->set_address(Array, 'billing')
#3 /home/zopnow/public_html/wp-includes/class-wp-hook.php(287): submited_ajax_order_data('')
#4 /home/zopnow/public_html/wp-includes/class-wp-hook.php(311): WP_Hook->apply_filters('', Array)
#5 /home/zopnow/public_html/wp-includes/plugin.php(478): WP_Hook->do_action(Array)
#6 /home/zopnow/public_html/wp-admin/admin-ajax.php(190): do_action('wp_ajax_nopriv_...')
#7 {main}
  thrown in /home/zopnow/public_html/wp-content/plugins/woocommerce/includes/abstracts/abstract-wc-data.php on line 810

2021-04-16T03:16:44+00:00 CRITICAL Uncaught WC_Data_Exception: Invalid billing email address in /home/zopnow/public_html/wp-content/plugins/woocommerce/includes/abstracts/abstract-wc-data.php:810
Stack trace:
#0 /home/zopnow/public_html/wp-content/plugins/woocommerce/includes/class-wc-order.php(1121): WC_Data->error('order_invalid_b...', 'Invalid billing...')
#1 /home/zopnow/public_html/wp-content/plugins/woocommerce/includes/legacy/abstract-wc-legacy-order.php(337): WC_Order->set_billing_email('husainchhipa.gm...')
#2 /home/zopnow/public_html/wp-content/themes/zopnow/functions.php(2629): WC_Abstract_Legacy_Order->set_address(Array, 'billing')
#3 /home/zopnow/public_html/wp-includes/class-wp-hook.php(287): submited_ajax_order_data('')
#4 /home/zopnow/public_html/wp-includes/class-wp-hook.php(311): WP_Hook->apply_filters('', Array)
#5 /home/zopnow/public_html/wp-includes/plugin.php(478): WP_Hook->do_action(Array)
#6 /home/zopnow/public_html/wp-admin/admin-ajax.php(190): do_action('wp_ajax_nopriv_...')
#7 {main}
  thrown in /home/zopnow/public_html/wp-content/plugins/woocommerce/includes/abstracts/abstract-wc-data.php on line 810

2021-04-16T03:18:26+00:00 CRITICAL Uncaught WC_Data_Exception: Invalid billing email address in /home/zopnow/public_html/wp-content/plugins/woocommerce/includes/abstracts/abstract-wc-data.php:810
Stack trace:
#0 /home/zopnow/public_html/wp-content/plugins/woocommerce/includes/class-wc-order.php(1121): WC_Data->error('order_invalid_b...', 'Invalid billing...')
#1 /home/zopnow/public_html/wp-content/plugins/woocommerce/includes/legacy/abstract-wc-legacy-order.php(337): WC_Order->set_billing_email('husainchhipa.gm...')
#2 /home/zopnow/public_html/wp-content/themes/zopnow/functions.php(2629): WC_Abstract_Legacy_Order->set_address(Array, 'billing')
#3 /home/zopnow/public_html/wp-includes/class-wp-hook.php(287): submited_ajax_order_data('')
#4 /home/zopnow/public_html/wp-includes/class-wp-hook.php(311): WP_Hook->apply_filters('', Array)
#5 /home/zopnow/public_html/wp-includes/plugin.php(478): WP_Hook->do_action(Array)
#6 /home/zopnow/public_html/wp-admin/admin-ajax.php(190): do_action('wp_ajax_nopriv_...')
#7 {main}
  thrown in /home/zopnow/public_html/wp-content/plugins/woocommerce/includes/abstracts/abstract-wc-data.php on line 810

2021-04-16T03:22:55+00:00 CRITICAL Uncaught WC_Data_Exception: Invalid billing email address in /home/zopnow/public_html/wp-content/plugins/woocommerce/includes/abstracts/abstract-wc-data.php:810
Stack trace:
#0 /home/zopnow/public_html/wp-content/plugins/woocommerce/includes/class-wc-order.php(1121): WC_Data->error('order_invalid_b...', 'Invalid billing...')
#1 /home/zopnow/public_html/wp-content/plugins/woocommerce/includes/legacy/abstract-wc-legacy-order.php(337): WC_Order->set_billing_email('husainchhipa.gm...')
#2 /home/zopnow/public_html/wp-content/themes/zopnow/functions.php(2629): WC_Abstract_Legacy_Order->set_address(Array, 'billing')
#3 /home/zopnow/public_html/wp-includes/class-wp-hook.php(287): submited_ajax_order_data('')
#4 /home/zopnow/public_html/wp-includes/class-wp-hook.php(311): WP_Hook->apply_filters('', Array)
#5 /home/zopnow/public_html/wp-includes/plugin.php(478): WP_Hook->do_action(Array)
#6 /home/zopnow/public_html/wp-admin/admin-ajax.php(190): do_action('wp_ajax_nopriv_...')
#7 {main}
  thrown in /home/zopnow/public_html/wp-content/plugins/woocommerce/includes/abstracts/abstract-wc-data.php on line 810

2021-04-16T03:22:56+00:00 CRITICAL Uncaught WC_Data_Exception: Invalid billing email address in /home/zopnow/public_html/wp-content/plugins/woocommerce/includes/abstracts/abstract-wc-data.php:810
Stack trace:
#0 /home/zopnow/public_html/wp-content/plugins/woocommerce/includes/class-wc-order.php(1121): WC_Data->error('order_invalid_b...', 'Invalid billing...')
#1 /home/zopnow/public_html/wp-content/plugins/woocommerce/includes/legacy/abstract-wc-legacy-order.php(337): WC_Order->set_billing_email('husainchhipa.gm...')
#2 /home/zopnow/public_html/wp-content/themes/zopnow/functions.php(2629): WC_Abstract_Legacy_Order->set_address(Array, 'billing')
#3 /home/zopnow/public_html/wp-includes/class-wp-hook.php(287): submited_ajax_order_data('')
#4 /home/zopnow/public_html/wp-includes/class-wp-hook.php(311): WP_Hook->apply_filters('', Array)
#5 /home/zopnow/public_html/wp-includes/plugin.php(478): WP_Hook->do_action(Array)
#6 /home/zopnow/public_html/wp-admin/admin-ajax.php(190): do_action('wp_ajax_nopriv_...')
#7 {main}
  thrown in /home/zopnow/public_html/wp-content/plugins/woocommerce/includes/abstracts/abstract-wc-data.php on line 810

2021-04-16T03:23:09+00:00 CRITICAL Uncaught WC_Data_Exception: Invalid billing email address in /home/zopnow/public_html/wp-content/plugins/woocommerce/includes/abstracts/abstract-wc-data.php:810
Stack trace:
#0 /home/zopnow/public_html/wp-content/plugins/woocommerce/includes/class-wc-order.php(1121): WC_Data->error('order_invalid_b...', 'Invalid billing...')
#1 /home/zopnow/public_html/wp-content/plugins/woocommerce/includes/legacy/abstract-wc-legacy-order.php(337): WC_Order->set_billing_email('husainchhipa.gm...')
#2 /home/zopnow/public_html/wp-content/themes/zopnow/functions.php(2629): WC_Abstract_Legacy_Order->set_address(Array, 'billing')
#3 /home/zopnow/public_html/wp-includes/class-wp-hook.php(287): submited_ajax_order_data('')
#4 /home/zopnow/public_html/wp-includes/class-wp-hook.php(311): WP_Hook->apply_filters('', Array)
#5 /home/zopnow/public_html/wp-includes/plugin.php(478): WP_Hook->do_action(Array)
#6 /home/zopnow/public_html/wp-admin/admin-ajax.php(190): do_action('wp_ajax_nopriv_...')
#7 {main}
  thrown in /home/zopnow/public_html/wp-content/plugins/woocommerce/includes/abstracts/abstract-wc-data.php on line 810

2021-04-16T03:23:10+00:00 CRITICAL Uncaught WC_Data_Exception: Invalid billing email address in /home/zopnow/public_html/wp-content/plugins/woocommerce/includes/abstracts/abstract-wc-data.php:810
Stack trace:
#0 /home/zopnow/public_html/wp-content/plugins/woocommerce/includes/class-wc-order.php(1121): WC_Data->error('order_invalid_b...', 'Invalid billing...')
#1 /home/zopnow/public_html/wp-content/plugins/woocommerce/includes/legacy/abstract-wc-legacy-order.php(337): WC_Order->set_billing_email('husainchhipa.gm...')
#2 /home/zopnow/public_html/wp-content/themes/zopnow/functions.php(2629): WC_Abstract_Legacy_Order->set_address(Array, 'billing')
#3 /home/zopnow/public_html/wp-includes/class-wp-hook.php(287): submited_ajax_order_data('')
#4 /home/zopnow/public_html/wp-includes/class-wp-hook.php(311): WP_Hook->apply_filters('', Array)
#5 /home/zopnow/public_html/wp-includes/plugin.php(478): WP_Hook->do_action(Array)
#6 /home/zopnow/public_html/wp-admin/admin-ajax.php(190): do_action('wp_ajax_nopriv_...')
#7 {main}
  thrown in /home/zopnow/public_html/wp-content/plugins/woocommerce/includes/abstracts/abstract-wc-data.php on line 810

2021-04-16T03:23:10+00:00 CRITICAL Uncaught WC_Data_Exception: Invalid billing email address in /home/zopnow/public_html/wp-content/plugins/woocommerce/includes/abstracts/abstract-wc-data.php:810
Stack trace:
#0 /home/zopnow/public_html/wp-content/plugins/woocommerce/includes/class-wc-order.php(1121): WC_Data->error('order_invalid_b...', 'Invalid billing...')
#1 /home/zopnow/public_html/wp-content/plugins/woocommerce/includes/legacy/abstract-wc-legacy-order.php(337): WC_Order->set_billing_email('husainchhipa.gm...')
#2 /home/zopnow/public_html/wp-content/themes/zopnow/functions.php(2629): WC_Abstract_Legacy_Order->set_address(Array, 'billing')
#3 /home/zopnow/public_html/wp-includes/class-wp-hook.php(287): submited_ajax_order_data('')
#4 /home/zopnow/public_html/wp-includes/class-wp-hook.php(311): WP_Hook->apply_filters('', Array)
#5 /home/zopnow/public_html/wp-includes/plugin.php(478): WP_Hook->do_action(Array)
#6 /home/zopnow/public_html/wp-admin/admin-ajax.php(190): do_action('wp_ajax_nopriv_...')
#7 {main}
  thrown in /home/zopnow/public_html/wp-content/plugins/woocommerce/includes/abstracts/abstract-wc-data.php on line 810

2021-04-16T03:23:10+00:00 CRITICAL Uncaught WC_Data_Exception: Invalid billing email address in /home/zopnow/public_html/wp-content/plugins/woocommerce/includes/abstracts/abstract-wc-data.php:810
Stack trace:
#0 /home/zopnow/public_html/wp-content/plugins/woocommerce/includes/class-wc-order.php(1121): WC_Data->error('order_invalid_b...', 'Invalid billing...')
#1 /home/zopnow/public_html/wp-content/plugins/woocommerce/includes/legacy/abstract-wc-legacy-order.php(337): WC_Order->set_billing_email('husainchhipa.gm...')
#2 /home/zopnow/public_html/wp-content/themes/zopnow/functions.php(2629): WC_Abstract_Legacy_Order->set_address(Array, 'billing')
#3 /home/zopnow/public_html/wp-includes/class-wp-hook.php(287): submited_ajax_order_data('')
#4 /home/zopnow/public_html/wp-includes/class-wp-hook.php(311): WP_Hook->apply_filters('', Array)
#5 /home/zopnow/public_html/wp-includes/plugin.php(478): WP_Hook->do_action(Array)
#6 /home/zopnow/public_html/wp-admin/admin-ajax.php(190): do_action('wp_ajax_nopriv_...')
#7 {main}
  thrown in /home/zopnow/public_html/wp-content/plugins/woocommerce/includes/abstracts/abstract-wc-data.php on line 810

2021-04-16T03:23:10+00:00 CRITICAL Uncaught WC_Data_Exception: Invalid billing email address in /home/zopnow/public_html/wp-content/plugins/woocommerce/includes/abstracts/abstract-wc-data.php:810
Stack trace:
#0 /home/zopnow/public_html/wp-content/plugins/woocommerce/includes/class-wc-order.php(1121): WC_Data->error('order_invalid_b...', 'Invalid billing...')
#1 /home/zopnow/public_html/wp-content/plugins/woocommerce/includes/legacy/abstract-wc-legacy-order.php(337): WC_Order->set_billing_email('husainchhipa.gm...')
#2 /home/zopnow/public_html/wp-content/themes/zopnow/functions.php(2629): WC_Abstract_Legacy_Order->set_address(Array, 'billing')
#3 /home/zopnow/public_html/wp-includes/class-wp-hook.php(287): submited_ajax_order_data('')
#4 /home/zopnow/public_html/wp-includes/class-wp-hook.php(311): WP_Hook->apply_filters('', Array)
#5 /home/zopnow/public_html/wp-includes/plugin.php(478): WP_Hook->do_action(Array)
#6 /home/zopnow/public_html/wp-admin/admin-ajax.php(190): do_action('wp_ajax_nopriv_...')
#7 {main}
  thrown in /home/zopnow/public_html/wp-content/plugins/woocommerce/includes/abstracts/abstract-wc-data.php on line 810

2021-04-16T03:23:10+00:00 CRITICAL Uncaught WC_Data_Exception: Invalid billing email address in /home/zopnow/public_html/wp-content/plugins/woocommerce/includes/abstracts/abstract-wc-data.php:810
Stack trace:
#0 /home/zopnow/public_html/wp-content/plugins/woocommerce/includes/class-wc-order.php(1121): WC_Data->error('order_invalid_b...', 'Invalid billing...')
#1 /home/zopnow/public_html/wp-content/plugins/woocommerce/includes/legacy/abstract-wc-legacy-order.php(337): WC_Order->set_billing_email('husainchhipa.gm...')
#2 /home/zopnow/public_html/wp-content/themes/zopnow/functions.php(2629): WC_Abstract_Legacy_Order->set_address(Array, 'billing')
#3 /home/zopnow/public_html/wp-includes/class-wp-hook.php(287): submited_ajax_order_data('')
#4 /home/zopnow/public_html/wp-includes/class-wp-hook.php(311): WP_Hook->apply_filters('', Array)
#5 /home/zopnow/public_html/wp-includes/plugin.php(478): WP_Hook->do_action(Array)
#6 /home/zopnow/public_html/wp-admin/admin-ajax.php(190): do_action('wp_ajax_nopriv_...')
#7 {main}
  thrown in /home/zopnow/public_html/wp-content/plugins/woocommerce/includes/abstracts/abstract-wc-data.php on line 810

2021-04-16T04:29:17+00:00 CRITICAL Uncaught WC_Data_Exception: Invalid billing email address in /home/zopnow/public_html/wp-content/plugins/woocommerce/includes/abstracts/abstract-wc-data.php:810
Stack trace:
#0 /home/zopnow/public_html/wp-content/plugins/woocommerce/includes/class-wc-order.php(1121): WC_Data->error('order_invalid_b...', 'Invalid billing...')
#1 /home/zopnow/public_html/wp-content/plugins/woocommerce/includes/legacy/abstract-wc-legacy-order.php(337): WC_Order->set_billing_email('.')
#2 /home/zopnow/public_html/wp-content/themes/zopnow/functions.php(2629): WC_Abstract_Legacy_Order->set_address(Array, 'billing')
#3 /home/zopnow/public_html/wp-includes/class-wp-hook.php(287): submited_ajax_order_data('')
#4 /home/zopnow/public_html/wp-includes/class-wp-hook.php(311): WP_Hook->apply_filters('', Array)
#5 /home/zopnow/public_html/wp-includes/plugin.php(478): WP_Hook->do_action(Array)
#6 /home/zopnow/public_html/wp-admin/admin-ajax.php(190): do_action('wp_ajax_nopriv_...')
#7 {main}
  thrown in /home/zopnow/public_html/wp-content/plugins/woocommerce/includes/abstracts/abstract-wc-data.php on line 810

2021-04-16T04:30:53+00:00 CRITICAL Uncaught WC_Data_Exception: Invalid billing email address in /home/zopnow/public_html/wp-content/plugins/woocommerce/includes/abstracts/abstract-wc-data.php:810
Stack trace:
#0 /home/zopnow/public_html/wp-content/plugins/woocommerce/includes/class-wc-order.php(1121): WC_Data->error('order_invalid_b...', 'Invalid billing...')
#1 /home/zopnow/public_html/wp-content/plugins/woocommerce/includes/legacy/abstract-wc-legacy-order.php(337): WC_Order->set_billing_email('.')
#2 /home/zopnow/public_html/wp-content/themes/zopnow/functions.php(2629): WC_Abstract_Legacy_Order->set_address(Array, 'billing')
#3 /home/zopnow/public_html/wp-includes/class-wp-hook.php(287): submited_ajax_order_data('')
#4 /home/zopnow/public_html/wp-includes/class-wp-hook.php(311): WP_Hook->apply_filters('', Array)
#5 /home/zopnow/public_html/wp-includes/plugin.php(478): WP_Hook->do_action(Array)
#6 /home/zopnow/public_html/wp-admin/admin-ajax.php(190): do_action('wp_ajax_nopriv_...')
#7 {main}
  thrown in /home/zopnow/public_html/wp-content/plugins/woocommerce/includes/abstracts/abstract-wc-data.php on line 810

2021-04-16T04:30:57+00:00 CRITICAL Uncaught WC_Data_Exception: Invalid billing email address in /home/zopnow/public_html/wp-content/plugins/woocommerce/includes/abstracts/abstract-wc-data.php:810
Stack trace:
#0 /home/zopnow/public_html/wp-content/plugins/woocommerce/includes/class-wc-order.php(1121): WC_Data->error('order_invalid_b...', 'Invalid billing...')
#1 /home/zopnow/public_html/wp-content/plugins/woocommerce/includes/legacy/abstract-wc-legacy-order.php(337): WC_Order->set_billing_email('.')
#2 /home/zopnow/public_html/wp-content/themes/zopnow/functions.php(2629): WC_Abstract_Legacy_Order->set_address(Array, 'billing')
#3 /home/zopnow/public_html/wp-includes/class-wp-hook.php(287): submited_ajax_order_data('')
#4 /home/zopnow/public_html/wp-includes/class-wp-hook.php(311): WP_Hook->apply_filters('', Array)
#5 /home/zopnow/public_html/wp-includes/plugin.php(478): WP_Hook->do_action(Array)
#6 /home/zopnow/public_html/wp-admin/admin-ajax.php(190): do_action('wp_ajax_nopriv_...')
#7 {main}
  thrown in /home/zopnow/public_html/wp-content/plugins/woocommerce/includes/abstracts/abstract-wc-data.php on line 810

2021-04-16T04:31:47+00:00 CRITICAL Uncaught WC_Data_Exception: Invalid billing email address in /home/zopnow/public_html/wp-content/plugins/woocommerce/includes/abstracts/abstract-wc-data.php:810
Stack trace:
#0 /home/zopnow/public_html/wp-content/plugins/woocommerce/includes/class-wc-order.php(1121): WC_Data->error('order_invalid_b...', 'Invalid billing...')
#1 /home/zopnow/public_html/wp-content/plugins/woocommerce/includes/legacy/abstract-wc-legacy-order.php(337): WC_Order->set_billing_email('.')
#2 /home/zopnow/public_html/wp-content/themes/zopnow/functions.php(2629): WC_Abstract_Legacy_Order->set_address(Array, 'billing')
#3 /home/zopnow/public_html/wp-includes/class-wp-hook.php(287): submited_ajax_order_data('')
#4 /home/zopnow/public_html/wp-includes/class-wp-hook.php(311): WP_Hook->apply_filters('', Array)
#5 /home/zopnow/public_html/wp-includes/plugin.php(478): WP_Hook->do_action(Array)
#6 /home/zopnow/public_html/wp-admin/admin-ajax.php(190): do_action('wp_ajax_nopriv_...')
#7 {main}
  thrown in /home/zopnow/public_html/wp-content/plugins/woocommerce/includes/abstracts/abstract-wc-data.php on line 810

2021-04-16T04:32:02+00:00 CRITICAL Uncaught WC_Data_Exception: Invalid billing email address in /home/zopnow/public_html/wp-content/plugins/woocommerce/includes/abstracts/abstract-wc-data.php:810
Stack trace:
#0 /home/zopnow/public_html/wp-content/plugins/woocommerce/includes/class-wc-order.php(1121): WC_Data->error('order_invalid_b...', 'Invalid billing...')
#1 /home/zopnow/public_html/wp-content/plugins/woocommerce/includes/legacy/abstract-wc-legacy-order.php(337): WC_Order->set_billing_email('.')
#2 /home/zopnow/public_html/wp-content/themes/zopnow/functions.php(2629): WC_Abstract_Legacy_Order->set_address(Array, 'billing')
#3 /home/zopnow/public_html/wp-includes/class-wp-hook.php(287): submited_ajax_order_data('')
#4 /home/zopnow/public_html/wp-includes/class-wp-hook.php(311): WP_Hook->apply_filters('', Array)
#5 /home/zopnow/public_html/wp-includes/plugin.php(478): WP_Hook->do_action(Array)
#6 /home/zopnow/public_html/wp-admin/admin-ajax.php(190): do_action('wp_ajax_nopriv_...')
#7 {main}
  thrown in /home/zopnow/public_html/wp-content/plugins/woocommerce/includes/abstracts/abstract-wc-data.php on line 810

2021-04-16T04:35:13+00:00 CRITICAL Uncaught WC_Data_Exception: Invalid billing email address in /home/zopnow/public_html/wp-content/plugins/woocommerce/includes/abstracts/abstract-wc-data.php:810
Stack trace:
#0 /home/zopnow/public_html/wp-content/plugins/woocommerce/includes/class-wc-order.php(1121): WC_Data->error('order_invalid_b...', 'Invalid billing...')
#1 /home/zopnow/public_html/wp-content/plugins/woocommerce/includes/legacy/abstract-wc-legacy-order.php(337): WC_Order->set_billing_email('rajivkokul')
#2 /home/zopnow/public_html/wp-content/themes/zopnow/functions.php(2629): WC_Abstract_Legacy_Order->set_address(Array, 'billing')
#3 /home/zopnow/public_html/wp-includes/class-wp-hook.php(287): submited_ajax_order_data('')
#4 /home/zopnow/public_html/wp-includes/class-wp-hook.php(311): WP_Hook->apply_filters('', Array)
#5 /home/zopnow/public_html/wp-includes/plugin.php(478): WP_Hook->do_action(Array)
#6 /home/zopnow/public_html/wp-admin/admin-ajax.php(190): do_action('wp_ajax_nopriv_...')
#7 {main}
  thrown in /home/zopnow/public_html/wp-content/plugins/woocommerce/includes/abstracts/abstract-wc-data.php on line 810

2021-04-16T04:43:55+00:00 CRITICAL Uncaught WC_Data_Exception: Invalid billing email address in /home/zopnow/public_html/wp-content/plugins/woocommerce/includes/abstracts/abstract-wc-data.php:810
Stack trace:
#0 /home/zopnow/public_html/wp-content/plugins/woocommerce/includes/class-wc-order.php(1121): WC_Data->error('order_invalid_b...', 'Invalid billing...')
#1 /home/zopnow/public_html/wp-content/plugins/woocommerce/includes/legacy/abstract-wc-legacy-order.php(337): WC_Order->set_billing_email('rrrrr')
#2 /home/zopnow/public_html/wp-content/themes/zopnow/functions.php(2629): WC_Abstract_Legacy_Order->set_address(Array, 'billing')
#3 /home/zopnow/public_html/wp-includes/class-wp-hook.php(287): submited_ajax_order_data('')
#4 /home/zopnow/public_html/wp-includes/class-wp-hook.php(311): WP_Hook->apply_filters('', Array)
#5 /home/zopnow/public_html/wp-includes/plugin.php(478): WP_Hook->do_action(Array)
#6 /home/zopnow/public_html/wp-admin/admin-ajax.php(190): do_action('wp_ajax_nopriv_...')
#7 {main}
  thrown in /home/zopnow/public_html/wp-content/plugins/woocommerce/includes/abstracts/abstract-wc-data.php on line 810

2021-04-16T04:44:14+00:00 CRITICAL Uncaught WC_Data_Exception: Invalid billing email address in /home/zopnow/public_html/wp-content/plugins/woocommerce/includes/abstracts/abstract-wc-data.php:810
Stack trace:
#0 /home/zopnow/public_html/wp-content/plugins/woocommerce/includes/class-wc-order.php(1121): WC_Data->error('order_invalid_b...', 'Invalid billing...')
#1 /home/zopnow/public_html/wp-content/plugins/woocommerce/includes/legacy/abstract-wc-legacy-order.php(337): WC_Order->set_billing_email('rrrrr')
#2 /home/zopnow/public_html/wp-content/themes/zopnow/functions.php(2629): WC_Abstract_Legacy_Order->set_address(Array, 'billing')
#3 /home/zopnow/public_html/wp-includes/class-wp-hook.php(287): submited_ajax_order_data('')
#4 /home/zopnow/public_html/wp-includes/class-wp-hook.php(311): WP_Hook->apply_filters('', Array)
#5 /home/zopnow/public_html/wp-includes/plugin.php(478): WP_Hook->do_action(Array)
#6 /home/zopnow/public_html/wp-admin/admin-ajax.php(190): do_action('wp_ajax_nopriv_...')
#7 {main}
  thrown in /home/zopnow/public_html/wp-content/plugins/woocommerce/includes/abstracts/abstract-wc-data.php on line 810

2021-04-16T04:46:30+00:00 CRITICAL Uncaught Error: Call to a member function is_type() on bool in /home/zopnow/public_html/wp-content/themes/zopnow/functions.php:1778
Stack trace:
#0 /home/zopnow/public_html/wp-includes/class-wp-hook.php(287): load_discount_label_for_product_variant('')
#1 /home/zopnow/public_html/wp-includes/class-wp-hook.php(311): WP_Hook->apply_filters('', Array)
#2 /home/zopnow/public_html/wp-includes/plugin.php(478): WP_Hook->do_action(Array)
#3 /home/zopnow/public_html/wp-admin/admin-ajax.php(190): do_action('wp_ajax_nopriv_...')
#4 {main}
  thrown in /home/zopnow/public_html/wp-content/themes/zopnow/functions.php on line 1778

2021-04-16T04:54:34+00:00 CRITICAL Uncaught Error: Call to a member function is_type() on bool in /home/zopnow/public_html/wp-content/themes/zopnow/functions.php:1778
Stack trace:
#0 /home/zopnow/public_html/wp-includes/class-wp-hook.php(287): load_discount_label_for_product_variant('')
#1 /home/zopnow/public_html/wp-includes/class-wp-hook.php(311): WP_Hook->apply_filters('', Array)
#2 /home/zopnow/public_html/wp-includes/plugin.php(478): WP_Hook->do_action(Array)
#3 /home/zopnow/public_html/wp-admin/admin-ajax.php(190): do_action('wp_ajax_nopriv_...')
#4 {main}
  thrown in /home/zopnow/public_html/wp-content/themes/zopnow/functions.php on line 1778

2021-04-16T04:54:43+00:00 CRITICAL Uncaught Error: Call to a member function is_type() on bool in /home/zopnow/public_html/wp-content/themes/zopnow/functions.php:1778
Stack trace:
#0 /home/zopnow/public_html/wp-includes/class-wp-hook.php(287): load_discount_label_for_product_variant('')
#1 /home/zopnow/public_html/wp-includes/class-wp-hook.php(311): WP_Hook->apply_filters('', Array)
#2 /home/zopnow/public_html/wp-includes/plugin.php(478): WP_Hook->do_action(Array)
#3 /home/zopnow/public_html/wp-admin/admin-ajax.php(190): do_action('wp_ajax_nopriv_...')
#4 {main}
  thrown in /home/zopnow/public_html/wp-content/themes/zopnow/functions.php on line 1778

2021-04-16T05:08:34+00:00 CRITICAL Uncaught Error: Call to a member function is_type() on bool in /home/zopnow/public_html/wp-content/themes/zopnow/functions.php:1778
Stack trace:
#0 /home/zopnow/public_html/wp-includes/class-wp-hook.php(287): load_discount_label_for_product_variant('')
#1 /home/zopnow/public_html/wp-includes/class-wp-hook.php(311): WP_Hook->apply_filters('', Array)
#2 /home/zopnow/public_html/wp-includes/plugin.php(478): WP_Hook->do_action(Array)
#3 /home/zopnow/public_html/wp-admin/admin-ajax.php(190): do_action('wp_ajax_nopriv_...')
#4 {main}
  thrown in /home/zopnow/public_html/wp-content/themes/zopnow/functions.php on line 1778

2021-04-16T05:14:29+00:00 CRITICAL Uncaught WC_Data_Exception: Invalid billing email address in /home/zopnow/public_html/wp-content/plugins/woocommerce/includes/abstracts/abstract-wc-data.php:810
Stack trace:
#0 /home/zopnow/public_html/wp-content/plugins/woocommerce/includes/class-wc-order.php(1121): WC_Data->error('order_invalid_b...', 'Invalid billing...')
#1 /home/zopnow/public_html/wp-content/plugins/woocommerce/includes/legacy/abstract-wc-legacy-order.php(337): WC_Order->set_billing_email('aspaka795gmaill...')
#2 /home/zopnow/public_html/wp-content/themes/zopnow/functions.php(2629): WC_Abstract_Legacy_Order->set_address(Array, 'billing')
#3 /home/zopnow/public_html/wp-includes/class-wp-hook.php(287): submited_ajax_order_data('')
#4 /home/zopnow/public_html/wp-includes/class-wp-hook.php(311): WP_Hook->apply_filters('', Array)
#5 /home/zopnow/public_html/wp-includes/plugin.php(478): WP_Hook->do_action(Array)
#6 /home/zopnow/public_html/wp-admin/admin-ajax.php(190): do_action('wp_ajax_nopriv_...')
#7 {main}
  thrown in /home/zopnow/public_html/wp-content/plugins/woocommerce/includes/abstracts/abstract-wc-data.php on line 810

2021-04-16T05:14:58+00:00 CRITICAL Uncaught WC_Data_Exception: Invalid billing email address in /home/zopnow/public_html/wp-content/plugins/woocommerce/includes/abstracts/abstract-wc-data.php:810
Stack trace:
#0 /home/zopnow/public_html/wp-content/plugins/woocommerce/includes/class-wc-order.php(1121): WC_Data->error('order_invalid_b...', 'Invalid billing...')
#1 /home/zopnow/public_html/wp-content/plugins/woocommerce/includes/legacy/abstract-wc-legacy-order.php(337): WC_Order->set_billing_email('aspaka795gmaill...')
#2 /home/zopnow/public_html/wp-content/themes/zopnow/functions.php(2629): WC_Abstract_Legacy_Order->set_address(Array, 'billing')
#3 /home/zopnow/public_html/wp-includes/class-wp-hook.php(287): submited_ajax_order_data('')
#4 /home/zopnow/public_html/wp-includes/class-wp-hook.php(311): WP_Hook->apply_filters('', Array)
#5 /home/zopnow/public_html/wp-includes/plugin.php(478): WP_Hook->do_action(Array)
#6 /home/zopnow/public_html/wp-admin/admin-ajax.php(190): do_action('wp_ajax_nopriv_...')
#7 {main}
  thrown in /home/zopnow/public_html/wp-content/plugins/woocommerce/includes/abstracts/abstract-wc-data.php on line 810

2021-04-16T05:15:11+00:00 CRITICAL Uncaught WC_Data_Exception: Invalid billing email address in /home/zopnow/public_html/wp-content/plugins/woocommerce/includes/abstracts/abstract-wc-data.php:810
Stack trace:
#0 /home/zopnow/public_html/wp-content/plugins/woocommerce/includes/class-wc-order.php(1121): WC_Data->error('order_invalid_b...', 'Invalid billing...')
#1 /home/zopnow/public_html/wp-content/plugins/woocommerce/includes/legacy/abstract-wc-legacy-order.php(337): WC_Order->set_billing_email('waqas1801@gmail...')
#2 /home/zopnow/public_html/wp-content/themes/zopnow/functions.php(2629): WC_Abstract_Legacy_Order->set_address(Array, 'billing')
#3 /home/zopnow/public_html/wp-includes/class-wp-hook.php(287): submited_ajax_order_data('')
#4 /home/zopnow/public_html/wp-includes/class-wp-hook.php(311): WP_Hook->apply_filters('', Array)
#5 /home/zopnow/public_html/wp-includes/plugin.php(478): WP_Hook->do_action(Array)
#6 /home/zopnow/public_html/wp-admin/admin-ajax.php(190): do_action('wp_ajax_nopriv_...')
#7 {main}
  thrown in /home/zopnow/public_html/wp-content/plugins/woocommerce/includes/abstracts/abstract-wc-data.php on line 810

2021-04-16T05:17:14+00:00 CRITICAL Uncaught WC_Data_Exception: Invalid billing email address in /home/zopnow/public_html/wp-content/plugins/woocommerce/includes/abstracts/abstract-wc-data.php:810
Stack trace:
#0 /home/zopnow/public_html/wp-content/plugins/woocommerce/includes/class-wc-order.php(1121): WC_Data->error('order_invalid_b...', 'Invalid billing...')
#1 /home/zopnow/public_html/wp-content/plugins/woocommerce/includes/legacy/abstract-wc-legacy-order.php(337): WC_Order->set_billing_email('waqas1801@gmail...')
#2 /home/zopnow/public_html/wp-content/themes/zopnow/functions.php(2629): WC_Abstract_Legacy_Order->set_address(Array, 'billing')
#3 /home/zopnow/public_html/wp-includes/class-wp-hook.php(287): submited_ajax_order_data('')
#4 /home/zopnow/public_html/wp-includes/class-wp-hook.php(311): WP_Hook->apply_filters('', Array)
#5 /home/zopnow/public_html/wp-includes/plugin.php(478): WP_Hook->do_action(Array)
#6 /home/zopnow/public_html/wp-admin/admin-ajax.php(190): do_action('wp_ajax_nopriv_...')
#7 {main}
  thrown in /home/zopnow/public_html/wp-content/plugins/woocommerce/includes/abstracts/abstract-wc-data.php on line 810

2021-04-16T05:18:09+00:00 CRITICAL Uncaught WC_Data_Exception: Invalid billing email address in /home/zopnow/public_html/wp-content/plugins/woocommerce/includes/abstracts/abstract-wc-data.php:810
Stack trace:
#0 /home/zopnow/public_html/wp-content/plugins/woocommerce/includes/class-wc-order.php(1121): WC_Data->error('order_invalid_b...', 'Invalid billing...')
#1 /home/zopnow/public_html/wp-content/plugins/woocommerce/includes/legacy/abstract-wc-legacy-order.php(337): WC_Order->set_billing_email('aspaka795gmaill...')
#2 /home/zopnow/public_html/wp-content/themes/zopnow/functions.php(2629): WC_Abstract_Legacy_Order->set_address(Array, 'billing')
#3 /home/zopnow/public_html/wp-includes/class-wp-hook.php(287): submited_ajax_order_data('')
#4 /home/zopnow/public_html/wp-includes/class-wp-hook.php(311): WP_Hook->apply_filters('', Array)
#5 /home/zopnow/public_html/wp-includes/plugin.php(478): WP_Hook->do_action(Array)
#6 /home/zopnow/public_html/wp-admin/admin-ajax.php(190): do_action('wp_ajax_nopriv_...')
#7 {main}
  thrown in /home/zopnow/public_html/wp-content/plugins/woocommerce/includes/abstracts/abstract-wc-data.php on line 810

2021-04-16T05:18:11+00:00 CRITICAL Uncaught WC_Data_Exception: Invalid billing email address in /home/zopnow/public_html/wp-content/plugins/woocommerce/includes/abstracts/abstract-wc-data.php:810
Stack trace:
#0 /home/zopnow/public_html/wp-content/plugins/woocommerce/includes/class-wc-order.php(1121): WC_Data->error('order_invalid_b...', 'Invalid billing...')
#1 /home/zopnow/public_html/wp-content/plugins/woocommerce/includes/legacy/abstract-wc-legacy-order.php(337): WC_Order->set_billing_email('aspaka795gmaill...')
#2 /home/zopnow/public_html/wp-content/themes/zopnow/functions.php(2629): WC_Abstract_Legacy_Order->set_address(Array, 'billing')
#3 /home/zopnow/public_html/wp-includes/class-wp-hook.php(287): submited_ajax_order_data('')
#4 /home/zopnow/public_html/wp-includes/class-wp-hook.php(311): WP_Hook->apply_filters('', Array)
#5 /home/zopnow/public_html/wp-includes/plugin.php(478): WP_Hook->do_action(Array)
#6 /home/zopnow/public_html/wp-admin/admin-ajax.php(190): do_action('wp_ajax_nopriv_...')
#7 {main}
  thrown in /home/zopnow/public_html/wp-content/plugins/woocommerce/includes/abstracts/abstract-wc-data.php on line 810

2021-04-16T05:18:11+00:00 CRITICAL Uncaught WC_Data_Exception: Invalid billing email address in /home/zopnow/public_html/wp-content/plugins/woocommerce/includes/abstracts/abstract-wc-data.php:810
Stack trace:
#0 /home/zopnow/public_html/wp-content/plugins/woocommerce/includes/class-wc-order.php(1121): WC_Data->error('order_invalid_b...', 'Invalid billing...')
#1 /home/zopnow/public_html/wp-content/plugins/woocommerce/includes/legacy/abstract-wc-legacy-order.php(337): WC_Order->set_billing_email('aspaka795gmaill...')
#2 /home/zopnow/public_html/wp-content/themes/zopnow/functions.php(2629): WC_Abstract_Legacy_Order->set_address(Array, 'billing')
#3 /home/zopnow/public_html/wp-includes/class-wp-hook.php(287): submited_ajax_order_data('')
#4 /home/zopnow/public_html/wp-includes/class-wp-hook.php(311): WP_Hook->apply_filters('', Array)
#5 /home/zopnow/public_html/wp-includes/plugin.php(478): WP_Hook->do_action(Array)
#6 /home/zopnow/public_html/wp-admin/admin-ajax.php(190): do_action('wp_ajax_nopriv_...')
#7 {main}
  thrown in /home/zopnow/public_html/wp-content/plugins/woocommerce/includes/abstracts/abstract-wc-data.php on line 810

2021-04-16T05:23:41+00:00 CRITICAL Uncaught Error: Call to a member function is_type() on bool in /home/zopnow/public_html/wp-content/themes/zopnow/functions.php:1778
Stack trace:
#0 /home/zopnow/public_html/wp-includes/class-wp-hook.php(287): load_discount_label_for_product_variant('')
#1 /home/zopnow/public_html/wp-includes/class-wp-hook.php(311): WP_Hook->apply_filters('', Array)
#2 /home/zopnow/public_html/wp-includes/plugin.php(478): WP_Hook->do_action(Array)
#3 /home/zopnow/public_html/wp-admin/admin-ajax.php(190): do_action('wp_ajax_nopriv_...')
#4 {main}
  thrown in /home/zopnow/public_html/wp-content/themes/zopnow/functions.php on line 1778

2021-04-16T05:35:24+00:00 CRITICAL Uncaught Error: Call to a member function is_type() on bool in /home/zopnow/public_html/wp-content/themes/zopnow/functions.php:1778
Stack trace:
#0 /home/zopnow/public_html/wp-includes/class-wp-hook.php(287): load_discount_label_for_product_variant('')
#1 /home/zopnow/public_html/wp-includes/class-wp-hook.php(311): WP_Hook->apply_filters('', Array)
#2 /home/zopnow/public_html/wp-includes/plugin.php(478): WP_Hook->do_action(Array)
#3 /home/zopnow/public_html/wp-admin/admin-ajax.php(190): do_action('wp_ajax_nopriv_...')
#4 {main}
  thrown in /home/zopnow/public_html/wp-content/themes/zopnow/functions.php on line 1778

2021-04-16T05:37:11+00:00 CRITICAL Uncaught Error: Call to a member function is_type() on bool in /home/zopnow/public_html/wp-content/themes/zopnow/functions.php:1778
Stack trace:
#0 /home/zopnow/public_html/wp-includes/class-wp-hook.php(287): load_discount_label_for_product_variant('')
#1 /home/zopnow/public_html/wp-includes/class-wp-hook.php(311): WP_Hook->apply_filters('', Array)
#2 /home/zopnow/public_html/wp-includes/plugin.php(478): WP_Hook->do_action(Array)
#3 /home/zopnow/public_html/wp-admin/admin-ajax.php(190): do_action('wp_ajax_nopriv_...')
#4 {main}
  thrown in /home/zopnow/public_html/wp-content/themes/zopnow/functions.php on line 1778

2021-04-16T05:42:21+00:00 CRITICAL Uncaught Error: Call to a member function is_type() on bool in /home/zopnow/public_html/wp-content/themes/zopnow/functions.php:1778
Stack trace:
#0 /home/zopnow/public_html/wp-includes/class-wp-hook.php(287): load_discount_label_for_product_variant('')
#1 /home/zopnow/public_html/wp-includes/class-wp-hook.php(311): WP_Hook->apply_filters('', Array)
#2 /home/zopnow/public_html/wp-includes/plugin.php(478): WP_Hook->do_action(Array)
#3 /home/zopnow/public_html/wp-admin/admin-ajax.php(190): do_action('wp_ajax_nopriv_...')
#4 {main}
  thrown in /home/zopnow/public_html/wp-content/themes/zopnow/functions.php on line 1778

2021-04-16T05:51:29+00:00 CRITICAL Uncaught Error: Call to a member function is_type() on bool in /home/zopnow/public_html/wp-content/themes/zopnow/functions.php:1778
Stack trace:
#0 /home/zopnow/public_html/wp-includes/class-wp-hook.php(287): load_discount_label_for_product_variant('')
#1 /home/zopnow/public_html/wp-includes/class-wp-hook.php(311): WP_Hook->apply_filters('', Array)
#2 /home/zopnow/public_html/wp-includes/plugin.php(478): WP_Hook->do_action(Array)
#3 /home/zopnow/public_html/wp-admin/admin-ajax.php(190): do_action('wp_ajax_nopriv_...')
#4 {main}
  thrown in /home/zopnow/public_html/wp-content/themes/zopnow/functions.php on line 1778

2021-04-16T05:54:31+00:00 CRITICAL Uncaught Error: Call to a member function is_type() on bool in /home/zopnow/public_html/wp-content/themes/zopnow/functions.php:1778
Stack trace:
#0 /home/zopnow/public_html/wp-includes/class-wp-hook.php(287): load_discount_label_for_product_variant('')
#1 /home/zopnow/public_html/wp-includes/class-wp-hook.php(311): WP_Hook->apply_filters('', Array)
#2 /home/zopnow/public_html/wp-includes/plugin.php(478): WP_Hook->do_action(Array)
#3 /home/zopnow/public_html/wp-admin/admin-ajax.php(190): do_action('wp_ajax_nopriv_...')
#4 {main}
  thrown in /home/zopnow/public_html/wp-content/themes/zopnow/functions.php on line 1778

2021-04-16T05:57:22+00:00 CRITICAL Uncaught Error: Call to a member function is_type() on bool in /home/zopnow/public_html/wp-content/themes/zopnow/functions.php:1778
Stack trace:
#0 /home/zopnow/public_html/wp-includes/class-wp-hook.php(287): load_discount_label_for_product_variant('')
#1 /home/zopnow/public_html/wp-includes/class-wp-hook.php(311): WP_Hook->apply_filters('', Array)
#2 /home/zopnow/public_html/wp-includes/plugin.php(478): WP_Hook->do_action(Array)
#3 /home/zopnow/public_html/wp-admin/admin-ajax.php(190): do_action('wp_ajax_nopriv_...')
#4 {main}
  thrown in /home/zopnow/public_html/wp-content/themes/zopnow/functions.php on line 1778

2021-04-16T06:00:38+00:00 CRITICAL Uncaught Error: Call to a member function is_type() on bool in /home/zopnow/public_html/wp-content/themes/zopnow/functions.php:1359
Stack trace:
#0 /home/zopnow/public_html/wp-includes/class-wp-hook.php(287): action_on_change_variant_dropdown('')
#1 /home/zopnow/public_html/wp-includes/class-wp-hook.php(311): WP_Hook->apply_filters('', Array)
#2 /home/zopnow/public_html/wp-includes/plugin.php(478): WP_Hook->do_action(Array)
#3 /home/zopnow/public_html/wp-admin/admin-ajax.php(190): do_action('wp_ajax_nopriv_...')
#4 {main}
  thrown in /home/zopnow/public_html/wp-content/themes/zopnow/functions.php on line 1359

2021-04-16T06:02:44+00:00 CRITICAL Uncaught WC_Data_Exception: Invalid billing email address in /home/zopnow/public_html/wp-content/plugins/woocommerce/includes/abstracts/abstract-wc-data.php:810
Stack trace:
#0 /home/zopnow/public_html/wp-content/plugins/woocommerce/includes/class-wc-order.php(1121): WC_Data->error('order_invalid_b...', 'Invalid billing...')
#1 /home/zopnow/public_html/wp-content/plugins/woocommerce/includes/legacy/abstract-wc-legacy-order.php(337): WC_Order->set_billing_email('pradhan heights...')
#2 /home/zopnow/public_html/wp-content/themes/zopnow/functions.php(2629): WC_Abstract_Legacy_Order->set_address(Array, 'billing')
#3 /home/zopnow/public_html/wp-includes/class-wp-hook.php(287): submited_ajax_order_data('')
#4 /home/zopnow/public_html/wp-includes/class-wp-hook.php(311): WP_Hook->apply_filters('', Array)
#5 /home/zopnow/public_html/wp-includes/plugin.php(478): WP_Hook->do_action(Array)
#6 /home/zopnow/public_html/wp-admin/admin-ajax.php(190): do_action('wp_ajax_nopriv_...')
#7 {main}
  thrown in /home/zopnow/public_html/wp-content/plugins/woocommerce/includes/abstracts/abstract-wc-data.php on line 810

2021-04-16T06:03:56+00:00 CRITICAL Uncaught WC_Data_Exception: Invalid billing email address in /home/zopnow/public_html/wp-content/plugins/woocommerce/includes/abstracts/abstract-wc-data.php:810
Stack trace:
#0 /home/zopnow/public_html/wp-content/plugins/woocommerce/includes/class-wc-order.php(1121): WC_Data->error('order_invalid_b...', 'Invalid billing...')
#1 /home/zopnow/public_html/wp-content/plugins/woocommerce/includes/legacy/abstract-wc-legacy-order.php(337): WC_Order->set_billing_email('pradhan heights...')
#2 /home/zopnow/public_html/wp-content/themes/zopnow/functions.php(2629): WC_Abstract_Legacy_Order->set_address(Array, 'billing')
#3 /home/zopnow/public_html/wp-includes/class-wp-hook.php(287): submited_ajax_order_data('')
#4 /home/zopnow/public_html/wp-includes/class-wp-hook.php(311): WP_Hook->apply_filters('', Array)
#5 /home/zopnow/public_html/wp-includes/plugin.php(478): WP_Hook->do_action(Array)
#6 /home/zopnow/public_html/wp-admin/admin-ajax.php(190): do_action('wp_ajax_nopriv_...')
#7 {main}
  thrown in /home/zopnow/public_html/wp-content/plugins/woocommerce/includes/abstracts/abstract-wc-data.php on line 810

2021-04-16T06:04:37+00:00 CRITICAL Uncaught WC_Data_Exception: Invalid billing email address in /home/zopnow/public_html/wp-content/plugins/woocommerce/includes/abstracts/abstract-wc-data.php:810
Stack trace:
#0 /home/zopnow/public_html/wp-content/plugins/woocommerce/includes/class-wc-order.php(1121): WC_Data->error('order_invalid_b...', 'Invalid billing...')
#1 /home/zopnow/public_html/wp-content/plugins/woocommerce/includes/legacy/abstract-wc-legacy-order.php(337): WC_Order->set_billing_email('pradhan heights...')
#2 /home/zopnow/public_html/wp-content/themes/zopnow/functions.php(2629): WC_Abstract_Legacy_Order->set_address(Array, 'billing')
#3 /home/zopnow/public_html/wp-includes/class-wp-hook.php(287): submited_ajax_order_data('')
#4 /home/zopnow/public_html/wp-includes/class-wp-hook.php(311): WP_Hook->apply_filters('', Array)
#5 /home/zopnow/public_html/wp-includes/plugin.php(478): WP_Hook->do_action(Array)
#6 /home/zopnow/public_html/wp-admin/admin-ajax.php(190): do_action('wp_ajax_nopriv_...')
#7 {main}
  thrown in /home/zopnow/public_html/wp-content/plugins/woocommerce/includes/abstracts/abstract-wc-data.php on line 810

2021-04-16T06:07:36+00:00 CRITICAL Uncaught Error: Call to a member function is_type() on bool in /home/zopnow/public_html/wp-content/themes/zopnow/functions.php:1778
Stack trace:
#0 /home/zopnow/public_html/wp-includes/class-wp-hook.php(287): load_discount_label_for_product_variant('')
#1 /home/zopnow/public_html/wp-includes/class-wp-hook.php(311): WP_Hook->apply_filters('', Array)
#2 /home/zopnow/public_html/wp-includes/plugin.php(478): WP_Hook->do_action(Array)
#3 /home/zopnow/public_html/wp-admin/admin-ajax.php(190): do_action('wp_ajax_nopriv_...')
#4 {main}
  thrown in /home/zopnow/public_html/wp-content/themes/zopnow/functions.php on line 1778

2021-04-16T06:08:09+00:00 CRITICAL Uncaught WC_Data_Exception: Invalid billing email address in /home/zopnow/public_html/wp-content/plugins/woocommerce/includes/abstracts/abstract-wc-data.php:810
Stack trace:
#0 /home/zopnow/public_html/wp-content/plugins/woocommerce/includes/class-wc-order.php(1121): WC_Data->error('order_invalid_b...', 'Invalid billing...')
#1 /home/zopnow/public_html/wp-content/plugins/woocommerce/includes/legacy/abstract-wc-legacy-order.php(337): WC_Order->set_billing_email('3-1-216')
#2 /home/zopnow/public_html/wp-content/themes/zopnow/functions.php(2629): WC_Abstract_Legacy_Order->set_address(Array, 'billing')
#3 /home/zopnow/public_html/wp-includes/class-wp-hook.php(287): submited_ajax_order_data('')
#4 /home/zopnow/public_html/wp-includes/class-wp-hook.php(311): WP_Hook->apply_filters('', Array)
#5 /home/zopnow/public_html/wp-includes/plugin.php(478): WP_Hook->do_action(Array)
#6 /home/zopnow/public_html/wp-admin/admin-ajax.php(190): do_action('wp_ajax_nopriv_...')
#7 {main}
  thrown in /home/zopnow/public_html/wp-content/plugins/woocommerce/includes/abstracts/abstract-wc-data.php on line 810

2021-04-16T06:15:41+00:00 CRITICAL Uncaught Error: Call to a member function is_type() on bool in /home/zopnow/public_html/wp-content/themes/zopnow/functions.php:1778
Stack trace:
#0 /home/zopnow/public_html/wp-includes/class-wp-hook.php(287): load_discount_label_for_product_variant('')
#1 /home/zopnow/public_html/wp-includes/class-wp-hook.php(311): WP_Hook->apply_filters('', Array)
#2 /home/zopnow/public_html/wp-includes/plugin.php(478): WP_Hook->do_action(Array)
#3 /home/zopnow/public_html/wp-admin/admin-ajax.php(190): do_action('wp_ajax_nopriv_...')
#4 {main}
  thrown in /home/zopnow/public_html/wp-content/themes/zopnow/functions.php on line 1778

2021-04-16T06:15:46+00:00 CRITICAL Uncaught Error: Call to a member function is_type() on bool in /home/zopnow/public_html/wp-content/themes/zopnow/functions.php:1778
Stack trace:
#0 /home/zopnow/public_html/wp-includes/class-wp-hook.php(287): load_discount_label_for_product_variant('')
#1 /home/zopnow/public_html/wp-includes/class-wp-hook.php(311): WP_Hook->apply_filters('', Array)
#2 /home/zopnow/public_html/wp-includes/plugin.php(478): WP_Hook->do_action(Array)
#3 /home/zopnow/public_html/wp-admin/admin-ajax.php(190): do_action('wp_ajax_nopriv_...')
#4 {main}
  thrown in /home/zopnow/public_html/wp-content/themes/zopnow/functions.php on line 1778

2021-04-16T06:16:17+00:00 CRITICAL Uncaught Error: Call to a member function is_type() on bool in /home/zopnow/public_html/wp-content/themes/zopnow/functions.php:1778
Stack trace:
#0 /home/zopnow/public_html/wp-includes/class-wp-hook.php(287): load_discount_label_for_product_variant('')
#1 /home/zopnow/public_html/wp-includes/class-wp-hook.php(311): WP_Hook->apply_filters('', Array)
#2 /home/zopnow/public_html/wp-includes/plugin.php(478): WP_Hook->do_action(Array)
#3 /home/zopnow/public_html/wp-admin/admin-ajax.php(190): do_action('wp_ajax_nopriv_...')
#4 {main}
  thrown in /home/zopnow/public_html/wp-content/themes/zopnow/functions.php on line 1778

2021-04-16T06:21:35+00:00 CRITICAL Uncaught Error: Call to a member function is_type() on bool in /home/zopnow/public_html/wp-content/themes/zopnow/functions.php:1778
Stack trace:
#0 /home/zopnow/public_html/wp-includes/class-wp-hook.php(287): load_discount_label_for_product_variant('')
#1 /home/zopnow/public_html/wp-includes/class-wp-hook.php(311): WP_Hook->apply_filters('', Array)
#2 /home/zopnow/public_html/wp-includes/plugin.php(478): WP_Hook->do_action(Array)
#3 /home/zopnow/public_html/wp-admin/admin-ajax.php(190): do_action('wp_ajax_nopriv_...')
#4 {main}
  thrown in /home/zopnow/public_html/wp-content/themes/zopnow/functions.php on line 1778

2021-04-16T06:21:40+00:00 CRITICAL Uncaught Error: Call to a member function is_type() on bool in /home/zopnow/public_html/wp-content/themes/zopnow/functions.php:1778
Stack trace:
#0 /home/zopnow/public_html/wp-includes/class-wp-hook.php(287): load_discount_label_for_product_variant('')
#1 /home/zopnow/public_html/wp-includes/class-wp-hook.php(311): WP_Hook->apply_filters('', Array)
#2 /home/zopnow/public_html/wp-includes/plugin.php(478): WP_Hook->do_action(Array)
#3 /home/zopnow/public_html/wp-admin/admin-ajax.php(190): do_action('wp_ajax_nopriv_...')
#4 {main}
  thrown in /home/zopnow/public_html/wp-content/themes/zopnow/functions.php on line 1778

2021-04-16T06:24:58+00:00 CRITICAL Uncaught Error: Call to a member function is_type() on bool in /home/zopnow/public_html/wp-content/themes/zopnow/functions.php:1778
Stack trace:
#0 /home/zopnow/public_html/wp-includes/class-wp-hook.php(287): load_discount_label_for_product_variant('')
#1 /home/zopnow/public_html/wp-includes/class-wp-hook.php(311): WP_Hook->apply_filters('', Array)
#2 /home/zopnow/public_html/wp-includes/plugin.php(478): WP_Hook->do_action(Array)
#3 /home/zopnow/public_html/wp-admin/admin-ajax.php(190): do_action('wp_ajax_nopriv_...')
#4 {main}
  thrown in /home/zopnow/public_html/wp-content/themes/zopnow/functions.php on line 1778

2021-04-16T06:27:20+00:00 CRITICAL Uncaught Error: Call to a member function is_type() on bool in /home/zopnow/public_html/wp-content/themes/zopnow/functions.php:1778
Stack trace:
#0 /home/zopnow/public_html/wp-includes/class-wp-hook.php(287): load_discount_label_for_product_variant('')
#1 /home/zopnow/public_html/wp-includes/class-wp-hook.php(311): WP_Hook->apply_filters('', Array)
#2 /home/zopnow/public_html/wp-includes/plugin.php(478): WP_Hook->do_action(Array)
#3 /home/zopnow/public_html/wp-admin/admin-ajax.php(190): do_action('wp_ajax_nopriv_...')
#4 {main}
  thrown in /home/zopnow/public_html/wp-content/themes/zopnow/functions.php on line 1778

2021-04-16T06:28:42+00:00 CRITICAL Uncaught Error: Call to a member function is_type() on bool in /home/zopnow/public_html/wp-content/themes/zopnow/functions.php:1778
Stack trace:
#0 /home/zopnow/public_html/wp-includes/class-wp-hook.php(287): load_discount_label_for_product_variant('')
#1 /home/zopnow/public_html/wp-includes/class-wp-hook.php(311): WP_Hook->apply_filters('', Array)
#2 /home/zopnow/public_html/wp-includes/plugin.php(478): WP_Hook->do_action(Array)
#3 /home/zopnow/public_html/wp-admin/admin-ajax.php(190): do_action('wp_ajax_nopriv_...')
#4 {main}
  thrown in /home/zopnow/public_html/wp-content/themes/zopnow/functions.php on line 1778

2021-04-16T06:30:06+00:00 CRITICAL Uncaught Error: Call to a member function is_type() on bool in /home/zopnow/public_html/wp-content/themes/zopnow/functions.php:1778
Stack trace:
#0 /home/zopnow/public_html/wp-includes/class-wp-hook.php(287): load_discount_label_for_product_variant('')
#1 /home/zopnow/public_html/wp-includes/class-wp-hook.php(311): WP_Hook->apply_filters('', Array)
#2 /home/zopnow/public_html/wp-includes/plugin.php(478): WP_Hook->do_action(Array)
#3 /home/zopnow/public_html/wp-admin/admin-ajax.php(190): do_action('wp_ajax_nopriv_...')
#4 {main}
  thrown in /home/zopnow/public_html/wp-content/themes/zopnow/functions.php on line 1778

2021-04-16T06:30:15+00:00 CRITICAL Uncaught Error: Call to a member function is_type() on bool in /home/zopnow/public_html/wp-content/themes/zopnow/functions.php:1778
Stack trace:
#0 /home/zopnow/public_html/wp-includes/class-wp-hook.php(287): load_discount_label_for_product_variant('')
#1 /home/zopnow/public_html/wp-includes/class-wp-hook.php(311): WP_Hook->apply_filters('', Array)
#2 /home/zopnow/public_html/wp-includes/plugin.php(478): WP_Hook->do_action(Array)
#3 /home/zopnow/public_html/wp-admin/admin-ajax.php(190): do_action('wp_ajax_nopriv_...')
#4 {main}
  thrown in /home/zopnow/public_html/wp-content/themes/zopnow/functions.php on line 1778

2021-04-16T06:31:58+00:00 CRITICAL Uncaught Error: Call to a member function is_type() on bool in /home/zopnow/public_html/wp-content/themes/zopnow/functions.php:1778
Stack trace:
#0 /home/zopnow/public_html/wp-includes/class-wp-hook.php(287): load_discount_label_for_product_variant('')
#1 /home/zopnow/public_html/wp-includes/class-wp-hook.php(311): WP_Hook->apply_filters('', Array)
#2 /home/zopnow/public_html/wp-includes/plugin.php(478): WP_Hook->do_action(Array)
#3 /home/zopnow/public_html/wp-admin/admin-ajax.php(190): do_action('wp_ajax_nopriv_...')
#4 {main}
  thrown in /home/zopnow/public_html/wp-content/themes/zopnow/functions.php on line 1778

2021-04-16T06:32:21+00:00 CRITICAL Uncaught Error: Call to a member function is_type() on bool in /home/zopnow/public_html/wp-content/themes/zopnow/functions.php:1778
Stack trace:
#0 /home/zopnow/public_html/wp-includes/class-wp-hook.php(287): load_discount_label_for_product_variant('')
#1 /home/zopnow/public_html/wp-includes/class-wp-hook.php(311): WP_Hook->apply_filters('', Array)
#2 /home/zopnow/public_html/wp-includes/plugin.php(478): WP_Hook->do_action(Array)
#3 /home/zopnow/public_html/wp-admin/admin-ajax.php(190): do_action('wp_ajax_nopriv_...')
#4 {main}
  thrown in /home/zopnow/public_html/wp-content/themes/zopnow/functions.php on line 1778

2021-04-16T06:34:33+00:00 CRITICAL Uncaught Error: Call to a member function is_type() on bool in /home/zopnow/public_html/wp-content/themes/zopnow/functions.php:1778
Stack trace:
#0 /home/zopnow/public_html/wp-includes/class-wp-hook.php(287): load_discount_label_for_product_variant('')
#1 /home/zopnow/public_html/wp-includes/class-wp-hook.php(311): WP_Hook->apply_filters('', Array)
#2 /home/zopnow/public_html/wp-includes/plugin.php(478): WP_Hook->do_action(Array)
#3 /home/zopnow/public_html/wp-admin/admin-ajax.php(190): do_action('wp_ajax_nopriv_...')
#4 {main}
  thrown in /home/zopnow/public_html/wp-content/themes/zopnow/functions.php on line 1778

2021-04-16T06:34:35+00:00 CRITICAL Uncaught Error: Call to a member function is_type() on bool in /home/zopnow/public_html/wp-content/themes/zopnow/functions.php:1778
Stack trace:
#0 /home/zopnow/public_html/wp-includes/class-wp-hook.php(287): load_discount_label_for_product_variant('')
#1 /home/zopnow/public_html/wp-includes/class-wp-hook.php(311): WP_Hook->apply_filters('', Array)
#2 /home/zopnow/public_html/wp-includes/plugin.php(478): WP_Hook->do_action(Array)
#3 /home/zopnow/public_html/wp-admin/admin-ajax.php(190): do_action('wp_ajax_nopriv_...')
#4 {main}
  thrown in /home/zopnow/public_html/wp-content/themes/zopnow/functions.php on line 1778

2021-04-16T06:58:20+00:00 CRITICAL Uncaught WC_Data_Exception: Invalid billing email address in /home/zopnow/public_html/wp-content/plugins/woocommerce/includes/abstracts/abstract-wc-data.php:810
Stack trace:
#0 /home/zopnow/public_html/wp-content/plugins/woocommerce/includes/class-wc-order.php(1121): WC_Data->error('order_invalid_b...', 'Invalid billing...')
#1 /home/zopnow/public_html/wp-content/plugins/woocommerce/includes/legacy/abstract-wc-legacy-order.php(337): WC_Order->set_billing_email('Kailash880202@g...')
#2 /home/zopnow/public_html/wp-content/themes/zopnow/functions.php(2629): WC_Abstract_Legacy_Order->set_address(Array, 'billing')
#3 /home/zopnow/public_html/wp-includes/class-wp-hook.php(287): submited_ajax_order_data('')
#4 /home/zopnow/public_html/wp-includes/class-wp-hook.php(311): WP_Hook->apply_filters('', Array)
#5 /home/zopnow/public_html/wp-includes/plugin.php(478): WP_Hook->do_action(Array)
#6 /home/zopnow/public_html/wp-admin/admin-ajax.php(190): do_action('wp_ajax_nopriv_...')
#7 {main}
  thrown in /home/zopnow/public_html/wp-content/plugins/woocommerce/includes/abstracts/abstract-wc-data.php on line 810

2021-04-16T06:59:39+00:00 CRITICAL Uncaught Error: Call to a member function is_type() on bool in /home/zopnow/public_html/wp-content/themes/zopnow/functions.php:1778
Stack trace:
#0 /home/zopnow/public_html/wp-includes/class-wp-hook.php(287): load_discount_label_for_product_variant('')
#1 /home/zopnow/public_html/wp-includes/class-wp-hook.php(311): WP_Hook->apply_filters('', Array)
#2 /home/zopnow/public_html/wp-includes/plugin.php(478): WP_Hook->do_action(Array)
#3 /home/zopnow/public_html/wp-admin/admin-ajax.php(190): do_action('wp_ajax_nopriv_...')
#4 {main}
  thrown in /home/zopnow/public_html/wp-content/themes/zopnow/functions.php on line 1778

2021-04-16T07:02:49+00:00 CRITICAL Uncaught WC_Data_Exception: Invalid billing email address in /home/zopnow/public_html/wp-content/plugins/woocommerce/includes/abstracts/abstract-wc-data.php:810
Stack trace:
#0 /home/zopnow/public_html/wp-content/plugins/woocommerce/includes/class-wc-order.php(1121): WC_Data->error('order_invalid_b...', 'Invalid billing...')
#1 /home/zopnow/public_html/wp-content/plugins/woocommerce/includes/legacy/abstract-wc-legacy-order.php(337): WC_Order->set_billing_email('Kailash880202@g...')
#2 /home/zopnow/public_html/wp-content/themes/zopnow/functions.php(2629): WC_Abstract_Legacy_Order->set_address(Array, 'billing')
#3 /home/zopnow/public_html/wp-includes/class-wp-hook.php(287): submited_ajax_order_data('')
#4 /home/zopnow/public_html/wp-includes/class-wp-hook.php(311): WP_Hook->apply_filters('', Array)
#5 /home/zopnow/public_html/wp-includes/plugin.php(478): WP_Hook->do_action(Array)
#6 /home/zopnow/public_html/wp-admin/admin-ajax.php(190): do_action('wp_ajax_nopriv_...')
#7 {main}
  thrown in /home/zopnow/public_html/wp-content/plugins/woocommerce/includes/abstracts/abstract-wc-data.php on line 810

2021-04-16T07:02:49+00:00 CRITICAL Uncaught WC_Data_Exception: Invalid billing email address in /home/zopnow/public_html/wp-content/plugins/woocommerce/includes/abstracts/abstract-wc-data.php:810
Stack trace:
#0 /home/zopnow/public_html/wp-content/plugins/woocommerce/includes/class-wc-order.php(1121): WC_Data->error('order_invalid_b...', 'Invalid billing...')
#1 /home/zopnow/public_html/wp-content/plugins/woocommerce/includes/legacy/abstract-wc-legacy-order.php(337): WC_Order->set_billing_email('Kailash880202@g...')
#2 /home/zopnow/public_html/wp-content/themes/zopnow/functions.php(2629): WC_Abstract_Legacy_Order->set_address(Array, 'billing')
#3 /home/zopnow/public_html/wp-includes/class-wp-hook.php(287): submited_ajax_order_data('')
#4 /home/zopnow/public_html/wp-includes/class-wp-hook.php(311): WP_Hook->apply_filters('', Array)
#5 /home/zopnow/public_html/wp-includes/plugin.php(478): WP_Hook->do_action(Array)
#6 /home/zopnow/public_html/wp-admin/admin-ajax.php(190): do_action('wp_ajax_nopriv_...')
#7 {main}
  thrown in /home/zopnow/public_html/wp-content/plugins/woocommerce/includes/abstracts/abstract-wc-data.php on line 810

2021-04-16T07:02:49+00:00 CRITICAL Uncaught WC_Data_Exception: Invalid billing email address in /home/zopnow/public_html/wp-content/plugins/woocommerce/includes/abstracts/abstract-wc-data.php:810
Stack trace:
#0 /home/zopnow/public_html/wp-content/plugins/woocommerce/includes/class-wc-order.php(1121): WC_Data->error('order_invalid_b...', 'Invalid billing...')
#1 /home/zopnow/public_html/wp-content/plugins/woocommerce/includes/legacy/abstract-wc-legacy-order.php(337): WC_Order->set_billing_email('Kailash880202@g...')
#2 /home/zopnow/public_html/wp-content/themes/zopnow/functions.php(2629): WC_Abstract_Legacy_Order->set_address(Array, 'billing')
#3 /home/zopnow/public_html/wp-includes/class-wp-hook.php(287): submited_ajax_order_data('')
#4 /home/zopnow/public_html/wp-includes/class-wp-hook.php(311): WP_Hook->apply_filters('', Array)
#5 /home/zopnow/public_html/wp-includes/plugin.php(478): WP_Hook->do_action(Array)
#6 /home/zopnow/public_html/wp-admin/admin-ajax.php(190): do_action('wp_ajax_nopriv_...')
#7 {main}
  thrown in /home/zopnow/public_html/wp-content/plugins/woocommerce/includes/abstracts/abstract-wc-data.php on line 810

2021-04-16T07:07:11+00:00 CRITICAL Uncaught WC_Data_Exception: Invalid billing email address in /home/zopnow/public_html/wp-content/plugins/woocommerce/includes/abstracts/abstract-wc-data.php:810
Stack trace:
#0 /home/zopnow/public_html/wp-content/plugins/woocommerce/includes/class-wc-order.php(1121): WC_Data->error('order_invalid_b...', 'Invalid billing...')
#1 /home/zopnow/public_html/wp-content/plugins/woocommerce/includes/legacy/abstract-wc-legacy-order.php(337): WC_Order->set_billing_email('vinod.sharma268...')
#2 /home/zopnow/public_html/wp-content/themes/zopnow/functions.php(2629): WC_Abstract_Legacy_Order->set_address(Array, 'billing')
#3 /home/zopnow/public_html/wp-includes/class-wp-hook.php(287): submited_ajax_order_data('')
#4 /home/zopnow/public_html/wp-includes/class-wp-hook.php(311): WP_Hook->apply_filters('', Array)
#5 /home/zopnow/public_html/wp-includes/plugin.php(478): WP_Hook->do_action(Array)
#6 /home/zopnow/public_html/wp-admin/admin-ajax.php(190): do_action('wp_ajax_nopriv_...')
#7 {main}
  thrown in /home/zopnow/public_html/wp-content/plugins/woocommerce/includes/abstracts/abstract-wc-data.php on line 810

2021-04-16T07:15:59+00:00 CRITICAL Uncaught Error: Call to a member function is_type() on bool in /home/zopnow/public_html/wp-content/themes/zopnow/functions.php:1359
Stack trace:
#0 /home/zopnow/public_html/wp-includes/class-wp-hook.php(287): action_on_change_variant_dropdown('')
#1 /home/zopnow/public_html/wp-includes/class-wp-hook.php(311): WP_Hook->apply_filters('', Array)
#2 /home/zopnow/public_html/wp-includes/plugin.php(478): WP_Hook->do_action(Array)
#3 /home/zopnow/public_html/wp-admin/admin-ajax.php(190): do_action('wp_ajax_nopriv_...')
#4 {main}
  thrown in /home/zopnow/public_html/wp-content/themes/zopnow/functions.php on line 1359

2021-04-16T07:29:52+00:00 CRITICAL Uncaught WC_Data_Exception: Invalid billing email address in /home/zopnow/public_html/wp-content/plugins/woocommerce/includes/abstracts/abstract-wc-data.php:810
Stack trace:
#0 /home/zopnow/public_html/wp-content/plugins/woocommerce/includes/class-wc-order.php(1121): WC_Data->error('order_invalid_b...', 'Invalid billing...')
#1 /home/zopnow/public_html/wp-content/plugins/woocommerce/includes/legacy/abstract-wc-legacy-order.php(337): WC_Order->set_billing_email('Kailash880202@g...')
#2 /home/zopnow/public_html/wp-content/themes/zopnow/functions.php(2629): WC_Abstract_Legacy_Order->set_address(Array, 'billing')
#3 /home/zopnow/public_html/wp-includes/class-wp-hook.php(287): submited_ajax_order_data('')
#4 /home/zopnow/public_html/wp-includes/class-wp-hook.php(311): WP_Hook->apply_filters('', Array)
#5 /home/zopnow/public_html/wp-includes/plugin.php(478): WP_Hook->do_action(Array)
#6 /home/zopnow/public_html/wp-admin/admin-ajax.php(190): do_action('wp_ajax_nopriv_...')
#7 {main}
  thrown in /home/zopnow/public_html/wp-content/plugins/woocommerce/includes/abstracts/abstract-wc-data.php on line 810

2021-04-16T07:30:43+00:00 CRITICAL Uncaught WC_Data_Exception: Invalid billing email address in /home/zopnow/public_html/wp-content/plugins/woocommerce/includes/abstracts/abstract-wc-data.php:810
Stack trace:
#0 /home/zopnow/public_html/wp-content/plugins/woocommerce/includes/class-wc-order.php(1121): WC_Data->error('order_invalid_b...', 'Invalid billing...')
#1 /home/zopnow/public_html/wp-content/plugins/woocommerce/includes/legacy/abstract-wc-legacy-order.php(337): WC_Order->set_billing_email('Kailash880202@g...')
#2 /home/zopnow/public_html/wp-content/themes/zopnow/functions.php(2629): WC_Abstract_Legacy_Order->set_address(Array, 'billing')
#3 /home/zopnow/public_html/wp-includes/class-wp-hook.php(287): submited_ajax_order_data('')
#4 /home/zopnow/public_html/wp-includes/class-wp-hook.php(311): WP_Hook->apply_filters('', Array)
#5 /home/zopnow/public_html/wp-includes/plugin.php(478): WP_Hook->do_action(Array)
#6 /home/zopnow/public_html/wp-admin/admin-ajax.php(190): do_action('wp_ajax_nopriv_...')
#7 {main}
  thrown in /home/zopnow/public_html/wp-content/plugins/woocommerce/includes/abstracts/abstract-wc-data.php on line 810

2021-04-16T07:35:08+00:00 CRITICAL Uncaught WC_Data_Exception: Invalid billing email address in /home/zopnow/public_html/wp-content/plugins/woocommerce/includes/abstracts/abstract-wc-data.php:810
Stack trace:
#0 /home/zopnow/public_html/wp-content/plugins/woocommerce/includes/class-wc-order.php(1121): WC_Data->error('order_invalid_b...', 'Invalid billing...')
#1 /home/zopnow/public_html/wp-content/plugins/woocommerce/includes/legacy/abstract-wc-legacy-order.php(337): WC_Order->set_billing_email('Kailash880202@g...')
#2 /home/zopnow/public_html/wp-content/themes/zopnow/functions.php(2629): WC_Abstract_Legacy_Order->set_address(Array, 'billing')
#3 /home/zopnow/public_html/wp-includes/class-wp-hook.php(287): submited_ajax_order_data('')
#4 /home/zopnow/public_html/wp-includes/class-wp-hook.php(311): WP_Hook->apply_filters('', Array)
#5 /home/zopnow/public_html/wp-includes/plugin.php(478): WP_Hook->do_action(Array)
#6 /home/zopnow/public_html/wp-admin/admin-ajax.php(190): do_action('wp_ajax_nopriv_...')
#7 {main}
  thrown in /home/zopnow/public_html/wp-content/plugins/woocommerce/includes/abstracts/abstract-wc-data.php on line 810

2021-04-16T07:39:04+00:00 CRITICAL Uncaught WC_Data_Exception: Invalid billing email address in /home/zopnow/public_html/wp-content/plugins/woocommerce/includes/abstracts/abstract-wc-data.php:810
Stack trace:
#0 /home/zopnow/public_html/wp-content/plugins/woocommerce/includes/class-wc-order.php(1121): WC_Data->error('order_invalid_b...', 'Invalid billing...')
#1 /home/zopnow/public_html/wp-content/plugins/woocommerce/includes/legacy/abstract-wc-legacy-order.php(337): WC_Order->set_billing_email('kailash880202@ ...')
#2 /home/zopnow/public_html/wp-content/themes/zopnow/functions.php(2629): WC_Abstract_Legacy_Order->set_address(Array, 'billing')
#3 /home/zopnow/public_html/wp-includes/class-wp-hook.php(287): submited_ajax_order_data('')
#4 /home/zopnow/public_html/wp-includes/class-wp-hook.php(311): WP_Hook->apply_filters('', Array)
#5 /home/zopnow/public_html/wp-includes/plugin.php(478): WP_Hook->do_action(Array)
#6 /home/zopnow/public_html/wp-admin/admin-ajax.php(190): do_action('wp_ajax_nopriv_...')
#7 {main}
  thrown in /home/zopnow/public_html/wp-content/plugins/woocommerce/includes/abstracts/abstract-wc-data.php on line 810

2021-04-16T10:02:34+00:00 CRITICAL Uncaught Error: Call to a member function is_type() on bool in /home/zopnow/public_html/wp-content/themes/zopnow/functions.php:1359
Stack trace:
#0 /home/zopnow/public_html/wp-includes/class-wp-hook.php(287): action_on_change_variant_dropdown('')
#1 /home/zopnow/public_html/wp-includes/class-wp-hook.php(311): WP_Hook->apply_filters('', Array)
#2 /home/zopnow/public_html/wp-includes/plugin.php(478): WP_Hook->do_action(Array)
#3 /home/zopnow/public_html/wp-admin/admin-ajax.php(190): do_action('wp_ajax_nopriv_...')
#4 {main}
  thrown in /home/zopnow/public_html/wp-content/themes/zopnow/functions.php on line 1359

2021-04-16T10:02:46+00:00 CRITICAL Uncaught Error: Call to a member function is_type() on bool in /home/zopnow/public_html/wp-content/themes/zopnow/functions.php:1359
Stack trace:
#0 /home/zopnow/public_html/wp-includes/class-wp-hook.php(287): action_on_change_variant_dropdown('')
#1 /home/zopnow/public_html/wp-includes/class-wp-hook.php(311): WP_Hook->apply_filters('', Array)
#2 /home/zopnow/public_html/wp-includes/plugin.php(478): WP_Hook->do_action(Array)
#3 /home/zopnow/public_html/wp-admin/admin-ajax.php(190): do_action('wp_ajax_nopriv_...')
#4 {main}
  thrown in /home/zopnow/public_html/wp-content/themes/zopnow/functions.php on line 1359

2021-04-16T10:02:48+00:00 CRITICAL Uncaught Error: Call to a member function is_type() on bool in /home/zopnow/public_html/wp-content/themes/zopnow/functions.php:1359
Stack trace:
#0 /home/zopnow/public_html/wp-includes/class-wp-hook.php(287): action_on_change_variant_dropdown('')
#1 /home/zopnow/public_html/wp-includes/class-wp-hook.php(311): WP_Hook->apply_filters('', Array)
#2 /home/zopnow/public_html/wp-includes/plugin.php(478): WP_Hook->do_action(Array)
#3 /home/zopnow/public_html/wp-admin/admin-ajax.php(190): do_action('wp_ajax_nopriv_...')
#4 {main}
  thrown in /home/zopnow/public_html/wp-content/themes/zopnow/functions.php on line 1359

2021-04-16T10:24:20+00:00 CRITICAL Uncaught WC_Data_Exception: Invalid billing email address in /home/zopnow/public_html/wp-content/plugins/woocommerce/includes/abstracts/abstract-wc-data.php:810
Stack trace:
#0 /home/zopnow/public_html/wp-content/plugins/woocommerce/includes/class-wc-order.php(1121): WC_Data->error('order_invalid_b...', 'Invalid billing...')
#1 /home/zopnow/public_html/wp-content/plugins/woocommerce/includes/legacy/abstract-wc-legacy-order.php(337): WC_Order->set_billing_email('.')
#2 /home/zopnow/public_html/wp-content/themes/zopnow/functions.php(2629): WC_Abstract_Legacy_Order->set_address(Array, 'billing')
#3 /home/zopnow/public_html/wp-includes/class-wp-hook.php(287): submited_ajax_order_data('')
#4 /home/zopnow/public_html/wp-includes/class-wp-hook.php(311): WP_Hook->apply_filters('', Array)
#5 /home/zopnow/public_html/wp-includes/plugin.php(478): WP_Hook->do_action(Array)
#6 /home/zopnow/public_html/wp-admin/admin-ajax.php(190): do_action('wp_ajax_nopriv_...')
#7 {main}
  thrown in /home/zopnow/public_html/wp-content/plugins/woocommerce/includes/abstracts/abstract-wc-data.php on line 810

2021-04-16T10:24:20+00:00 CRITICAL Uncaught WC_Data_Exception: Invalid billing email address in /home/zopnow/public_html/wp-content/plugins/woocommerce/includes/abstracts/abstract-wc-data.php:810
Stack trace:
#0 /home/zopnow/public_html/wp-content/plugins/woocommerce/includes/class-wc-order.php(1121): WC_Data->error('order_invalid_b...', 'Invalid billing...')
#1 /home/zopnow/public_html/wp-content/plugins/woocommerce/includes/legacy/abstract-wc-legacy-order.php(337): WC_Order->set_billing_email('.')
#2 /home/zopnow/public_html/wp-content/themes/zopnow/functions.php(2629): WC_Abstract_Legacy_Order->set_address(Array, 'billing')
#3 /home/zopnow/public_html/wp-includes/class-wp-hook.php(287): submited_ajax_order_data('')
#4 /home/zopnow/public_html/wp-includes/class-wp-hook.php(311): WP_Hook->apply_filters('', Array)
#5 /home/zopnow/public_html/wp-includes/plugin.php(478): WP_Hook->do_action(Array)
#6 /home/zopnow/public_html/wp-admin/admin-ajax.php(190): do_action('wp_ajax_nopriv_...')
#7 {main}
  thrown in /home/zopnow/public_html/wp-content/plugins/woocommerce/includes/abstracts/abstract-wc-data.php on line 810

2021-04-16T14:30:02+00:00 CRITICAL Uncaught WC_Data_Exception: Invalid billing email address in /home/zopnow/public_html/wp-content/plugins/woocommerce/includes/abstracts/abstract-wc-data.php:810
Stack trace:
#0 /home/zopnow/public_html/wp-content/plugins/woocommerce/includes/class-wc-order.php(1121): WC_Data->error('order_invalid_b...', 'Invalid billing...')
#1 /home/zopnow/public_html/wp-content/plugins/woocommerce/includes/legacy/abstract-wc-legacy-order.php(337): WC_Order->set_billing_email('kjhk')
#2 /home/zopnow/public_html/wp-content/themes/zopnow/functions.php(2629): WC_Abstract_Legacy_Order->set_address(Array, 'billing')
#3 /home/zopnow/public_html/wp-includes/class-wp-hook.php(287): submited_ajax_order_data('')
#4 /home/zopnow/public_html/wp-includes/class-wp-hook.php(311): WP_Hook->apply_filters('', Array)
#5 /home/zopnow/public_html/wp-includes/plugin.php(478): WP_Hook->do_action(Array)
#6 /home/zopnow/public_html/wp-admin/admin-ajax.php(190): do_action('wp_ajax_nopriv_...')
#7 {main}
  thrown in /home/zopnow/public_html/wp-content/plugins/woocommerce/includes/abstracts/abstract-wc-data.php on line 810

2021-04-16T14:30:21+00:00 CRITICAL Uncaught WC_Data_Exception: Invalid billing email address in /home/zopnow/public_html/wp-content/plugins/woocommerce/includes/abstracts/abstract-wc-data.php:810
Stack trace:
#0 /home/zopnow/public_html/wp-content/plugins/woocommerce/includes/class-wc-order.php(1121): WC_Data->error('order_invalid_b...', 'Invalid billing...')
#1 /home/zopnow/public_html/wp-content/plugins/woocommerce/includes/legacy/abstract-wc-legacy-order.php(337): WC_Order->set_billing_email('kjhk')
#2 /home/zopnow/public_html/wp-content/themes/zopnow/functions.php(2629): WC_Abstract_Legacy_Order->set_address(Array, 'billing')
#3 /home/zopnow/public_html/wp-includes/class-wp-hook.php(287): submited_ajax_order_data('')
#4 /home/zopnow/public_html/wp-includes/class-wp-hook.php(311): WP_Hook->apply_filters('', Array)
#5 /home/zopnow/public_html/wp-includes/plugin.php(478): WP_Hook->do_action(Array)
#6 /home/zopnow/public_html/wp-admin/admin-ajax.php(190): do_action('wp_ajax_nopriv_...')
#7 {main}
  thrown in /home/zopnow/public_html/wp-content/plugins/woocommerce/includes/abstracts/abstract-wc-data.php on line 810

2021-04-16T18:54:16+00:00 CRITICAL Uncaught WC_Data_Exception: Invalid billing email address in /home/zopnow/public_html/wp-content/plugins/woocommerce/includes/abstracts/abstract-wc-data.php:810
Stack trace:
#0 /home/zopnow/public_html/wp-content/plugins/woocommerce/includes/class-wc-order.php(1121): WC_Data->error('order_invalid_b...', 'Invalid billing...')
#1 /home/zopnow/public_html/wp-content/plugins/woocommerce/includes/legacy/abstract-wc-legacy-order.php(337): WC_Order->set_billing_email('na')
#2 /home/zopnow/public_html/wp-content/themes/zopnow/functions.php(2629): WC_Abstract_Legacy_Order->set_address(Array, 'billing')
#3 /home/zopnow/public_html/wp-includes/class-wp-hook.php(287): submited_ajax_order_data('')
#4 /home/zopnow/public_html/wp-includes/class-wp-hook.php(311): WP_Hook->apply_filters('', Array)
#5 /home/zopnow/public_html/wp-includes/plugin.php(478): WP_Hook->do_action(Array)
#6 /home/zopnow/public_html/wp-admin/admin-ajax.php(190): do_action('wp_ajax_nopriv_...')
#7 {main}
  thrown in /home/zopnow/public_html/wp-content/plugins/woocommerce/includes/abstracts/abstract-wc-data.php on line 810

2021-04-16T18:54:56+00:00 CRITICAL Uncaught WC_Data_Exception: Invalid billing email address in /home/zopnow/public_html/wp-content/plugins/woocommerce/includes/abstracts/abstract-wc-data.php:810
Stack trace:
#0 /home/zopnow/public_html/wp-content/plugins/woocommerce/includes/class-wc-order.php(1121): WC_Data->error('order_invalid_b...', 'Invalid billing...')
#1 /home/zopnow/public_html/wp-content/plugins/woocommerce/includes/legacy/abstract-wc-legacy-order.php(337): WC_Order->set_billing_email('na')
#2 /home/zopnow/public_html/wp-content/themes/zopnow/functions.php(2629): WC_Abstract_Legacy_Order->set_address(Array, 'billing')
#3 /home/zopnow/public_html/wp-includes/class-wp-hook.php(287): submited_ajax_order_data('')
#4 /home/zopnow/public_html/wp-includes/class-wp-hook.php(311): WP_Hook->apply_filters('', Array)
#5 /home/zopnow/public_html/wp-includes/plugin.php(478): WP_Hook->do_action(Array)
#6 /home/zopnow/public_html/wp-admin/admin-ajax.php(190): do_action('wp_ajax_nopriv_...')
#7 {main}
  thrown in /home/zopnow/public_html/wp-content/plugins/woocommerce/includes/abstracts/abstract-wc-data.php on line 810

2021-04-16T18:56:12+00:00 CRITICAL Uncaught WC_Data_Exception: Invalid billing email address in /home/zopnow/public_html/wp-content/plugins/woocommerce/includes/abstracts/abstract-wc-data.php:810
Stack trace:
#0 /home/zopnow/public_html/wp-content/plugins/woocommerce/includes/class-wc-order.php(1121): WC_Data->error('order_invalid_b...', 'Invalid billing...')
#1 /home/zopnow/public_html/wp-content/plugins/woocommerce/includes/legacy/abstract-wc-legacy-order.php(337): WC_Order->set_billing_email('na')
#2 /home/zopnow/public_html/wp-content/themes/zopnow/functions.php(2629): WC_Abstract_Legacy_Order->set_address(Array, 'billing')
#3 /home/zopnow/public_html/wp-includes/class-wp-hook.php(287): submited_ajax_order_data('')
#4 /home/zopnow/public_html/wp-includes/class-wp-hook.php(311): WP_Hook->apply_filters('', Array)
#5 /home/zopnow/public_html/wp-includes/plugin.php(478): WP_Hook->do_action(Array)
#6 /home/zopnow/public_html/wp-admin/admin-ajax.php(190): do_action('wp_ajax_nopriv_...')
#7 {main}
  thrown in /home/zopnow/public_html/wp-content/plugins/woocommerce/includes/abstracts/abstract-wc-data.php on line 810

2021-04-16T18:56:12+00:00 CRITICAL Uncaught WC_Data_Exception: Invalid billing email address in /home/zopnow/public_html/wp-content/plugins/woocommerce/includes/abstracts/abstract-wc-data.php:810
Stack trace:
#0 /home/zopnow/public_html/wp-content/plugins/woocommerce/includes/class-wc-order.php(1121): WC_Data->error('order_invalid_b...', 'Invalid billing...')
#1 /home/zopnow/public_html/wp-content/plugins/woocommerce/includes/legacy/abstract-wc-legacy-order.php(337): WC_Order->set_billing_email('na')
#2 /home/zopnow/public_html/wp-content/themes/zopnow/functions.php(2629): WC_Abstract_Legacy_Order->set_address(Array, 'billing')
#3 /home/zopnow/public_html/wp-includes/class-wp-hook.php(287): submited_ajax_order_data('')
#4 /home/zopnow/public_html/wp-includes/class-wp-hook.php(311): WP_Hook->apply_filters('', Array)
#5 /home/zopnow/public_html/wp-includes/plugin.php(478): WP_Hook->do_action(Array)
#6 /home/zopnow/public_html/wp-admin/admin-ajax.php(190): do_action('wp_ajax_nopriv_...')
#7 {main}
  thrown in /home/zopnow/public_html/wp-content/plugins/woocommerce/includes/abstracts/abstract-wc-data.php on line 810

2021-04-16T19:28:14+00:00 CRITICAL Uncaught WC_Data_Exception: Invalid billing email address in /home/zopnow/public_html/wp-content/plugins/woocommerce/includes/abstracts/abstract-wc-data.php:810
Stack trace:
#0 /home/zopnow/public_html/wp-content/plugins/woocommerce/includes/class-wc-order.php(1121): WC_Data->error('order_invalid_b...', 'Invalid billing...')
#1 /home/zopnow/public_html/wp-content/plugins/woocommerce/includes/legacy/abstract-wc-legacy-order.php(337): WC_Order->set_billing_email('azil.ibrahim')
#2 /home/zopnow/public_html/wp-content/themes/zopnow/functions.php(2629): WC_Abstract_Legacy_Order->set_address(Array, 'billing')
#3 /home/zopnow/public_html/wp-includes/class-wp-hook.php(287): submited_ajax_order_data('')
#4 /home/zopnow/public_html/wp-includes/class-wp-hook.php(311): WP_Hook->apply_filters('', Array)
#5 /home/zopnow/public_html/wp-includes/plugin.php(478): WP_Hook->do_action(Array)
#6 /home/zopnow/public_html/wp-admin/admin-ajax.php(190): do_action('wp_ajax_nopriv_...')
#7 {main}
  thrown in /home/zopnow/public_html/wp-content/plugins/woocommerce/includes/abstracts/abstract-wc-data.php on line 810

2021-04-16T19:39:57+00:00 CRITICAL Uncaught WC_Data_Exception: Invalid billing email address in /home/zopnow/public_html/wp-content/plugins/woocommerce/includes/abstracts/abstract-wc-data.php:810
Stack trace:
#0 /home/zopnow/public_html/wp-content/plugins/woocommerce/includes/class-wc-order.php(1121): WC_Data->error('order_invalid_b...', 'Invalid billing...')
#1 /home/zopnow/public_html/wp-content/plugins/woocommerce/includes/legacy/abstract-wc-legacy-order.php(337): WC_Order->set_billing_email('\xE0\xA6\xA5\xE0\xA6\xAB\xE0\xA6\xB0\xE0\xA6\xAC\xE0\xA6\xA5...')
#2 /home/zopnow/public_html/wp-content/themes/zopnow/functions.php(2629): WC_Abstract_Legacy_Order->set_address(Array, 'billing')
#3 /home/zopnow/public_html/wp-includes/class-wp-hook.php(287): submited_ajax_order_data('')
#4 /home/zopnow/public_html/wp-includes/class-wp-hook.php(311): WP_Hook->apply_filters('', Array)
#5 /home/zopnow/public_html/wp-includes/plugin.php(478): WP_Hook->do_action(Array)
#6 /home/zopnow/public_html/wp-admin/admin-ajax.php(190): do_action('wp_ajax_nopriv_...' in /home/zopnow/public_html/wp-content/plugins/woocommerce/includes/abstracts/abstract-wc-data.php on line 810

2021-04-16T19:40:32+00:00 CRITICAL Uncaught WC_Data_Exception: Invalid billing email address in /home/zopnow/public_html/wp-content/plugins/woocommerce/includes/abstracts/abstract-wc-data.php:810
Stack trace:
#0 /home/zopnow/public_html/wp-content/plugins/woocommerce/includes/class-wc-order.php(1121): WC_Data->error('order_invalid_b...', 'Invalid billing...')
#1 /home/zopnow/public_html/wp-content/plugins/woocommerce/includes/legacy/abstract-wc-legacy-order.php(337): WC_Order->set_billing_email('\xE0\xA6\xA5\xE0\xA6\xAB\xE0\xA6\xB0\xE0\xA6\xAC\xE0\xA6\xA5...')
#2 /home/zopnow/public_html/wp-content/themes/zopnow/functions.php(2629): WC_Abstract_Legacy_Order->set_address(Array, 'billing')
#3 /home/zopnow/public_html/wp-includes/class-wp-hook.php(287): submited_ajax_order_data('')
#4 /home/zopnow/public_html/wp-includes/class-wp-hook.php(311): WP_Hook->apply_filters('', Array)
#5 /home/zopnow/public_html/wp-includes/plugin.php(478): WP_Hook->do_action(Array)
#6 /home/zopnow/public_html/wp-admin/admin-ajax.php(190): do_action('wp_ajax_nopriv_...' in /home/zopnow/public_html/wp-content/plugins/woocommerce/includes/abstracts/abstract-wc-data.php on line 810

2021-04-16T19:40:49+00:00 CRITICAL Uncaught WC_Data_Exception: Invalid billing email address in /home/zopnow/public_html/wp-content/plugins/woocommerce/includes/abstracts/abstract-wc-data.php:810
Stack trace:
#0 /home/zopnow/public_html/wp-content/plugins/woocommerce/includes/class-wc-order.php(1121): WC_Data->error('order_invalid_b...', 'Invalid billing...')
#1 /home/zopnow/public_html/wp-content/plugins/woocommerce/includes/legacy/abstract-wc-legacy-order.php(337): WC_Order->set_billing_email('\xE0\xA6\xA5\xE0\xA6\xAB\xE0\xA6\xB0\xE0\xA6\xAC\xE0\xA6\xA5...')
#2 /home/zopnow/public_html/wp-content/themes/zopnow/functions.php(2629): WC_Abstract_Legacy_Order->set_address(Array, 'billing')
#3 /home/zopnow/public_html/wp-includes/class-wp-hook.php(287): submited_ajax_order_data('')
#4 /home/zopnow/public_html/wp-includes/class-wp-hook.php(311): WP_Hook->apply_filters('', Array)
#5 /home/zopnow/public_html/wp-includes/plugin.php(478): WP_Hook->do_action(Array)
#6 /home/zopnow/public_html/wp-admin/admin-ajax.php(190): do_action('wp_ajax_nopriv_...' in /home/zopnow/public_html/wp-content/plugins/woocommerce/includes/abstracts/abstract-wc-data.php on line 810

2021-04-16T19:41:10+00:00 CRITICAL Uncaught WC_Data_Exception: Invalid billing email address in /home/zopnow/public_html/wp-content/plugins/woocommerce/includes/abstracts/abstract-wc-data.php:810
Stack trace:
#0 /home/zopnow/public_html/wp-content/plugins/woocommerce/includes/class-wc-order.php(1121): WC_Data->error('order_invalid_b...', 'Invalid billing...')
#1 /home/zopnow/public_html/wp-content/plugins/woocommerce/includes/legacy/abstract-wc-legacy-order.php(337): WC_Order->set_billing_email('\xE0\xA6\xA5\xE0\xA6\xAB\xE0\xA6\xB0\xE0\xA6\xAC\xE0\xA6\xA5...')
#2 /home/zopnow/public_html/wp-content/themes/zopnow/functions.php(2629): WC_Abstract_Legacy_Order->set_address(Array, 'billing')
#3 /home/zopnow/public_html/wp-includes/class-wp-hook.php(287): submited_ajax_order_data('')
#4 /home/zopnow/public_html/wp-includes/class-wp-hook.php(311): WP_Hook->apply_filters('', Array)
#5 /home/zopnow/public_html/wp-includes/plugin.php(478): WP_Hook->do_action(Array)
#6 /home/zopnow/public_html/wp-admin/admin-ajax.php(190): do_action('wp_ajax_nopriv_...' in /home/zopnow/public_html/wp-content/plugins/woocommerce/includes/abstracts/abstract-wc-data.php on line 810

2021-04-16T22:30:41+00:00 CRITICAL Uncaught WC_Data_Exception: Invalid billing email address in /home/zopnow/public_html/wp-content/plugins/woocommerce/includes/abstracts/abstract-wc-data.php:810
Stack trace:
#0 /home/zopnow/public_html/wp-content/plugins/woocommerce/includes/class-wc-order.php(1121): WC_Data->error('order_invalid_b...', 'Invalid billing...')
#1 /home/zopnow/public_html/wp-content/plugins/woocommerce/includes/legacy/abstract-wc-legacy-order.php(337): WC_Order->set_billing_email('Rehan Rehan@gma...')
#2 /home/zopnow/public_html/wp-content/themes/zopnow/functions.php(2629): WC_Abstract_Legacy_Order->set_address(Array, 'billing')
#3 /home/zopnow/public_html/wp-includes/class-wp-hook.php(287): submited_ajax_order_data('')
#4 /home/zopnow/public_html/wp-includes/class-wp-hook.php(311): WP_Hook->apply_filters('', Array)
#5 /home/zopnow/public_html/wp-includes/plugin.php(478): WP_Hook->do_action(Array)
#6 /home/zopnow/public_html/wp-admin/admin-ajax.php(190): do_action('wp_ajax_nopriv_...')
#7 {main}
  thrown in /home/zopnow/public_html/wp-content/plugins/woocommerce/includes/abstracts/abstract-wc-data.php on line 810

2021-04-16T22:35:44+00:00 CRITICAL Uncaught WC_Data_Exception: Invalid billing email address in /home/zopnow/public_html/wp-content/plugins/woocommerce/includes/abstracts/abstract-wc-data.php:810
Stack trace:
#0 /home/zopnow/public_html/wp-content/plugins/woocommerce/includes/class-wc-order.php(1121): WC_Data->error('order_invalid_b...', 'Invalid billing...')
#1 /home/zopnow/public_html/wp-content/plugins/woocommerce/includes/legacy/abstract-wc-legacy-order.php(337): WC_Order->set_billing_email('Rehan Rehan@gma...')
#2 /home/zopnow/public_html/wp-content/themes/zopnow/functions.php(2629): WC_Abstract_Legacy_Order->set_address(Array, 'billing')
#3 /home/zopnow/public_html/wp-includes/class-wp-hook.php(287): submited_ajax_order_data('')
#4 /home/zopnow/public_html/wp-includes/class-wp-hook.php(311): WP_Hook->apply_filters('', Array)
#5 /home/zopnow/public_html/wp-includes/plugin.php(478): WP_Hook->do_action(Array)
#6 /home/zopnow/public_html/wp-admin/admin-ajax.php(190): do_action('wp_ajax_nopriv_...')
#7 {main}
  thrown in /home/zopnow/public_html/wp-content/plugins/woocommerce/includes/abstracts/abstract-wc-data.php on line 810

2021-04-16T22:35:47+00:00 CRITICAL Uncaught WC_Data_Exception: Invalid billing email address in /home/zopnow/public_html/wp-content/plugins/woocommerce/includes/abstracts/abstract-wc-data.php:810
Stack trace:
#0 /home/zopnow/public_html/wp-content/plugins/woocommerce/includes/class-wc-order.php(1121): WC_Data->error('order_invalid_b...', 'Invalid billing...')
#1 /home/zopnow/public_html/wp-content/plugins/woocommerce/includes/legacy/abstract-wc-legacy-order.php(337): WC_Order->set_billing_email('Rehan Rehan@gma...')
#2 /home/zopnow/public_html/wp-content/themes/zopnow/functions.php(2629): WC_Abstract_Legacy_Order->set_address(Array, 'billing')
#3 /home/zopnow/public_html/wp-includes/class-wp-hook.php(287): submited_ajax_order_data('')
#4 /home/zopnow/public_html/wp-includes/class-wp-hook.php(311): WP_Hook->apply_filters('', Array)
#5 /home/zopnow/public_html/wp-includes/plugin.php(478): WP_Hook->do_action(Array)
#6 /home/zopnow/public_html/wp-admin/admin-ajax.php(190): do_action('wp_ajax_nopriv_...')
#7 {main}
  thrown in /home/zopnow/public_html/wp-content/plugins/woocommerce/includes/abstracts/abstract-wc-data.php on line 810

2021-04-16T22:35:58+00:00 CRITICAL Uncaught WC_Data_Exception: Invalid billing email address in /home/zopnow/public_html/wp-content/plugins/woocommerce/includes/abstracts/abstract-wc-data.php:810
Stack trace:
#0 /home/zopnow/public_html/wp-content/plugins/woocommerce/includes/class-wc-order.php(1121): WC_Data->error('order_invalid_b...', 'Invalid billing...')
#1 /home/zopnow/public_html/wp-content/plugins/woocommerce/includes/legacy/abstract-wc-legacy-order.php(337): WC_Order->set_billing_email('Rehan Rehan@gma...')
#2 /home/zopnow/public_html/wp-content/themes/zopnow/functions.php(2629): WC_Abstract_Legacy_Order->set_address(Array, 'billing')
#3 /home/zopnow/public_html/wp-includes/class-wp-hook.php(287): submited_ajax_order_data('')
#4 /home/zopnow/public_html/wp-includes/class-wp-hook.php(311): WP_Hook->apply_filters('', Array)
#5 /home/zopnow/public_html/wp-includes/plugin.php(478): WP_Hook->do_action(Array)
#6 /home/zopnow/public_html/wp-admin/admin-ajax.php(190): do_action('wp_ajax_nopriv_...')
#7 {main}
  thrown in /home/zopnow/public_html/wp-content/plugins/woocommerce/includes/abstracts/abstract-wc-data.php on line 810

2021-04-16T22:36:12+00:00 CRITICAL Uncaught WC_Data_Exception: Invalid billing email address in /home/zopnow/public_html/wp-content/plugins/woocommerce/includes/abstracts/abstract-wc-data.php:810
Stack trace:
#0 /home/zopnow/public_html/wp-content/plugins/woocommerce/includes/class-wc-order.php(1121): WC_Data->error('order_invalid_b...', 'Invalid billing...')
#1 /home/zopnow/public_html/wp-content/plugins/woocommerce/includes/legacy/abstract-wc-legacy-order.php(337): WC_Order->set_billing_email('Rehan Rehan@gma...')
#2 /home/zopnow/public_html/wp-content/themes/zopnow/functions.php(2629): WC_Abstract_Legacy_Order->set_address(Array, 'billing')
#3 /home/zopnow/public_html/wp-includes/class-wp-hook.php(287): submited_ajax_order_data('')
#4 /home/zopnow/public_html/wp-includes/class-wp-hook.php(311): WP_Hook->apply_filters('', Array)
#5 /home/zopnow/public_html/wp-includes/plugin.php(478): WP_Hook->do_action(Array)
#6 /home/zopnow/public_html/wp-admin/admin-ajax.php(190): do_action('wp_ajax_nopriv_...')
#7 {main}
  thrown in /home/zopnow/public_html/wp-content/plugins/woocommerce/includes/abstracts/abstract-wc-data.php on line 810

2021-04-16T23:37:42+00:00 CRITICAL Uncaught WC_Data_Exception: Invalid billing email address in /home/zopnow/public_html/wp-content/plugins/woocommerce/includes/abstracts/abstract-wc-data.php:810
Stack trace:
#0 /home/zopnow/public_html/wp-content/plugins/woocommerce/includes/class-wc-order.php(1121): WC_Data->error('order_invalid_b...', 'Invalid billing...')
#1 /home/zopnow/public_html/wp-content/plugins/woocommerce/includes/legacy/abstract-wc-legacy-order.php(337): WC_Order->set_billing_email('swabira at @gma...')
#2 /home/zopnow/public_html/wp-content/themes/zopnow/functions.php(2629): WC_Abstract_Legacy_Order->set_address(Array, 'billing')
#3 /home/zopnow/public_html/wp-includes/class-wp-hook.php(287): submited_ajax_order_data('')
#4 /home/zopnow/public_html/wp-includes/class-wp-hook.php(311): WP_Hook->apply_filters('', Array)
#5 /home/zopnow/public_html/wp-includes/plugin.php(478): WP_Hook->do_action(Array)
#6 /home/zopnow/public_html/wp-admin/admin-ajax.php(190): do_action('wp_ajax_nopriv_...')
#7 {main}
  thrown in /home/zopnow/public_html/wp-content/plugins/woocommerce/includes/abstracts/abstract-wc-data.php on line 810

