2021-04-13T00:42:34+00:00 CRITICAL Uncaught WC_Data_Exception: Invalid billing email address in /home/zopnow/public_html/wp-content/plugins/woocommerce/includes/abstracts/abstract-wc-data.php:810
Stack trace:
#0 /home/zopnow/public_html/wp-content/plugins/woocommerce/includes/class-wc-order.php(1121): WC_Data->error('order_invalid_b...', 'Invalid billing...')
#1 /home/zopnow/public_html/wp-content/plugins/woocommerce/includes/legacy/abstract-wc-legacy-order.php(337): WC_Order->set_billing_email('boshka 1505@hot...')
#2 /home/zopnow/public_html/wp-content/themes/zopnow/functions.php(2629): WC_Abstract_Legacy_Order->set_address(Array, 'billing')
#3 /home/zopnow/public_html/wp-includes/class-wp-hook.php(287): submited_ajax_order_data('')
#4 /home/zopnow/public_html/wp-includes/class-wp-hook.php(311): WP_Hook->apply_filters('', Array)
#5 /home/zopnow/public_html/wp-includes/plugin.php(478): WP_Hook->do_action(Array)
#6 /home/zopnow/public_html/wp-admin/admin-ajax.php(190): do_action('wp_ajax_nopriv_...')
#7 {main}
  thrown in /home/zopnow/public_html/wp-content/plugins/woocommerce/includes/abstracts/abstract-wc-data.php on line 810

2021-04-13T00:43:07+00:00 CRITICAL Uncaught WC_Data_Exception: Invalid billing email address in /home/zopnow/public_html/wp-content/plugins/woocommerce/includes/abstracts/abstract-wc-data.php:810
Stack trace:
#0 /home/zopnow/public_html/wp-content/plugins/woocommerce/includes/class-wc-order.php(1121): WC_Data->error('order_invalid_b...', 'Invalid billing...')
#1 /home/zopnow/public_html/wp-content/plugins/woocommerce/includes/legacy/abstract-wc-legacy-order.php(337): WC_Order->set_billing_email('boshka 1505@hot...')
#2 /home/zopnow/public_html/wp-content/themes/zopnow/functions.php(2629): WC_Abstract_Legacy_Order->set_address(Array, 'billing')
#3 /home/zopnow/public_html/wp-includes/class-wp-hook.php(287): submited_ajax_order_data('')
#4 /home/zopnow/public_html/wp-includes/class-wp-hook.php(311): WP_Hook->apply_filters('', Array)
#5 /home/zopnow/public_html/wp-includes/plugin.php(478): WP_Hook->do_action(Array)
#6 /home/zopnow/public_html/wp-admin/admin-ajax.php(190): do_action('wp_ajax_nopriv_...')
#7 {main}
  thrown in /home/zopnow/public_html/wp-content/plugins/woocommerce/includes/abstracts/abstract-wc-data.php on line 810

2021-04-13T00:43:57+00:00 CRITICAL Uncaught WC_Data_Exception: Invalid billing email address in /home/zopnow/public_html/wp-content/plugins/woocommerce/includes/abstracts/abstract-wc-data.php:810
Stack trace:
#0 /home/zopnow/public_html/wp-content/plugins/woocommerce/includes/class-wc-order.php(1121): WC_Data->error('order_invalid_b...', 'Invalid billing...')
#1 /home/zopnow/public_html/wp-content/plugins/woocommerce/includes/legacy/abstract-wc-legacy-order.php(337): WC_Order->set_billing_email('boshka 1505@hot...')
#2 /home/zopnow/public_html/wp-content/themes/zopnow/functions.php(2629): WC_Abstract_Legacy_Order->set_address(Array, 'billing')
#3 /home/zopnow/public_html/wp-includes/class-wp-hook.php(287): submited_ajax_order_data('')
#4 /home/zopnow/public_html/wp-includes/class-wp-hook.php(311): WP_Hook->apply_filters('', Array)
#5 /home/zopnow/public_html/wp-includes/plugin.php(478): WP_Hook->do_action(Array)
#6 /home/zopnow/public_html/wp-admin/admin-ajax.php(190): do_action('wp_ajax_nopriv_...')
#7 {main}
  thrown in /home/zopnow/public_html/wp-content/plugins/woocommerce/includes/abstracts/abstract-wc-data.php on line 810

2021-04-13T00:44:13+00:00 CRITICAL Uncaught WC_Data_Exception: Invalid billing email address in /home/zopnow/public_html/wp-content/plugins/woocommerce/includes/abstracts/abstract-wc-data.php:810
Stack trace:
#0 /home/zopnow/public_html/wp-content/plugins/woocommerce/includes/class-wc-order.php(1121): WC_Data->error('order_invalid_b...', 'Invalid billing...')
#1 /home/zopnow/public_html/wp-content/plugins/woocommerce/includes/legacy/abstract-wc-legacy-order.php(337): WC_Order->set_billing_email('boshka 1505@hot...')
#2 /home/zopnow/public_html/wp-content/themes/zopnow/functions.php(2629): WC_Abstract_Legacy_Order->set_address(Array, 'billing')
#3 /home/zopnow/public_html/wp-includes/class-wp-hook.php(287): submited_ajax_order_data('')
#4 /home/zopnow/public_html/wp-includes/class-wp-hook.php(311): WP_Hook->apply_filters('', Array)
#5 /home/zopnow/public_html/wp-includes/plugin.php(478): WP_Hook->do_action(Array)
#6 /home/zopnow/public_html/wp-admin/admin-ajax.php(190): do_action('wp_ajax_nopriv_...')
#7 {main}
  thrown in /home/zopnow/public_html/wp-content/plugins/woocommerce/includes/abstracts/abstract-wc-data.php on line 810

2021-04-13T00:47:26+00:00 CRITICAL Uncaught WC_Data_Exception: Invalid billing email address in /home/zopnow/public_html/wp-content/plugins/woocommerce/includes/abstracts/abstract-wc-data.php:810
Stack trace:
#0 /home/zopnow/public_html/wp-content/plugins/woocommerce/includes/class-wc-order.php(1121): WC_Data->error('order_invalid_b...', 'Invalid billing...')
#1 /home/zopnow/public_html/wp-content/plugins/woocommerce/includes/legacy/abstract-wc-legacy-order.php(337): WC_Order->set_billing_email('boshka 1505@hot...')
#2 /home/zopnow/public_html/wp-content/themes/zopnow/functions.php(2629): WC_Abstract_Legacy_Order->set_address(Array, 'billing')
#3 /home/zopnow/public_html/wp-includes/class-wp-hook.php(287): submited_ajax_order_data('')
#4 /home/zopnow/public_html/wp-includes/class-wp-hook.php(311): WP_Hook->apply_filters('', Array)
#5 /home/zopnow/public_html/wp-includes/plugin.php(478): WP_Hook->do_action(Array)
#6 /home/zopnow/public_html/wp-admin/admin-ajax.php(190): do_action('wp_ajax_nopriv_...')
#7 {main}
  thrown in /home/zopnow/public_html/wp-content/plugins/woocommerce/includes/abstracts/abstract-wc-data.php on line 810

2021-04-13T01:08:00+00:00 CRITICAL Uncaught WC_Data_Exception: Invalid billing email address in /home/zopnow/public_html/wp-content/plugins/woocommerce/includes/abstracts/abstract-wc-data.php:810
Stack trace:
#0 /home/zopnow/public_html/wp-content/plugins/woocommerce/includes/class-wc-order.php(1121): WC_Data->error('order_invalid_b...', 'Invalid billing...')
#1 /home/zopnow/public_html/wp-content/plugins/woocommerce/includes/legacy/abstract-wc-legacy-order.php(337): WC_Order->set_billing_email('boshka 1505@hot...')
#2 /home/zopnow/public_html/wp-content/themes/zopnow/functions.php(2629): WC_Abstract_Legacy_Order->set_address(Array, 'billing')
#3 /home/zopnow/public_html/wp-includes/class-wp-hook.php(287): submited_ajax_order_data('')
#4 /home/zopnow/public_html/wp-includes/class-wp-hook.php(311): WP_Hook->apply_filters('', Array)
#5 /home/zopnow/public_html/wp-includes/plugin.php(478): WP_Hook->do_action(Array)
#6 /home/zopnow/public_html/wp-admin/admin-ajax.php(190): do_action('wp_ajax_nopriv_...')
#7 {main}
  thrown in /home/zopnow/public_html/wp-content/plugins/woocommerce/includes/abstracts/abstract-wc-data.php on line 810

2021-04-13T01:08:01+00:00 CRITICAL Uncaught WC_Data_Exception: Invalid billing email address in /home/zopnow/public_html/wp-content/plugins/woocommerce/includes/abstracts/abstract-wc-data.php:810
Stack trace:
#0 /home/zopnow/public_html/wp-content/plugins/woocommerce/includes/class-wc-order.php(1121): WC_Data->error('order_invalid_b...', 'Invalid billing...')
#1 /home/zopnow/public_html/wp-content/plugins/woocommerce/includes/legacy/abstract-wc-legacy-order.php(337): WC_Order->set_billing_email('boshka 1505@hot...')
#2 /home/zopnow/public_html/wp-content/themes/zopnow/functions.php(2629): WC_Abstract_Legacy_Order->set_address(Array, 'billing')
#3 /home/zopnow/public_html/wp-includes/class-wp-hook.php(287): submited_ajax_order_data('')
#4 /home/zopnow/public_html/wp-includes/class-wp-hook.php(311): WP_Hook->apply_filters('', Array)
#5 /home/zopnow/public_html/wp-includes/plugin.php(478): WP_Hook->do_action(Array)
#6 /home/zopnow/public_html/wp-admin/admin-ajax.php(190): do_action('wp_ajax_nopriv_...')
#7 {main}
  thrown in /home/zopnow/public_html/wp-content/plugins/woocommerce/includes/abstracts/abstract-wc-data.php on line 810

2021-04-13T08:15:33+00:00 CRITICAL Uncaught WC_Data_Exception: Invalid billing email address in /home/zopnow/public_html/wp-content/plugins/woocommerce/includes/abstracts/abstract-wc-data.php:810
Stack trace:
#0 /home/zopnow/public_html/wp-content/plugins/woocommerce/includes/class-wc-order.php(1121): WC_Data->error('order_invalid_b...', 'Invalid billing...')
#1 /home/zopnow/public_html/wp-content/plugins/woocommerce/includes/legacy/abstract-wc-legacy-order.php(337): WC_Order->set_billing_email('nehalridhi@gmai...')
#2 /home/zopnow/public_html/wp-content/themes/zopnow/functions.php(2629): WC_Abstract_Legacy_Order->set_address(Array, 'billing')
#3 /home/zopnow/public_html/wp-includes/class-wp-hook.php(287): submited_ajax_order_data('')
#4 /home/zopnow/public_html/wp-includes/class-wp-hook.php(311): WP_Hook->apply_filters('', Array)
#5 /home/zopnow/public_html/wp-includes/plugin.php(478): WP_Hook->do_action(Array)
#6 /home/zopnow/public_html/wp-admin/admin-ajax.php(190): do_action('wp_ajax_nopriv_...')
#7 {main}
  thrown in /home/zopnow/public_html/wp-content/plugins/woocommerce/includes/abstracts/abstract-wc-data.php on line 810

2021-04-13T08:15:50+00:00 CRITICAL Uncaught WC_Data_Exception: Invalid billing email address in /home/zopnow/public_html/wp-content/plugins/woocommerce/includes/abstracts/abstract-wc-data.php:810
Stack trace:
#0 /home/zopnow/public_html/wp-content/plugins/woocommerce/includes/class-wc-order.php(1121): WC_Data->error('order_invalid_b...', 'Invalid billing...')
#1 /home/zopnow/public_html/wp-content/plugins/woocommerce/includes/legacy/abstract-wc-legacy-order.php(337): WC_Order->set_billing_email('nehalridhi@gmai...')
#2 /home/zopnow/public_html/wp-content/themes/zopnow/functions.php(2629): WC_Abstract_Legacy_Order->set_address(Array, 'billing')
#3 /home/zopnow/public_html/wp-includes/class-wp-hook.php(287): submited_ajax_order_data('')
#4 /home/zopnow/public_html/wp-includes/class-wp-hook.php(311): WP_Hook->apply_filters('', Array)
#5 /home/zopnow/public_html/wp-includes/plugin.php(478): WP_Hook->do_action(Array)
#6 /home/zopnow/public_html/wp-admin/admin-ajax.php(190): do_action('wp_ajax_nopriv_...')
#7 {main}
  thrown in /home/zopnow/public_html/wp-content/plugins/woocommerce/includes/abstracts/abstract-wc-data.php on line 810

2021-04-13T08:39:44+00:00 CRITICAL Uncaught WC_Data_Exception: Invalid billing email address in /home/zopnow/public_html/wp-content/plugins/woocommerce/includes/abstracts/abstract-wc-data.php:810
Stack trace:
#0 /home/zopnow/public_html/wp-content/plugins/woocommerce/includes/class-wc-order.php(1121): WC_Data->error('order_invalid_b...', 'Invalid billing...')
#1 /home/zopnow/public_html/wp-content/plugins/woocommerce/includes/legacy/abstract-wc-legacy-order.php(337): WC_Order->set_billing_email('saichandara128@...')
#2 /home/zopnow/public_html/wp-content/themes/zopnow/functions.php(2629): WC_Abstract_Legacy_Order->set_address(Array, 'billing')
#3 /home/zopnow/public_html/wp-includes/class-wp-hook.php(287): submited_ajax_order_data('')
#4 /home/zopnow/public_html/wp-includes/class-wp-hook.php(311): WP_Hook->apply_filters('', Array)
#5 /home/zopnow/public_html/wp-includes/plugin.php(478): WP_Hook->do_action(Array)
#6 /home/zopnow/public_html/wp-admin/admin-ajax.php(190): do_action('wp_ajax_nopriv_...')
#7 {main}
  thrown in /home/zopnow/public_html/wp-content/plugins/woocommerce/includes/abstracts/abstract-wc-data.php on line 810

2021-04-13T08:39:45+00:00 CRITICAL Uncaught WC_Data_Exception: Invalid billing email address in /home/zopnow/public_html/wp-content/plugins/woocommerce/includes/abstracts/abstract-wc-data.php:810
Stack trace:
#0 /home/zopnow/public_html/wp-content/plugins/woocommerce/includes/class-wc-order.php(1121): WC_Data->error('order_invalid_b...', 'Invalid billing...')
#1 /home/zopnow/public_html/wp-content/plugins/woocommerce/includes/legacy/abstract-wc-legacy-order.php(337): WC_Order->set_billing_email('saichandara128@...')
#2 /home/zopnow/public_html/wp-content/themes/zopnow/functions.php(2629): WC_Abstract_Legacy_Order->set_address(Array, 'billing')
#3 /home/zopnow/public_html/wp-includes/class-wp-hook.php(287): submited_ajax_order_data('')
#4 /home/zopnow/public_html/wp-includes/class-wp-hook.php(311): WP_Hook->apply_filters('', Array)
#5 /home/zopnow/public_html/wp-includes/plugin.php(478): WP_Hook->do_action(Array)
#6 /home/zopnow/public_html/wp-admin/admin-ajax.php(190): do_action('wp_ajax_nopriv_...')
#7 {main}
  thrown in /home/zopnow/public_html/wp-content/plugins/woocommerce/includes/abstracts/abstract-wc-data.php on line 810

2021-04-13T08:39:46+00:00 CRITICAL Uncaught WC_Data_Exception: Invalid billing email address in /home/zopnow/public_html/wp-content/plugins/woocommerce/includes/abstracts/abstract-wc-data.php:810
Stack trace:
#0 /home/zopnow/public_html/wp-content/plugins/woocommerce/includes/class-wc-order.php(1121): WC_Data->error('order_invalid_b...', 'Invalid billing...')
#1 /home/zopnow/public_html/wp-content/plugins/woocommerce/includes/legacy/abstract-wc-legacy-order.php(337): WC_Order->set_billing_email('saichandara128@...')
#2 /home/zopnow/public_html/wp-content/themes/zopnow/functions.php(2629): WC_Abstract_Legacy_Order->set_address(Array, 'billing')
#3 /home/zopnow/public_html/wp-includes/class-wp-hook.php(287): submited_ajax_order_data('')
#4 /home/zopnow/public_html/wp-includes/class-wp-hook.php(311): WP_Hook->apply_filters('', Array)
#5 /home/zopnow/public_html/wp-includes/plugin.php(478): WP_Hook->do_action(Array)
#6 /home/zopnow/public_html/wp-admin/admin-ajax.php(190): do_action('wp_ajax_nopriv_...')
#7 {main}
  thrown in /home/zopnow/public_html/wp-content/plugins/woocommerce/includes/abstracts/abstract-wc-data.php on line 810

2021-04-13T08:40:09+00:00 CRITICAL Uncaught WC_Data_Exception: Invalid billing email address in /home/zopnow/public_html/wp-content/plugins/woocommerce/includes/abstracts/abstract-wc-data.php:810
Stack trace:
#0 /home/zopnow/public_html/wp-content/plugins/woocommerce/includes/class-wc-order.php(1121): WC_Data->error('order_invalid_b...', 'Invalid billing...')
#1 /home/zopnow/public_html/wp-content/plugins/woocommerce/includes/legacy/abstract-wc-legacy-order.php(337): WC_Order->set_billing_email('saichandara128@...')
#2 /home/zopnow/public_html/wp-content/themes/zopnow/functions.php(2629): WC_Abstract_Legacy_Order->set_address(Array, 'billing')
#3 /home/zopnow/public_html/wp-includes/class-wp-hook.php(287): submited_ajax_order_data('')
#4 /home/zopnow/public_html/wp-includes/class-wp-hook.php(311): WP_Hook->apply_filters('', Array)
#5 /home/zopnow/public_html/wp-includes/plugin.php(478): WP_Hook->do_action(Array)
#6 /home/zopnow/public_html/wp-admin/admin-ajax.php(190): do_action('wp_ajax_nopriv_...')
#7 {main}
  thrown in /home/zopnow/public_html/wp-content/plugins/woocommerce/includes/abstracts/abstract-wc-data.php on line 810

2021-04-13T08:40:09+00:00 CRITICAL Uncaught WC_Data_Exception: Invalid billing email address in /home/zopnow/public_html/wp-content/plugins/woocommerce/includes/abstracts/abstract-wc-data.php:810
Stack trace:
#0 /home/zopnow/public_html/wp-content/plugins/woocommerce/includes/class-wc-order.php(1121): WC_Data->error('order_invalid_b...', 'Invalid billing...')
#1 /home/zopnow/public_html/wp-content/plugins/woocommerce/includes/legacy/abstract-wc-legacy-order.php(337): WC_Order->set_billing_email('saichandara128@...')
#2 /home/zopnow/public_html/wp-content/themes/zopnow/functions.php(2629): WC_Abstract_Legacy_Order->set_address(Array, 'billing')
#3 /home/zopnow/public_html/wp-includes/class-wp-hook.php(287): submited_ajax_order_data('')
#4 /home/zopnow/public_html/wp-includes/class-wp-hook.php(311): WP_Hook->apply_filters('', Array)
#5 /home/zopnow/public_html/wp-includes/plugin.php(478): WP_Hook->do_action(Array)
#6 /home/zopnow/public_html/wp-admin/admin-ajax.php(190): do_action('wp_ajax_nopriv_...')
#7 {main}
  thrown in /home/zopnow/public_html/wp-content/plugins/woocommerce/includes/abstracts/abstract-wc-data.php on line 810

2021-04-13T08:40:09+00:00 CRITICAL Uncaught WC_Data_Exception: Invalid billing email address in /home/zopnow/public_html/wp-content/plugins/woocommerce/includes/abstracts/abstract-wc-data.php:810
Stack trace:
#0 /home/zopnow/public_html/wp-content/plugins/woocommerce/includes/class-wc-order.php(1121): WC_Data->error('order_invalid_b...', 'Invalid billing...')
#1 /home/zopnow/public_html/wp-content/plugins/woocommerce/includes/legacy/abstract-wc-legacy-order.php(337): WC_Order->set_billing_email('saichandara128@...')
#2 /home/zopnow/public_html/wp-content/themes/zopnow/functions.php(2629): WC_Abstract_Legacy_Order->set_address(Array, 'billing')
#3 /home/zopnow/public_html/wp-includes/class-wp-hook.php(287): submited_ajax_order_data('')
#4 /home/zopnow/public_html/wp-includes/class-wp-hook.php(311): WP_Hook->apply_filters('', Array)
#5 /home/zopnow/public_html/wp-includes/plugin.php(478): WP_Hook->do_action(Array)
#6 /home/zopnow/public_html/wp-admin/admin-ajax.php(190): do_action('wp_ajax_nopriv_...')
#7 {main}
  thrown in /home/zopnow/public_html/wp-content/plugins/woocommerce/includes/abstracts/abstract-wc-data.php on line 810

2021-04-13T08:40:09+00:00 CRITICAL Uncaught WC_Data_Exception: Invalid billing email address in /home/zopnow/public_html/wp-content/plugins/woocommerce/includes/abstracts/abstract-wc-data.php:810
Stack trace:
#0 /home/zopnow/public_html/wp-content/plugins/woocommerce/includes/class-wc-order.php(1121): WC_Data->error('order_invalid_b...', 'Invalid billing...')
#1 /home/zopnow/public_html/wp-content/plugins/woocommerce/includes/legacy/abstract-wc-legacy-order.php(337): WC_Order->set_billing_email('saichandara128@...')
#2 /home/zopnow/public_html/wp-content/themes/zopnow/functions.php(2629): WC_Abstract_Legacy_Order->set_address(Array, 'billing')
#3 /home/zopnow/public_html/wp-includes/class-wp-hook.php(287): submited_ajax_order_data('')
#4 /home/zopnow/public_html/wp-includes/class-wp-hook.php(311): WP_Hook->apply_filters('', Array)
#5 /home/zopnow/public_html/wp-includes/plugin.php(478): WP_Hook->do_action(Array)
#6 /home/zopnow/public_html/wp-admin/admin-ajax.php(190): do_action('wp_ajax_nopriv_...')
#7 {main}
  thrown in /home/zopnow/public_html/wp-content/plugins/woocommerce/includes/abstracts/abstract-wc-data.php on line 810

2021-04-13T08:59:55+00:00 CRITICAL Uncaught WC_Data_Exception: Invalid billing email address in /home/zopnow/public_html/wp-content/plugins/woocommerce/includes/abstracts/abstract-wc-data.php:810
Stack trace:
#0 /home/zopnow/public_html/wp-content/plugins/woocommerce/includes/class-wc-order.php(1121): WC_Data->error('order_invalid_b...', 'Invalid billing...')
#1 /home/zopnow/public_html/wp-content/plugins/woocommerce/includes/legacy/abstract-wc-legacy-order.php(337): WC_Order->set_billing_email('praveen mpk 123...')
#2 /home/zopnow/public_html/wp-content/themes/zopnow/functions.php(2629): WC_Abstract_Legacy_Order->set_address(Array, 'billing')
#3 /home/zopnow/public_html/wp-includes/class-wp-hook.php(287): submited_ajax_order_data('')
#4 /home/zopnow/public_html/wp-includes/class-wp-hook.php(311): WP_Hook->apply_filters('', Array)
#5 /home/zopnow/public_html/wp-includes/plugin.php(478): WP_Hook->do_action(Array)
#6 /home/zopnow/public_html/wp-admin/admin-ajax.php(190): do_action('wp_ajax_nopriv_...')
#7 {main}
  thrown in /home/zopnow/public_html/wp-content/plugins/woocommerce/includes/abstracts/abstract-wc-data.php on line 810

2021-04-13T09:01:00+00:00 CRITICAL Uncaught WC_Data_Exception: Invalid billing email address in /home/zopnow/public_html/wp-content/plugins/woocommerce/includes/abstracts/abstract-wc-data.php:810
Stack trace:
#0 /home/zopnow/public_html/wp-content/plugins/woocommerce/includes/class-wc-order.php(1121): WC_Data->error('order_invalid_b...', 'Invalid billing...')
#1 /home/zopnow/public_html/wp-content/plugins/woocommerce/includes/legacy/abstract-wc-legacy-order.php(337): WC_Order->set_billing_email('praveen mpk 123...')
#2 /home/zopnow/public_html/wp-content/themes/zopnow/functions.php(2629): WC_Abstract_Legacy_Order->set_address(Array, 'billing')
#3 /home/zopnow/public_html/wp-includes/class-wp-hook.php(287): submited_ajax_order_data('')
#4 /home/zopnow/public_html/wp-includes/class-wp-hook.php(311): WP_Hook->apply_filters('', Array)
#5 /home/zopnow/public_html/wp-includes/plugin.php(478): WP_Hook->do_action(Array)
#6 /home/zopnow/public_html/wp-admin/admin-ajax.php(190): do_action('wp_ajax_nopriv_...')
#7 {main}
  thrown in /home/zopnow/public_html/wp-content/plugins/woocommerce/includes/abstracts/abstract-wc-data.php on line 810

2021-04-13T09:18:08+00:00 CRITICAL Uncaught Error: Call to a member function is_type() on bool in /home/zopnow/public_html/wp-content/themes/zopnow/functions.php:1778
Stack trace:
#0 /home/zopnow/public_html/wp-includes/class-wp-hook.php(287): load_discount_label_for_product_variant('')
#1 /home/zopnow/public_html/wp-includes/class-wp-hook.php(311): WP_Hook->apply_filters('', Array)
#2 /home/zopnow/public_html/wp-includes/plugin.php(478): WP_Hook->do_action(Array)
#3 /home/zopnow/public_html/wp-admin/admin-ajax.php(190): do_action('wp_ajax_nopriv_...')
#4 {main}
  thrown in /home/zopnow/public_html/wp-content/themes/zopnow/functions.php on line 1778

2021-04-13T09:46:00+00:00 CRITICAL Uncaught WC_Data_Exception: Invalid billing email address in /home/zopnow/public_html/wp-content/plugins/woocommerce/includes/abstracts/abstract-wc-data.php:810
Stack trace:
#0 /home/zopnow/public_html/wp-content/plugins/woocommerce/includes/class-wc-order.php(1121): WC_Data->error('order_invalid_b...', 'Invalid billing...')
#1 /home/zopnow/public_html/wp-content/plugins/woocommerce/includes/legacy/abstract-wc-legacy-order.php(337): WC_Order->set_billing_email('Dilip . agrawal...')
#2 /home/zopnow/public_html/wp-content/themes/zopnow/functions.php(2629): WC_Abstract_Legacy_Order->set_address(Array, 'billing')
#3 /home/zopnow/public_html/wp-includes/class-wp-hook.php(287): submited_ajax_order_data('')
#4 /home/zopnow/public_html/wp-includes/class-wp-hook.php(311): WP_Hook->apply_filters('', Array)
#5 /home/zopnow/public_html/wp-includes/plugin.php(478): WP_Hook->do_action(Array)
#6 /home/zopnow/public_html/wp-admin/admin-ajax.php(190): do_action('wp_ajax_nopriv_...')
#7 {main}
  thrown in /home/zopnow/public_html/wp-content/plugins/woocommerce/includes/abstracts/abstract-wc-data.php on line 810

2021-04-13T09:46:02+00:00 CRITICAL Uncaught WC_Data_Exception: Invalid billing email address in /home/zopnow/public_html/wp-content/plugins/woocommerce/includes/abstracts/abstract-wc-data.php:810
Stack trace:
#0 /home/zopnow/public_html/wp-content/plugins/woocommerce/includes/class-wc-order.php(1121): WC_Data->error('order_invalid_b...', 'Invalid billing...')
#1 /home/zopnow/public_html/wp-content/plugins/woocommerce/includes/legacy/abstract-wc-legacy-order.php(337): WC_Order->set_billing_email('Dilip . agrawal...')
#2 /home/zopnow/public_html/wp-content/themes/zopnow/functions.php(2629): WC_Abstract_Legacy_Order->set_address(Array, 'billing')
#3 /home/zopnow/public_html/wp-includes/class-wp-hook.php(287): submited_ajax_order_data('')
#4 /home/zopnow/public_html/wp-includes/class-wp-hook.php(311): WP_Hook->apply_filters('', Array)
#5 /home/zopnow/public_html/wp-includes/plugin.php(478): WP_Hook->do_action(Array)
#6 /home/zopnow/public_html/wp-admin/admin-ajax.php(190): do_action('wp_ajax_nopriv_...')
#7 {main}
  thrown in /home/zopnow/public_html/wp-content/plugins/woocommerce/includes/abstracts/abstract-wc-data.php on line 810

2021-04-13T09:46:53+00:00 CRITICAL Uncaught WC_Data_Exception: Invalid billing email address in /home/zopnow/public_html/wp-content/plugins/woocommerce/includes/abstracts/abstract-wc-data.php:810
Stack trace:
#0 /home/zopnow/public_html/wp-content/plugins/woocommerce/includes/class-wc-order.php(1121): WC_Data->error('order_invalid_b...', 'Invalid billing...')
#1 /home/zopnow/public_html/wp-content/plugins/woocommerce/includes/legacy/abstract-wc-legacy-order.php(337): WC_Order->set_billing_email('Dilip . agrawal...')
#2 /home/zopnow/public_html/wp-content/themes/zopnow/functions.php(2629): WC_Abstract_Legacy_Order->set_address(Array, 'billing')
#3 /home/zopnow/public_html/wp-includes/class-wp-hook.php(287): submited_ajax_order_data('')
#4 /home/zopnow/public_html/wp-includes/class-wp-hook.php(311): WP_Hook->apply_filters('', Array)
#5 /home/zopnow/public_html/wp-includes/plugin.php(478): WP_Hook->do_action(Array)
#6 /home/zopnow/public_html/wp-admin/admin-ajax.php(190): do_action('wp_ajax_nopriv_...')
#7 {main}
  thrown in /home/zopnow/public_html/wp-content/plugins/woocommerce/includes/abstracts/abstract-wc-data.php on line 810

2021-04-13T12:54:14+00:00 CRITICAL Uncaught WC_Data_Exception: Invalid billing email address in /home/zopnow/public_html/wp-content/plugins/woocommerce/includes/abstracts/abstract-wc-data.php:810
Stack trace:
#0 /home/zopnow/public_html/wp-content/plugins/woocommerce/includes/class-wc-order.php(1121): WC_Data->error('order_invalid_b...', 'Invalid billing...')
#1 /home/zopnow/public_html/wp-content/plugins/woocommerce/includes/legacy/abstract-wc-legacy-order.php(337): WC_Order->set_billing_email('suu')
#2 /home/zopnow/public_html/wp-content/themes/zopnow/functions.php(2629): WC_Abstract_Legacy_Order->set_address(Array, 'billing')
#3 /home/zopnow/public_html/wp-includes/class-wp-hook.php(287): submited_ajax_order_data('')
#4 /home/zopnow/public_html/wp-includes/class-wp-hook.php(311): WP_Hook->apply_filters('', Array)
#5 /home/zopnow/public_html/wp-includes/plugin.php(478): WP_Hook->do_action(Array)
#6 /home/zopnow/public_html/wp-admin/admin-ajax.php(190): do_action('wp_ajax_nopriv_...')
#7 {main}
  thrown in /home/zopnow/public_html/wp-content/plugins/woocommerce/includes/abstracts/abstract-wc-data.php on line 810

2021-04-13T13:48:10+00:00 CRITICAL Uncaught WC_Data_Exception: Invalid billing email address in /home/zopnow/public_html/wp-content/plugins/woocommerce/includes/abstracts/abstract-wc-data.php:810
Stack trace:
#0 /home/zopnow/public_html/wp-content/plugins/woocommerce/includes/class-wc-order.php(1121): WC_Data->error('order_invalid_b...', 'Invalid billing...')
#1 /home/zopnow/public_html/wp-content/plugins/woocommerce/includes/legacy/abstract-wc-legacy-order.php(337): WC_Order->set_billing_email('n')
#2 /home/zopnow/public_html/wp-content/themes/zopnow/functions.php(2629): WC_Abstract_Legacy_Order->set_address(Array, 'billing')
#3 /home/zopnow/public_html/wp-includes/class-wp-hook.php(287): submited_ajax_order_data('')
#4 /home/zopnow/public_html/wp-includes/class-wp-hook.php(311): WP_Hook->apply_filters('', Array)
#5 /home/zopnow/public_html/wp-includes/plugin.php(478): WP_Hook->do_action(Array)
#6 /home/zopnow/public_html/wp-admin/admin-ajax.php(190): do_action('wp_ajax_nopriv_...')
#7 {main}
  thrown in /home/zopnow/public_html/wp-content/plugins/woocommerce/includes/abstracts/abstract-wc-data.php on line 810

2021-04-13T13:48:42+00:00 CRITICAL Uncaught WC_Data_Exception: Invalid billing email address in /home/zopnow/public_html/wp-content/plugins/woocommerce/includes/abstracts/abstract-wc-data.php:810
Stack trace:
#0 /home/zopnow/public_html/wp-content/plugins/woocommerce/includes/class-wc-order.php(1121): WC_Data->error('order_invalid_b...', 'Invalid billing...')
#1 /home/zopnow/public_html/wp-content/plugins/woocommerce/includes/legacy/abstract-wc-legacy-order.php(337): WC_Order->set_billing_email('n')
#2 /home/zopnow/public_html/wp-content/themes/zopnow/functions.php(2629): WC_Abstract_Legacy_Order->set_address(Array, 'billing')
#3 /home/zopnow/public_html/wp-includes/class-wp-hook.php(287): submited_ajax_order_data('')
#4 /home/zopnow/public_html/wp-includes/class-wp-hook.php(311): WP_Hook->apply_filters('', Array)
#5 /home/zopnow/public_html/wp-includes/plugin.php(478): WP_Hook->do_action(Array)
#6 /home/zopnow/public_html/wp-admin/admin-ajax.php(190): do_action('wp_ajax_nopriv_...')
#7 {main}
  thrown in /home/zopnow/public_html/wp-content/plugins/woocommerce/includes/abstracts/abstract-wc-data.php on line 810

2021-04-13T14:55:06+00:00 CRITICAL Uncaught WC_Data_Exception: Invalid billing email address in /home/zopnow/public_html/wp-content/plugins/woocommerce/includes/abstracts/abstract-wc-data.php:810
Stack trace:
#0 /home/zopnow/public_html/wp-content/plugins/woocommerce/includes/class-wc-order.php(1121): WC_Data->error('order_invalid_b...', 'Invalid billing...')
#1 /home/zopnow/public_html/wp-content/plugins/woocommerce/includes/legacy/abstract-wc-legacy-order.php(337): WC_Order->set_billing_email('mony')
#2 /home/zopnow/public_html/wp-content/themes/zopnow/functions.php(2629): WC_Abstract_Legacy_Order->set_address(Array, 'billing')
#3 /home/zopnow/public_html/wp-includes/class-wp-hook.php(287): submited_ajax_order_data('')
#4 /home/zopnow/public_html/wp-includes/class-wp-hook.php(311): WP_Hook->apply_filters('', Array)
#5 /home/zopnow/public_html/wp-includes/plugin.php(478): WP_Hook->do_action(Array)
#6 /home/zopnow/public_html/wp-admin/admin-ajax.php(190): do_action('wp_ajax_nopriv_...')
#7 {main}
  thrown in /home/zopnow/public_html/wp-content/plugins/woocommerce/includes/abstracts/abstract-wc-data.php on line 810

2021-04-13T14:55:08+00:00 CRITICAL Uncaught WC_Data_Exception: Invalid billing email address in /home/zopnow/public_html/wp-content/plugins/woocommerce/includes/abstracts/abstract-wc-data.php:810
Stack trace:
#0 /home/zopnow/public_html/wp-content/plugins/woocommerce/includes/class-wc-order.php(1121): WC_Data->error('order_invalid_b...', 'Invalid billing...')
#1 /home/zopnow/public_html/wp-content/plugins/woocommerce/includes/legacy/abstract-wc-legacy-order.php(337): WC_Order->set_billing_email('mony')
#2 /home/zopnow/public_html/wp-content/themes/zopnow/functions.php(2629): WC_Abstract_Legacy_Order->set_address(Array, 'billing')
#3 /home/zopnow/public_html/wp-includes/class-wp-hook.php(287): submited_ajax_order_data('')
#4 /home/zopnow/public_html/wp-includes/class-wp-hook.php(311): WP_Hook->apply_filters('', Array)
#5 /home/zopnow/public_html/wp-includes/plugin.php(478): WP_Hook->do_action(Array)
#6 /home/zopnow/public_html/wp-admin/admin-ajax.php(190): do_action('wp_ajax_nopriv_...')
#7 {main}
  thrown in /home/zopnow/public_html/wp-content/plugins/woocommerce/includes/abstracts/abstract-wc-data.php on line 810

2021-04-13T14:55:12+00:00 CRITICAL Uncaught WC_Data_Exception: Invalid billing email address in /home/zopnow/public_html/wp-content/plugins/woocommerce/includes/abstracts/abstract-wc-data.php:810
Stack trace:
#0 /home/zopnow/public_html/wp-content/plugins/woocommerce/includes/class-wc-order.php(1121): WC_Data->error('order_invalid_b...', 'Invalid billing...')
#1 /home/zopnow/public_html/wp-content/plugins/woocommerce/includes/legacy/abstract-wc-legacy-order.php(337): WC_Order->set_billing_email('mony')
#2 /home/zopnow/public_html/wp-content/themes/zopnow/functions.php(2629): WC_Abstract_Legacy_Order->set_address(Array, 'billing')
#3 /home/zopnow/public_html/wp-includes/class-wp-hook.php(287): submited_ajax_order_data('')
#4 /home/zopnow/public_html/wp-includes/class-wp-hook.php(311): WP_Hook->apply_filters('', Array)
#5 /home/zopnow/public_html/wp-includes/plugin.php(478): WP_Hook->do_action(Array)
#6 /home/zopnow/public_html/wp-admin/admin-ajax.php(190): do_action('wp_ajax_nopriv_...')
#7 {main}
  thrown in /home/zopnow/public_html/wp-content/plugins/woocommerce/includes/abstracts/abstract-wc-data.php on line 810

2021-04-13T14:55:14+00:00 CRITICAL Uncaught WC_Data_Exception: Invalid billing email address in /home/zopnow/public_html/wp-content/plugins/woocommerce/includes/abstracts/abstract-wc-data.php:810
Stack trace:
#0 /home/zopnow/public_html/wp-content/plugins/woocommerce/includes/class-wc-order.php(1121): WC_Data->error('order_invalid_b...', 'Invalid billing...')
#1 /home/zopnow/public_html/wp-content/plugins/woocommerce/includes/legacy/abstract-wc-legacy-order.php(337): WC_Order->set_billing_email('mony')
#2 /home/zopnow/public_html/wp-content/themes/zopnow/functions.php(2629): WC_Abstract_Legacy_Order->set_address(Array, 'billing')
#3 /home/zopnow/public_html/wp-includes/class-wp-hook.php(287): submited_ajax_order_data('')
#4 /home/zopnow/public_html/wp-includes/class-wp-hook.php(311): WP_Hook->apply_filters('', Array)
#5 /home/zopnow/public_html/wp-includes/plugin.php(478): WP_Hook->do_action(Array)
#6 /home/zopnow/public_html/wp-admin/admin-ajax.php(190): do_action('wp_ajax_nopriv_...')
#7 {main}
  thrown in /home/zopnow/public_html/wp-content/plugins/woocommerce/includes/abstracts/abstract-wc-data.php on line 810

2021-04-13T14:55:19+00:00 CRITICAL Uncaught WC_Data_Exception: Invalid billing email address in /home/zopnow/public_html/wp-content/plugins/woocommerce/includes/abstracts/abstract-wc-data.php:810
Stack trace:
#0 /home/zopnow/public_html/wp-content/plugins/woocommerce/includes/class-wc-order.php(1121): WC_Data->error('order_invalid_b...', 'Invalid billing...')
#1 /home/zopnow/public_html/wp-content/plugins/woocommerce/includes/legacy/abstract-wc-legacy-order.php(337): WC_Order->set_billing_email('mony')
#2 /home/zopnow/public_html/wp-content/themes/zopnow/functions.php(2629): WC_Abstract_Legacy_Order->set_address(Array, 'billing')
#3 /home/zopnow/public_html/wp-includes/class-wp-hook.php(287): submited_ajax_order_data('')
#4 /home/zopnow/public_html/wp-includes/class-wp-hook.php(311): WP_Hook->apply_filters('', Array)
#5 /home/zopnow/public_html/wp-includes/plugin.php(478): WP_Hook->do_action(Array)
#6 /home/zopnow/public_html/wp-admin/admin-ajax.php(190): do_action('wp_ajax_nopriv_...')
#7 {main}
  thrown in /home/zopnow/public_html/wp-content/plugins/woocommerce/includes/abstracts/abstract-wc-data.php on line 810

2021-04-13T14:55:26+00:00 CRITICAL Uncaught WC_Data_Exception: Invalid billing email address in /home/zopnow/public_html/wp-content/plugins/woocommerce/includes/abstracts/abstract-wc-data.php:810
Stack trace:
#0 /home/zopnow/public_html/wp-content/plugins/woocommerce/includes/class-wc-order.php(1121): WC_Data->error('order_invalid_b...', 'Invalid billing...')
#1 /home/zopnow/public_html/wp-content/plugins/woocommerce/includes/legacy/abstract-wc-legacy-order.php(337): WC_Order->set_billing_email('mony')
#2 /home/zopnow/public_html/wp-content/themes/zopnow/functions.php(2629): WC_Abstract_Legacy_Order->set_address(Array, 'billing')
#3 /home/zopnow/public_html/wp-includes/class-wp-hook.php(287): submited_ajax_order_data('')
#4 /home/zopnow/public_html/wp-includes/class-wp-hook.php(311): WP_Hook->apply_filters('', Array)
#5 /home/zopnow/public_html/wp-includes/plugin.php(478): WP_Hook->do_action(Array)
#6 /home/zopnow/public_html/wp-admin/admin-ajax.php(190): do_action('wp_ajax_nopriv_...')
#7 {main}
  thrown in /home/zopnow/public_html/wp-content/plugins/woocommerce/includes/abstracts/abstract-wc-data.php on line 810

2021-04-13T14:56:39+00:00 CRITICAL Uncaught WC_Data_Exception: Invalid billing email address in /home/zopnow/public_html/wp-content/plugins/woocommerce/includes/abstracts/abstract-wc-data.php:810
Stack trace:
#0 /home/zopnow/public_html/wp-content/plugins/woocommerce/includes/class-wc-order.php(1121): WC_Data->error('order_invalid_b...', 'Invalid billing...')
#1 /home/zopnow/public_html/wp-content/plugins/woocommerce/includes/legacy/abstract-wc-legacy-order.php(337): WC_Order->set_billing_email('mony')
#2 /home/zopnow/public_html/wp-content/themes/zopnow/functions.php(2629): WC_Abstract_Legacy_Order->set_address(Array, 'billing')
#3 /home/zopnow/public_html/wp-includes/class-wp-hook.php(287): submited_ajax_order_data('')
#4 /home/zopnow/public_html/wp-includes/class-wp-hook.php(311): WP_Hook->apply_filters('', Array)
#5 /home/zopnow/public_html/wp-includes/plugin.php(478): WP_Hook->do_action(Array)
#6 /home/zopnow/public_html/wp-admin/admin-ajax.php(190): do_action('wp_ajax_nopriv_...')
#7 {main}
  thrown in /home/zopnow/public_html/wp-content/plugins/woocommerce/includes/abstracts/abstract-wc-data.php on line 810

2021-04-13T14:56:39+00:00 CRITICAL Uncaught WC_Data_Exception: Invalid billing email address in /home/zopnow/public_html/wp-content/plugins/woocommerce/includes/abstracts/abstract-wc-data.php:810
Stack trace:
#0 /home/zopnow/public_html/wp-content/plugins/woocommerce/includes/class-wc-order.php(1121): WC_Data->error('order_invalid_b...', 'Invalid billing...')
#1 /home/zopnow/public_html/wp-content/plugins/woocommerce/includes/legacy/abstract-wc-legacy-order.php(337): WC_Order->set_billing_email('mony')
#2 /home/zopnow/public_html/wp-content/themes/zopnow/functions.php(2629): WC_Abstract_Legacy_Order->set_address(Array, 'billing')
#3 /home/zopnow/public_html/wp-includes/class-wp-hook.php(287): submited_ajax_order_data('')
#4 /home/zopnow/public_html/wp-includes/class-wp-hook.php(311): WP_Hook->apply_filters('', Array)
#5 /home/zopnow/public_html/wp-includes/plugin.php(478): WP_Hook->do_action(Array)
#6 /home/zopnow/public_html/wp-admin/admin-ajax.php(190): do_action('wp_ajax_nopriv_...')
#7 {main}
  thrown in /home/zopnow/public_html/wp-content/plugins/woocommerce/includes/abstracts/abstract-wc-data.php on line 810

2021-04-13T16:38:13+00:00 CRITICAL Uncaught WC_Data_Exception: Invalid billing email address in /home/zopnow/public_html/wp-content/plugins/woocommerce/includes/abstracts/abstract-wc-data.php:810
Stack trace:
#0 /home/zopnow/public_html/wp-content/plugins/woocommerce/includes/class-wc-order.php(1121): WC_Data->error('order_invalid_b...', 'Invalid billing...')
#1 /home/zopnow/public_html/wp-content/plugins/woocommerce/includes/legacy/abstract-wc-legacy-order.php(337): WC_Order->set_billing_email('loveisfraud420@...')
#2 /home/zopnow/public_html/wp-content/themes/zopnow/functions.php(2629): WC_Abstract_Legacy_Order->set_address(Array, 'billing')
#3 /home/zopnow/public_html/wp-includes/class-wp-hook.php(287): submited_ajax_order_data('')
#4 /home/zopnow/public_html/wp-includes/class-wp-hook.php(311): WP_Hook->apply_filters('', Array)
#5 /home/zopnow/public_html/wp-includes/plugin.php(478): WP_Hook->do_action(Array)
#6 /home/zopnow/public_html/wp-admin/admin-ajax.php(190): do_action('wp_ajax_nopriv_...')
#7 {main}
  thrown in /home/zopnow/public_html/wp-content/plugins/woocommerce/includes/abstracts/abstract-wc-data.php on line 810

